Files already downloaded and verified
Files already downloaded and verified
Files already downloaded and verified
(3, 32, 32)
10
Train Epoch: 1 [0/49000 (0%)]	Train Loss: 2.384248	Val Loss: 2.350494	Val Acc: 9.375
Train Epoch: 1 [1280/49000 (3%)]	Train Loss: 2.345631	Val Loss: 2.331729	Val Acc: 11.40625
Train Epoch: 1 [2560/49000 (5%)]	Train Loss: 2.357807	Val Loss: 2.306565	Val Acc: 13.90625
Train Epoch: 1 [3840/49000 (8%)]	Train Loss: 2.273558	Val Loss: 2.287590	Val Acc: 16.25
Train Epoch: 1 [5120/49000 (10%)]	Train Loss: 2.278704	Val Loss: 2.267884	Val Acc: 17.65625
Train Epoch: 1 [6400/49000 (13%)]	Train Loss: 2.327490	Val Loss: 2.231583	Val Acc: 21.875
Train Epoch: 1 [7680/49000 (16%)]	Train Loss: 2.243096	Val Loss: 2.236913	Val Acc: 21.09375
Train Epoch: 1 [8960/49000 (18%)]	Train Loss: 2.229413	Val Loss: 2.211543	Val Acc: 24.21875
Train Epoch: 1 [10240/49000 (21%)]	Train Loss: 2.190080	Val Loss: 2.201655	Val Acc: 23.90625
Train Epoch: 1 [11520/49000 (23%)]	Train Loss: 2.203696	Val Loss: 2.205623	Val Acc: 24.53125
Train Epoch: 1 [12800/49000 (26%)]	Train Loss: 2.193215	Val Loss: 2.166517	Val Acc: 28.59375
Train Epoch: 1 [14080/49000 (29%)]	Train Loss: 2.184424	Val Loss: 2.168433	Val Acc: 28.125
Train Epoch: 1 [15360/49000 (31%)]	Train Loss: 2.196372	Val Loss: 2.153193	Val Acc: 30.46875
Train Epoch: 1 [16640/49000 (34%)]	Train Loss: 2.150310	Val Loss: 2.161512	Val Acc: 29.375
Train Epoch: 1 [17920/49000 (37%)]	Train Loss: 2.135849	Val Loss: 2.161052	Val Acc: 29.0625
Train Epoch: 1 [19200/49000 (39%)]	Train Loss: 2.098575	Val Loss: 2.158357	Val Acc: 28.4375
Train Epoch: 1 [20480/49000 (42%)]	Train Loss: 2.140948	Val Loss: 2.138625	Val Acc: 31.09375
Train Epoch: 1 [21760/49000 (44%)]	Train Loss: 2.157003	Val Loss: 2.149290	Val Acc: 30.46875
Train Epoch: 1 [23040/49000 (47%)]	Train Loss: 2.153324	Val Loss: 2.141179	Val Acc: 30.15625
Train Epoch: 1 [24320/49000 (50%)]	Train Loss: 2.210685	Val Loss: 2.123507	Val Acc: 32.96875
Train Epoch: 1 [25600/49000 (52%)]	Train Loss: 2.084201	Val Loss: 2.126194	Val Acc: 31.71875
Train Epoch: 1 [26880/49000 (55%)]	Train Loss: 2.133365	Val Loss: 2.124862	Val Acc: 32.1875
Train Epoch: 1 [28160/49000 (57%)]	Train Loss: 2.200649	Val Loss: 2.144364	Val Acc: 30.625
Train Epoch: 1 [29440/49000 (60%)]	Train Loss: 2.150513	Val Loss: 2.130066	Val Acc: 31.40625
Train Epoch: 1 [30720/49000 (63%)]	Train Loss: 2.123878	Val Loss: 2.120744	Val Acc: 33.28125
Train Epoch: 1 [32000/49000 (65%)]	Train Loss: 2.131629	Val Loss: 2.108261	Val Acc: 34.0625
Train Epoch: 1 [33280/49000 (68%)]	Train Loss: 2.127717	Val Loss: 2.115378	Val Acc: 33.28125
Train Epoch: 1 [34560/49000 (70%)]	Train Loss: 2.127421	Val Loss: 2.130009	Val Acc: 32.96875
Train Epoch: 1 [35840/49000 (73%)]	Train Loss: 2.169114	Val Loss: 2.111229	Val Acc: 34.0625
Train Epoch: 1 [37120/49000 (76%)]	Train Loss: 2.087308	Val Loss: 2.105381	Val Acc: 34.6875
Train Epoch: 1 [38400/49000 (78%)]	Train Loss: 2.171596	Val Loss: 2.117606	Val Acc: 33.4375
Train Epoch: 1 [39680/49000 (81%)]	Train Loss: 2.052523	Val Loss: 2.107624	Val Acc: 35.15625
Train Epoch: 1 [40960/49000 (84%)]	Train Loss: 2.143119	Val Loss: 2.101821	Val Acc: 34.6875
Train Epoch: 1 [42240/49000 (86%)]	Train Loss: 2.138176	Val Loss: 2.118895	Val Acc: 32.8125
Train Epoch: 1 [43520/49000 (89%)]	Train Loss: 2.118066	Val Loss: 2.112983	Val Acc: 32.8125
Train Epoch: 1 [44800/49000 (91%)]	Train Loss: 2.130485	Val Loss: 2.113527	Val Acc: 33.75
Train Epoch: 1 [46080/49000 (94%)]	Train Loss: 2.151568	Val Loss: 2.124344	Val Acc: 32.65625
Train Epoch: 1 [47360/49000 (97%)]	Train Loss: 2.074292	Val Loss: 2.084858	Val Acc: 37.1875
Train Epoch: 1 [48640/49000 (99%)]	Train Loss: 2.016240	Val Loss: 2.123077	Val Acc: 32.65625
Train Epoch: 2 [0/49000 (0%)]	Train Loss: 2.158496	Val Loss: 2.110619	Val Acc: 34.0625
Train Epoch: 2 [1280/49000 (3%)]	Train Loss: 2.081663	Val Loss: 2.114933	Val Acc: 33.75
Train Epoch: 2 [2560/49000 (5%)]	Train Loss: 2.065023	Val Loss: 2.115034	Val Acc: 33.59375
Train Epoch: 2 [3840/49000 (8%)]	Train Loss: 2.097811	Val Loss: 2.101792	Val Acc: 35.9375
Train Epoch: 2 [5120/49000 (10%)]	Train Loss: 2.133378	Val Loss: 2.109099	Val Acc: 34.53125
Train Epoch: 2 [6400/49000 (13%)]	Train Loss: 2.037005	Val Loss: 2.101617	Val Acc: 34.84375
Train Epoch: 2 [7680/49000 (16%)]	Train Loss: 2.061316	Val Loss: 2.098183	Val Acc: 35.46875
Train Epoch: 2 [8960/49000 (18%)]	Train Loss: 2.089151	Val Loss: 2.084835	Val Acc: 37.34375
Train Epoch: 2 [10240/49000 (21%)]	Train Loss: 2.169830	Val Loss: 2.107729	Val Acc: 34.6875
Train Epoch: 2 [11520/49000 (23%)]	Train Loss: 2.118305	Val Loss: 2.093395	Val Acc: 35.625
Train Epoch: 2 [12800/49000 (26%)]	Train Loss: 2.084065	Val Loss: 2.111765	Val Acc: 33.90625
Train Epoch: 2 [14080/49000 (29%)]	Train Loss: 2.077289	Val Loss: 2.066628	Val Acc: 38.59375
Train Epoch: 2 [15360/49000 (31%)]	Train Loss: 2.084025	Val Loss: 2.096704	Val Acc: 35.3125
Train Epoch: 2 [16640/49000 (34%)]	Train Loss: 2.096119	Val Loss: 2.105054	Val Acc: 34.21875
Train Epoch: 2 [17920/49000 (37%)]	Train Loss: 2.065521	Val Loss: 2.087423	Val Acc: 36.25
Train Epoch: 2 [19200/49000 (39%)]	Train Loss: 2.072627	Val Loss: 2.091740	Val Acc: 36.25
Train Epoch: 2 [20480/49000 (42%)]	Train Loss: 2.049816	Val Loss: 2.091892	Val Acc: 36.40625
Train Epoch: 2 [21760/49000 (44%)]	Train Loss: 2.105904	Val Loss: 2.087296	Val Acc: 37.03125
Train Epoch: 2 [23040/49000 (47%)]	Train Loss: 2.076138	Val Loss: 2.083355	Val Acc: 37.5
Train Epoch: 2 [24320/49000 (50%)]	Train Loss: 2.095265	Val Loss: 2.102959	Val Acc: 35.78125
Train Epoch: 2 [25600/49000 (52%)]	Train Loss: 2.150032	Val Loss: 2.101710	Val Acc: 35.3125
Train Epoch: 2 [26880/49000 (55%)]	Train Loss: 2.071944	Val Loss: 2.071781	Val Acc: 38.59375
Train Epoch: 2 [28160/49000 (57%)]	Train Loss: 2.032286	Val Loss: 2.089465	Val Acc: 36.25
Train Epoch: 2 [29440/49000 (60%)]	Train Loss: 2.147998	Val Loss: 2.091542	Val Acc: 36.5625
Train Epoch: 2 [30720/49000 (63%)]	Train Loss: 2.044519	Val Loss: 2.093033	Val Acc: 36.25
Train Epoch: 2 [32000/49000 (65%)]	Train Loss: 2.060992	Val Loss: 2.073396	Val Acc: 38.28125
Train Epoch: 2 [33280/49000 (68%)]	Train Loss: 2.042372	Val Loss: 2.087051	Val Acc: 36.25
Train Epoch: 2 [34560/49000 (70%)]	Train Loss: 2.112165	Val Loss: 2.085820	Val Acc: 37.5
Train Epoch: 2 [35840/49000 (73%)]	Train Loss: 2.030464	Val Loss: 2.108998	Val Acc: 35.0
Train Epoch: 2 [37120/49000 (76%)]	Train Loss: 2.031138	Val Loss: 2.082965	Val Acc: 37.03125
Train Epoch: 2 [38400/49000 (78%)]	Train Loss: 2.123654	Val Loss: 2.078304	Val Acc: 37.65625
Train Epoch: 2 [39680/49000 (81%)]	Train Loss: 2.024892	Val Loss: 2.069661	Val Acc: 37.65625
Train Epoch: 2 [40960/49000 (84%)]	Train Loss: 2.047161	Val Loss: 2.077568	Val Acc: 37.8125
Train Epoch: 2 [42240/49000 (86%)]	Train Loss: 2.139152	Val Loss: 2.091672	Val Acc: 36.40625
Train Epoch: 2 [43520/49000 (89%)]	Train Loss: 2.092446	Val Loss: 2.096205	Val Acc: 35.15625
Train Epoch: 2 [44800/49000 (91%)]	Train Loss: 2.039691	Val Loss: 2.117832	Val Acc: 32.96875
Train Epoch: 2 [46080/49000 (94%)]	Train Loss: 2.074030	Val Loss: 2.098593	Val Acc: 35.46875
Train Epoch: 2 [47360/49000 (97%)]	Train Loss: 2.090165	Val Loss: 2.073776	Val Acc: 37.8125
Train Epoch: 2 [48640/49000 (99%)]	Train Loss: 2.106028	Val Loss: 2.065947	Val Acc: 38.75
Train Epoch: 3 [0/49000 (0%)]	Train Loss: 2.060834	Val Loss: 2.099047	Val Acc: 34.0625
Train Epoch: 3 [1280/49000 (3%)]	Train Loss: 2.072821	Val Loss: 2.085320	Val Acc: 35.9375
Train Epoch: 3 [2560/49000 (5%)]	Train Loss: 2.068519	Val Loss: 2.088406	Val Acc: 36.5625
Train Epoch: 3 [3840/49000 (8%)]	Train Loss: 1.985332	Val Loss: 2.089881	Val Acc: 36.25
Train Epoch: 3 [5120/49000 (10%)]	Train Loss: 2.187861	Val Loss: 2.079235	Val Acc: 37.03125
Train Epoch: 3 [6400/49000 (13%)]	Train Loss: 2.025958	Val Loss: 2.100677	Val Acc: 35.625
Train Epoch: 3 [7680/49000 (16%)]	Train Loss: 2.050886	Val Loss: 2.088624	Val Acc: 35.78125
Train Epoch: 3 [8960/49000 (18%)]	Train Loss: 2.106189	Val Loss: 2.060369	Val Acc: 40.15625
Train Epoch: 3 [10240/49000 (21%)]	Train Loss: 2.087249	Val Loss: 2.062548	Val Acc: 40.0
Train Epoch: 3 [11520/49000 (23%)]	Train Loss: 2.079329	Val Loss: 2.076823	Val Acc: 37.65625
Train Epoch: 3 [12800/49000 (26%)]	Train Loss: 2.022761	Val Loss: 2.065712	Val Acc: 39.6875
Train Epoch: 3 [14080/49000 (29%)]	Train Loss: 2.117889	Val Loss: 2.093487	Val Acc: 36.40625
Train Epoch: 3 [15360/49000 (31%)]	Train Loss: 2.090161	Val Loss: 2.079048	Val Acc: 37.1875
Train Epoch: 3 [16640/49000 (34%)]	Train Loss: 2.034004	Val Loss: 2.070020	Val Acc: 38.4375
Train Epoch: 3 [17920/49000 (37%)]	Train Loss: 2.032629	Val Loss: 2.072882	Val Acc: 38.28125
Train Epoch: 3 [19200/49000 (39%)]	Train Loss: 2.075072	Val Loss: 2.076371	Val Acc: 38.28125
Train Epoch: 3 [20480/49000 (42%)]	Train Loss: 2.023429	Val Loss: 2.076464	Val Acc: 37.96875
Train Epoch: 3 [21760/49000 (44%)]	Train Loss: 2.066271	Val Loss: 2.060221	Val Acc: 39.6875
Train Epoch: 3 [23040/49000 (47%)]	Train Loss: 2.053911	Val Loss: 2.067546	Val Acc: 38.75
Train Epoch: 3 [24320/49000 (50%)]	Train Loss: 2.138249	Val Loss: 2.084241	Val Acc: 36.71875
Train Epoch: 3 [25600/49000 (52%)]	Train Loss: 2.032356	Val Loss: 2.072763	Val Acc: 37.03125
Train Epoch: 3 [26880/49000 (55%)]	Train Loss: 2.059678	Val Loss: 2.091615	Val Acc: 35.3125
Train Epoch: 3 [28160/49000 (57%)]	Train Loss: 2.009418	Val Loss: 2.080473	Val Acc: 37.03125
Train Epoch: 3 [29440/49000 (60%)]	Train Loss: 2.126677	Val Loss: 2.093400	Val Acc: 35.15625
Train Epoch: 3 [30720/49000 (63%)]	Train Loss: 2.089064	Val Loss: 2.087106	Val Acc: 36.25
Train Epoch: 3 [32000/49000 (65%)]	Train Loss: 2.062173	Val Loss: 2.063952	Val Acc: 39.21875
Train Epoch: 3 [33280/49000 (68%)]	Train Loss: 2.087523	Val Loss: 2.080450	Val Acc: 36.875
Train Epoch: 3 [34560/49000 (70%)]	Train Loss: 2.103723	Val Loss: 2.081377	Val Acc: 37.03125
Train Epoch: 3 [35840/49000 (73%)]	Train Loss: 2.041230	Val Loss: 2.106845	Val Acc: 34.21875
Train Epoch: 3 [37120/49000 (76%)]	Train Loss: 2.103788	Val Loss: 2.083098	Val Acc: 36.25
Train Epoch: 3 [38400/49000 (78%)]	Train Loss: 2.056047	Val Loss: 2.074831	Val Acc: 38.28125
Train Epoch: 3 [39680/49000 (81%)]	Train Loss: 2.126839	Val Loss: 2.056449	Val Acc: 40.46875
Train Epoch: 3 [40960/49000 (84%)]	Train Loss: 2.081472	Val Loss: 2.054776	Val Acc: 40.0
Train Epoch: 3 [42240/49000 (86%)]	Train Loss: 2.040798	Val Loss: 2.070267	Val Acc: 38.28125
Train Epoch: 3 [43520/49000 (89%)]	Train Loss: 2.076735	Val Loss: 2.070061	Val Acc: 38.75
Train Epoch: 3 [44800/49000 (91%)]	Train Loss: 2.142585	Val Loss: 2.046926	Val Acc: 41.40625
Train Epoch: 3 [46080/49000 (94%)]	Train Loss: 2.122479	Val Loss: 2.059820	Val Acc: 39.84375
Train Epoch: 3 [47360/49000 (97%)]	Train Loss: 2.073566	Val Loss: 2.073799	Val Acc: 38.28125
Train Epoch: 3 [48640/49000 (99%)]	Train Loss: 2.070620	Val Loss: 2.047945	Val Acc: 40.78125
Train Epoch: 4 [0/49000 (0%)]	Train Loss: 2.062688	Val Loss: 2.061433	Val Acc: 39.21875
Train Epoch: 4 [1280/49000 (3%)]	Train Loss: 2.019824	Val Loss: 2.063787	Val Acc: 38.90625
Train Epoch: 4 [2560/49000 (5%)]	Train Loss: 2.008354	Val Loss: 2.071555	Val Acc: 38.4375
Train Epoch: 4 [3840/49000 (8%)]	Train Loss: 2.044750	Val Loss: 2.071029	Val Acc: 37.96875
Train Epoch: 4 [5120/49000 (10%)]	Train Loss: 2.073574	Val Loss: 2.077808	Val Acc: 37.5
Train Epoch: 4 [6400/49000 (13%)]	Train Loss: 2.013306	Val Loss: 2.056533	Val Acc: 39.84375
Train Epoch: 4 [7680/49000 (16%)]	Train Loss: 2.103217	Val Loss: 2.055183	Val Acc: 40.15625
Train Epoch: 4 [8960/49000 (18%)]	Train Loss: 2.041080	Val Loss: 2.068080	Val Acc: 38.75
Train Epoch: 4 [10240/49000 (21%)]	Train Loss: 2.032254	Val Loss: 2.048669	Val Acc: 40.9375
Train Epoch: 4 [11520/49000 (23%)]	Train Loss: 2.023246	Val Loss: 2.060181	Val Acc: 40.3125
Train Epoch: 4 [12800/49000 (26%)]	Train Loss: 2.060296	Val Loss: 2.068356	Val Acc: 38.59375
Train Epoch: 4 [14080/49000 (29%)]	Train Loss: 2.062241	Val Loss: 2.044852	Val Acc: 41.09375
Train Epoch: 4 [15360/49000 (31%)]	Train Loss: 2.101933	Val Loss: 2.064725	Val Acc: 38.90625
Train Epoch: 4 [16640/49000 (34%)]	Train Loss: 2.057593	Val Loss: 2.055142	Val Acc: 40.625
Train Epoch: 4 [17920/49000 (37%)]	Train Loss: 2.106614	Val Loss: 2.066351	Val Acc: 39.0625
Train Epoch: 4 [19200/49000 (39%)]	Train Loss: 2.124767	Val Loss: 2.046139	Val Acc: 41.25
Train Epoch: 4 [20480/49000 (42%)]	Train Loss: 2.108022	Val Loss: 2.063333	Val Acc: 38.75
Train Epoch: 4 [21760/49000 (44%)]	Train Loss: 2.057644	Val Loss: 2.053025	Val Acc: 41.09375
Train Epoch: 4 [23040/49000 (47%)]	Train Loss: 2.095886	Val Loss: 2.069077	Val Acc: 38.4375
Train Epoch: 4 [24320/49000 (50%)]	Train Loss: 2.046167	Val Loss: 2.063897	Val Acc: 39.21875
Train Epoch: 4 [25600/49000 (52%)]	Train Loss: 2.066704	Val Loss: 2.053681	Val Acc: 40.9375
Train Epoch: 4 [26880/49000 (55%)]	Train Loss: 2.111351	Val Loss: 2.080911	Val Acc: 37.5
Train Epoch: 4 [28160/49000 (57%)]	Train Loss: 2.058670	Val Loss: 2.062768	Val Acc: 39.84375
Train Epoch: 4 [29440/49000 (60%)]	Train Loss: 2.025657	Val Loss: 2.062279	Val Acc: 39.84375
Train Epoch: 4 [30720/49000 (63%)]	Train Loss: 2.051106	Val Loss: 2.069329	Val Acc: 38.90625
Train Epoch: 4 [32000/49000 (65%)]	Train Loss: 2.066334	Val Loss: 2.066096	Val Acc: 39.375
Train Epoch: 4 [33280/49000 (68%)]	Train Loss: 2.112891	Val Loss: 2.079920	Val Acc: 36.875
Train Epoch: 4 [34560/49000 (70%)]	Train Loss: 2.025174	Val Loss: 2.071448	Val Acc: 38.75
Train Epoch: 4 [35840/49000 (73%)]	Train Loss: 2.041698	Val Loss: 2.054790	Val Acc: 40.15625
Train Epoch: 4 [37120/49000 (76%)]	Train Loss: 1.995322	Val Loss: 2.058254	Val Acc: 40.46875
Train Epoch: 4 [38400/49000 (78%)]	Train Loss: 2.046488	Val Loss: 2.055520	Val Acc: 40.46875
Train Epoch: 4 [39680/49000 (81%)]	Train Loss: 2.039960	Val Loss: 2.054467	Val Acc: 40.3125
Train Epoch: 4 [40960/49000 (84%)]	Train Loss: 2.095109	Val Loss: 2.069012	Val Acc: 38.59375
Train Epoch: 4 [42240/49000 (86%)]	Train Loss: 2.073905	Val Loss: 2.066202	Val Acc: 39.53125
Train Epoch: 4 [43520/49000 (89%)]	Train Loss: 2.093211	Val Loss: 2.064800	Val Acc: 39.375
Train Epoch: 4 [44800/49000 (91%)]	Train Loss: 2.007372	Val Loss: 2.075828	Val Acc: 37.5
Train Epoch: 4 [46080/49000 (94%)]	Train Loss: 1.997573	Val Loss: 2.083695	Val Acc: 36.875
Train Epoch: 4 [47360/49000 (97%)]	Train Loss: 2.092348	Val Loss: 2.071875	Val Acc: 37.8125
Train Epoch: 4 [48640/49000 (99%)]	Train Loss: 2.078943	Val Loss: 2.082842	Val Acc: 36.875
Train Epoch: 5 [0/49000 (0%)]	Train Loss: 2.086837	Val Loss: 2.065612	Val Acc: 38.59375
Train Epoch: 5 [1280/49000 (3%)]	Train Loss: 2.117751	Val Loss: 2.064805	Val Acc: 39.21875
Train Epoch: 5 [2560/49000 (5%)]	Train Loss: 2.050242	Val Loss: 2.069602	Val Acc: 39.21875
Train Epoch: 5 [3840/49000 (8%)]	Train Loss: 2.049721	Val Loss: 2.054603	Val Acc: 40.78125
Train Epoch: 5 [5120/49000 (10%)]	Train Loss: 2.116641	Val Loss: 2.067970	Val Acc: 39.21875
Train Epoch: 5 [6400/49000 (13%)]	Train Loss: 2.089867	Val Loss: 2.067208	Val Acc: 38.75
Train Epoch: 5 [7680/49000 (16%)]	Train Loss: 2.030079	Val Loss: 2.057283	Val Acc: 39.53125
Train Epoch: 5 [8960/49000 (18%)]	Train Loss: 2.060536	Val Loss: 2.060097	Val Acc: 38.75
Train Epoch: 5 [10240/49000 (21%)]	Train Loss: 2.020555	Val Loss: 2.078136	Val Acc: 37.8125
Train Epoch: 5 [11520/49000 (23%)]	Train Loss: 2.036422	Val Loss: 2.034063	Val Acc: 42.34375
Train Epoch: 5 [12800/49000 (26%)]	Train Loss: 2.093383	Val Loss: 2.060314	Val Acc: 38.75
Train Epoch: 5 [14080/49000 (29%)]	Train Loss: 2.057966	Val Loss: 2.045253	Val Acc: 40.9375
Train Epoch: 5 [15360/49000 (31%)]	Train Loss: 2.035943	Val Loss: 2.064985	Val Acc: 38.90625
Train Epoch: 5 [16640/49000 (34%)]	Train Loss: 2.058002	Val Loss: 2.074191	Val Acc: 38.28125
Train Epoch: 5 [17920/49000 (37%)]	Train Loss: 2.038517	Val Loss: 2.056888	Val Acc: 39.375
Train Epoch: 5 [19200/49000 (39%)]	Train Loss: 2.081580	Val Loss: 2.069135	Val Acc: 38.4375
Train Epoch: 5 [20480/49000 (42%)]	Train Loss: 2.100550	Val Loss: 2.047898	Val Acc: 40.3125
Train Epoch: 5 [21760/49000 (44%)]	Train Loss: 2.047011	Val Loss: 2.087628	Val Acc: 35.9375
Train Epoch: 5 [23040/49000 (47%)]	Train Loss: 2.055128	Val Loss: 2.073702	Val Acc: 38.125
Train Epoch: 5 [24320/49000 (50%)]	Train Loss: 1.982928	Val Loss: 2.075437	Val Acc: 37.1875
Train Epoch: 5 [25600/49000 (52%)]	Train Loss: 2.083388	Val Loss: 2.045264	Val Acc: 40.9375
Train Epoch: 5 [26880/49000 (55%)]	Train Loss: 2.070629	Val Loss: 2.080119	Val Acc: 37.34375
Train Epoch: 5 [28160/49000 (57%)]	Train Loss: 2.016998	Val Loss: 2.077474	Val Acc: 37.8125
Train Epoch: 5 [29440/49000 (60%)]	Train Loss: 2.137895	Val Loss: 2.063096	Val Acc: 38.90625
Train Epoch: 5 [30720/49000 (63%)]	Train Loss: 2.075322	Val Loss: 2.066943	Val Acc: 39.53125
Train Epoch: 5 [32000/49000 (65%)]	Train Loss: 2.010353	Val Loss: 2.056495	Val Acc: 40.0
Train Epoch: 5 [33280/49000 (68%)]	Train Loss: 2.097982	Val Loss: 2.062585	Val Acc: 38.59375
Train Epoch: 5 [34560/49000 (70%)]	Train Loss: 2.054233	Val Loss: 2.061726	Val Acc: 39.53125
Train Epoch: 5 [35840/49000 (73%)]	Train Loss: 2.073364	Val Loss: 2.073394	Val Acc: 37.8125
Train Epoch: 5 [37120/49000 (76%)]	Train Loss: 2.060484	Val Loss: 2.060628	Val Acc: 39.0625
Train Epoch: 5 [38400/49000 (78%)]	Train Loss: 2.111691	Val Loss: 2.068584	Val Acc: 38.59375
Train Epoch: 5 [39680/49000 (81%)]	Train Loss: 2.105478	Val Loss: 2.080107	Val Acc: 37.65625
Train Epoch: 5 [40960/49000 (84%)]	Train Loss: 2.050208	Val Loss: 2.079150	Val Acc: 37.1875
Train Epoch: 5 [42240/49000 (86%)]	Train Loss: 1.991090	Val Loss: 2.075464	Val Acc: 37.96875
Train Epoch: 5 [43520/49000 (89%)]	Train Loss: 2.038049	Val Loss: 2.087758	Val Acc: 36.71875
Train Epoch: 5 [44800/49000 (91%)]	Train Loss: 2.035576	Val Loss: 2.058950	Val Acc: 39.375
Train Epoch: 5 [46080/49000 (94%)]	Train Loss: 2.068279	Val Loss: 2.053722	Val Acc: 40.3125
Train Epoch: 5 [47360/49000 (97%)]	Train Loss: 2.068794	Val Loss: 2.065535	Val Acc: 39.53125
Train Epoch: 5 [48640/49000 (99%)]	Train Loss: 2.068268	Val Loss: 2.055108	Val Acc: 39.84375
Train Epoch: 6 [0/49000 (0%)]	Train Loss: 2.041597	Val Loss: 2.058969	Val Acc: 39.53125
Train Epoch: 6 [1280/49000 (3%)]	Train Loss: 2.092600	Val Loss: 2.056009	Val Acc: 39.84375
Train Epoch: 6 [2560/49000 (5%)]	Train Loss: 2.034853	Val Loss: 2.052794	Val Acc: 41.40625
Train Epoch: 6 [3840/49000 (8%)]	Train Loss: 2.057717	Val Loss: 2.060074	Val Acc: 40.15625
Train Epoch: 6 [5120/49000 (10%)]	Train Loss: 2.014104	Val Loss: 2.037777	Val Acc: 41.875
Train Epoch: 6 [6400/49000 (13%)]	Train Loss: 2.038473	Val Loss: 2.073358	Val Acc: 38.59375
Train Epoch: 6 [7680/49000 (16%)]	Train Loss: 2.040464	Val Loss: 2.062859	Val Acc: 39.0625
Train Epoch: 6 [8960/49000 (18%)]	Train Loss: 2.014133	Val Loss: 2.049858	Val Acc: 40.46875
Train Epoch: 6 [10240/49000 (21%)]	Train Loss: 2.044008	Val Loss: 2.056607	Val Acc: 40.15625
Train Epoch: 6 [11520/49000 (23%)]	Train Loss: 2.095535	Val Loss: 2.044817	Val Acc: 41.5625
Train Epoch: 6 [12800/49000 (26%)]	Train Loss: 2.052121	Val Loss: 2.070217	Val Acc: 38.59375
Train Epoch: 6 [14080/49000 (29%)]	Train Loss: 2.069673	Val Loss: 2.073406	Val Acc: 37.65625
Train Epoch: 6 [15360/49000 (31%)]	Train Loss: 2.021185	Val Loss: 2.066833	Val Acc: 38.59375
Train Epoch: 6 [16640/49000 (34%)]	Train Loss: 2.055868	Val Loss: 2.055190	Val Acc: 40.3125
Train Epoch: 6 [17920/49000 (37%)]	Train Loss: 2.020812	Val Loss: 2.045145	Val Acc: 41.40625
Train Epoch: 6 [19200/49000 (39%)]	Train Loss: 2.038836	Val Loss: 2.065024	Val Acc: 39.0625
Train Epoch: 6 [20480/49000 (42%)]	Train Loss: 2.021519	Val Loss: 2.052674	Val Acc: 40.625
Train Epoch: 6 [21760/49000 (44%)]	Train Loss: 2.067068	Val Loss: 2.080311	Val Acc: 37.65625
Train Epoch: 6 [23040/49000 (47%)]	Train Loss: 2.081285	Val Loss: 2.048828	Val Acc: 41.71875
Train Epoch: 6 [24320/49000 (50%)]	Train Loss: 2.053665	Val Loss: 2.041869	Val Acc: 42.03125
Train Epoch: 6 [25600/49000 (52%)]	Train Loss: 2.046592	Val Loss: 2.052198	Val Acc: 40.3125
Train Epoch: 6 [26880/49000 (55%)]	Train Loss: 2.043938	Val Loss: 2.051708	Val Acc: 40.46875
Train Epoch: 6 [28160/49000 (57%)]	Train Loss: 2.055825	Val Loss: 2.054885	Val Acc: 40.78125
Train Epoch: 6 [29440/49000 (60%)]	Train Loss: 2.095278	Val Loss: 2.073445	Val Acc: 37.65625
Train Epoch: 6 [30720/49000 (63%)]	Train Loss: 2.028019	Val Loss: 2.066997	Val Acc: 38.125
Train Epoch: 6 [32000/49000 (65%)]	Train Loss: 2.035224	Val Loss: 2.069781	Val Acc: 38.4375
Train Epoch: 6 [33280/49000 (68%)]	Train Loss: 1.974195	Val Loss: 2.053983	Val Acc: 39.6875
Train Epoch: 6 [34560/49000 (70%)]	Train Loss: 2.111149	Val Loss: 2.065073	Val Acc: 38.90625
Train Epoch: 6 [35840/49000 (73%)]	Train Loss: 2.052171	Val Loss: 2.051543	Val Acc: 39.84375
Train Epoch: 6 [37120/49000 (76%)]	Train Loss: 2.127567	Val Loss: 2.048332	Val Acc: 40.78125
Train Epoch: 6 [38400/49000 (78%)]	Train Loss: 2.031356	Val Loss: 2.049793	Val Acc: 40.9375
Train Epoch: 6 [39680/49000 (81%)]	Train Loss: 2.085099	Val Loss: 2.055078	Val Acc: 39.53125
Train Epoch: 6 [40960/49000 (84%)]	Train Loss: 2.038106	Val Loss: 2.046869	Val Acc: 40.9375
Train Epoch: 6 [42240/49000 (86%)]	Train Loss: 1.938681	Val Loss: 2.069976	Val Acc: 38.4375
Train Epoch: 6 [43520/49000 (89%)]	Train Loss: 2.001266	Val Loss: 2.050990	Val Acc: 39.84375
Train Epoch: 6 [44800/49000 (91%)]	Train Loss: 2.031586	Val Loss: 2.051939	Val Acc: 40.625
Train Epoch: 6 [46080/49000 (94%)]	Train Loss: 2.036338	Val Loss: 2.056477	Val Acc: 40.0
Train Epoch: 6 [47360/49000 (97%)]	Train Loss: 1.959468	Val Loss: 2.057701	Val Acc: 40.625
Train Epoch: 6 [48640/49000 (99%)]	Train Loss: 2.053943	Val Loss: 2.049511	Val Acc: 40.9375
Train Epoch: 7 [0/49000 (0%)]	Train Loss: 2.075357	Val Loss: 2.080369	Val Acc: 38.125
Train Epoch: 7 [1280/49000 (3%)]	Train Loss: 2.003590	Val Loss: 2.055772	Val Acc: 40.0
Train Epoch: 7 [2560/49000 (5%)]	Train Loss: 2.064698	Val Loss: 2.053577	Val Acc: 40.46875
Train Epoch: 7 [3840/49000 (8%)]	Train Loss: 2.028857	Val Loss: 2.048568	Val Acc: 40.78125
Train Epoch: 7 [5120/49000 (10%)]	Train Loss: 2.040241	Val Loss: 2.055975	Val Acc: 39.84375
Train Epoch: 7 [6400/49000 (13%)]	Train Loss: 2.047597	Val Loss: 2.051773	Val Acc: 40.0
Train Epoch: 7 [7680/49000 (16%)]	Train Loss: 2.058156	Val Loss: 2.067452	Val Acc: 37.96875
Train Epoch: 7 [8960/49000 (18%)]	Train Loss: 2.004637	Val Loss: 2.056019	Val Acc: 40.78125
Train Epoch: 7 [10240/49000 (21%)]	Train Loss: 1.983354	Val Loss: 2.044345	Val Acc: 41.40625
Train Epoch: 7 [11520/49000 (23%)]	Train Loss: 2.052669	Val Loss: 2.055082	Val Acc: 40.625
Train Epoch: 7 [12800/49000 (26%)]	Train Loss: 2.002979	Val Loss: 2.039095	Val Acc: 42.65625
Train Epoch: 7 [14080/49000 (29%)]	Train Loss: 1.968594	Val Loss: 2.039460	Val Acc: 41.71875
Train Epoch: 7 [15360/49000 (31%)]	Train Loss: 1.970683	Val Loss: 2.050151	Val Acc: 40.78125
Train Epoch: 7 [16640/49000 (34%)]	Train Loss: 2.026117	Val Loss: 2.048182	Val Acc: 40.46875
Train Epoch: 7 [17920/49000 (37%)]	Train Loss: 2.070353	Val Loss: 2.053605	Val Acc: 40.46875
Train Epoch: 7 [19200/49000 (39%)]	Train Loss: 2.045578	Val Loss: 2.042795	Val Acc: 41.71875
Train Epoch: 7 [20480/49000 (42%)]	Train Loss: 2.139375	Val Loss: 2.022446	Val Acc: 44.21875
Train Epoch: 7 [21760/49000 (44%)]	Train Loss: 2.065139	Val Loss: 2.057207	Val Acc: 40.15625
Train Epoch: 7 [23040/49000 (47%)]	Train Loss: 2.037500	Val Loss: 2.057222	Val Acc: 39.84375
Train Epoch: 7 [24320/49000 (50%)]	Train Loss: 1.996566	Val Loss: 2.042308	Val Acc: 40.625
Train Epoch: 7 [25600/49000 (52%)]	Train Loss: 2.045162	Val Loss: 2.055901	Val Acc: 39.53125
Train Epoch: 7 [26880/49000 (55%)]	Train Loss: 2.021537	Val Loss: 2.028974	Val Acc: 42.03125
Train Epoch: 7 [28160/49000 (57%)]	Train Loss: 2.026521	Val Loss: 2.051641	Val Acc: 39.84375
Train Epoch: 7 [29440/49000 (60%)]	Train Loss: 2.025778	Val Loss: 2.055275	Val Acc: 40.15625
Train Epoch: 7 [30720/49000 (63%)]	Train Loss: 2.094815	Val Loss: 2.052058	Val Acc: 40.15625
Train Epoch: 7 [32000/49000 (65%)]	Train Loss: 1.998624	Val Loss: 2.047199	Val Acc: 40.15625
Train Epoch: 7 [33280/49000 (68%)]	Train Loss: 2.029472	Val Loss: 2.038610	Val Acc: 42.34375
Train Epoch: 7 [34560/49000 (70%)]	Train Loss: 2.060019	Val Loss: 2.054126	Val Acc: 40.3125
Train Epoch: 7 [35840/49000 (73%)]	Train Loss: 2.041883	Val Loss: 2.055770	Val Acc: 40.78125
Train Epoch: 7 [37120/49000 (76%)]	Train Loss: 2.078617	Val Loss: 2.067907	Val Acc: 38.75
Train Epoch: 7 [38400/49000 (78%)]	Train Loss: 2.073250	Val Loss: 2.038449	Val Acc: 42.5
Train Epoch: 7 [39680/49000 (81%)]	Train Loss: 2.053458	Val Loss: 2.043366	Val Acc: 41.25
Train Epoch: 7 [40960/49000 (84%)]	Train Loss: 2.041232	Val Loss: 2.049723	Val Acc: 39.84375
Train Epoch: 7 [42240/49000 (86%)]	Train Loss: 2.041290	Val Loss: 2.040378	Val Acc: 41.71875
Train Epoch: 7 [43520/49000 (89%)]	Train Loss: 2.007342	Val Loss: 2.078389	Val Acc: 37.8125
Train Epoch: 7 [44800/49000 (91%)]	Train Loss: 1.973067	Val Loss: 2.040641	Val Acc: 41.71875
Train Epoch: 7 [46080/49000 (94%)]	Train Loss: 2.096977	Val Loss: 2.071830	Val Acc: 38.75
Train Epoch: 7 [47360/49000 (97%)]	Train Loss: 2.081465	Val Loss: 2.064133	Val Acc: 40.46875
Train Epoch: 7 [48640/49000 (99%)]	Train Loss: 2.027510	Val Loss: 2.052009	Val Acc: 40.46875
Train Epoch: 8 [0/49000 (0%)]	Train Loss: 2.066980	Val Loss: 2.050100	Val Acc: 40.0
Train Epoch: 8 [1280/49000 (3%)]	Train Loss: 2.016228	Val Loss: 2.060481	Val Acc: 39.21875
Train Epoch: 8 [2560/49000 (5%)]	Train Loss: 2.075351	Val Loss: 2.054869	Val Acc: 39.84375
Train Epoch: 8 [3840/49000 (8%)]	Train Loss: 2.053066	Val Loss: 2.050167	Val Acc: 40.9375
Train Epoch: 8 [5120/49000 (10%)]	Train Loss: 2.032767	Val Loss: 2.073099	Val Acc: 37.34375
Train Epoch: 8 [6400/49000 (13%)]	Train Loss: 2.037346	Val Loss: 2.043539	Val Acc: 41.25
Train Epoch: 8 [7680/49000 (16%)]	Train Loss: 2.036773	Val Loss: 2.053710	Val Acc: 40.0
Train Epoch: 8 [8960/49000 (18%)]	Train Loss: 2.046841	Val Loss: 2.054103	Val Acc: 39.6875
Train Epoch: 8 [10240/49000 (21%)]	Train Loss: 2.056550	Val Loss: 2.053751	Val Acc: 41.09375
Train Epoch: 8 [11520/49000 (23%)]	Train Loss: 2.094727	Val Loss: 2.058351	Val Acc: 39.53125
Train Epoch: 8 [12800/49000 (26%)]	Train Loss: 2.073223	Val Loss: 2.050287	Val Acc: 40.15625
Train Epoch: 8 [14080/49000 (29%)]	Train Loss: 2.011505	Val Loss: 2.063055	Val Acc: 39.0625
Train Epoch: 8 [15360/49000 (31%)]	Train Loss: 2.006160	Val Loss: 2.050955	Val Acc: 40.0
Train Epoch: 8 [16640/49000 (34%)]	Train Loss: 2.017747	Val Loss: 2.054147	Val Acc: 39.21875
Train Epoch: 8 [17920/49000 (37%)]	Train Loss: 2.098453	Val Loss: 2.065213	Val Acc: 38.90625
Train Epoch: 8 [19200/49000 (39%)]	Train Loss: 2.029651	Val Loss: 2.035427	Val Acc: 42.1875
Train Epoch: 8 [20480/49000 (42%)]	Train Loss: 2.042701	Val Loss: 2.050983	Val Acc: 40.625
Train Epoch: 8 [21760/49000 (44%)]	Train Loss: 1.986241	Val Loss: 2.044447	Val Acc: 41.40625
Train Epoch: 8 [23040/49000 (47%)]	Train Loss: 2.017035	Val Loss: 2.054288	Val Acc: 40.625
Train Epoch: 8 [24320/49000 (50%)]	Train Loss: 1.967278	Val Loss: 2.042158	Val Acc: 41.09375
Train Epoch: 8 [25600/49000 (52%)]	Train Loss: 2.097291	Val Loss: 2.057087	Val Acc: 40.0
Train Epoch: 8 [26880/49000 (55%)]	Train Loss: 2.053296	Val Loss: 2.048249	Val Acc: 40.15625
Train Epoch: 8 [28160/49000 (57%)]	Train Loss: 2.052681	Val Loss: 2.048897	Val Acc: 41.5625
Train Epoch: 8 [29440/49000 (60%)]	Train Loss: 2.099713	Val Loss: 2.082106	Val Acc: 36.71875
Train Epoch: 8 [30720/49000 (63%)]	Train Loss: 1.983018	Val Loss: 2.084673	Val Acc: 36.875
Train Epoch: 8 [32000/49000 (65%)]	Train Loss: 2.050187	Val Loss: 2.042901	Val Acc: 41.09375
Train Epoch: 8 [33280/49000 (68%)]	Train Loss: 2.012087	Val Loss: 2.076535	Val Acc: 37.65625
Train Epoch: 8 [34560/49000 (70%)]	Train Loss: 1.982678	Val Loss: 2.036023	Val Acc: 42.5
Train Epoch: 8 [35840/49000 (73%)]	Train Loss: 1.997822	Val Loss: 2.063579	Val Acc: 38.75
Train Epoch: 8 [37120/49000 (76%)]	Train Loss: 1.994741	Val Loss: 2.053127	Val Acc: 40.625
Train Epoch: 8 [38400/49000 (78%)]	Train Loss: 2.004208	Val Loss: 2.054832	Val Acc: 40.0
Train Epoch: 8 [39680/49000 (81%)]	Train Loss: 1.957315	Val Loss: 2.061905	Val Acc: 39.375
Train Epoch: 8 [40960/49000 (84%)]	Train Loss: 1.951071	Val Loss: 2.062512	Val Acc: 39.0625
Train Epoch: 8 [42240/49000 (86%)]	Train Loss: 2.087233	Val Loss: 2.072972	Val Acc: 38.4375
Train Epoch: 8 [43520/49000 (89%)]	Train Loss: 2.096998	Val Loss: 2.042282	Val Acc: 41.875
Train Epoch: 8 [44800/49000 (91%)]	Train Loss: 2.036492	Val Loss: 2.054173	Val Acc: 40.15625
Train Epoch: 8 [46080/49000 (94%)]	Train Loss: 2.052924	Val Loss: 2.038975	Val Acc: 41.40625
Train Epoch: 8 [47360/49000 (97%)]	Train Loss: 2.002475	Val Loss: 2.050416	Val Acc: 40.0
Train Epoch: 8 [48640/49000 (99%)]	Train Loss: 2.001800	Val Loss: 2.035077	Val Acc: 42.65625
Train Epoch: 9 [0/49000 (0%)]	Train Loss: 2.060460	Val Loss: 2.054795	Val Acc: 40.78125
Train Epoch: 9 [1280/49000 (3%)]	Train Loss: 2.038294	Val Loss: 2.061731	Val Acc: 38.75
Train Epoch: 9 [2560/49000 (5%)]	Train Loss: 1.980502	Val Loss: 2.048289	Val Acc: 40.78125
Train Epoch: 9 [3840/49000 (8%)]	Train Loss: 1.984934	Val Loss: 2.064971	Val Acc: 39.375
Train Epoch: 9 [5120/49000 (10%)]	Train Loss: 2.025301	Val Loss: 2.063543	Val Acc: 39.53125
Train Epoch: 9 [6400/49000 (13%)]	Train Loss: 2.087274	Val Loss: 2.056454	Val Acc: 39.84375
Train Epoch: 9 [7680/49000 (16%)]	Train Loss: 2.041621	Val Loss: 2.042726	Val Acc: 41.25
Train Epoch: 9 [8960/49000 (18%)]	Train Loss: 1.992021	Val Loss: 2.056450	Val Acc: 40.3125
Train Epoch: 9 [10240/49000 (21%)]	Train Loss: 2.020559	Val Loss: 2.050336	Val Acc: 40.78125
Train Epoch: 9 [11520/49000 (23%)]	Train Loss: 1.962269	Val Loss: 2.054144	Val Acc: 39.375
Train Epoch: 9 [12800/49000 (26%)]	Train Loss: 2.085317	Val Loss: 2.055741	Val Acc: 40.78125
Train Epoch: 9 [14080/49000 (29%)]	Train Loss: 2.024480	Val Loss: 2.055848	Val Acc: 40.15625
Train Epoch: 9 [15360/49000 (31%)]	Train Loss: 1.998369	Val Loss: 2.023901	Val Acc: 43.28125
Train Epoch: 9 [16640/49000 (34%)]	Train Loss: 1.990748	Val Loss: 2.040085	Val Acc: 41.875
Train Epoch: 9 [17920/49000 (37%)]	Train Loss: 1.995737	Val Loss: 2.057577	Val Acc: 39.6875
Train Epoch: 9 [19200/49000 (39%)]	Train Loss: 2.051207	Val Loss: 2.075539	Val Acc: 37.34375
Train Epoch: 9 [20480/49000 (42%)]	Train Loss: 2.038850	Val Loss: 2.061159	Val Acc: 39.375
Train Epoch: 9 [21760/49000 (44%)]	Train Loss: 1.987412	Val Loss: 2.062556	Val Acc: 40.3125
Train Epoch: 9 [23040/49000 (47%)]	Train Loss: 2.078887	Val Loss: 2.042665	Val Acc: 42.03125
Train Epoch: 9 [24320/49000 (50%)]	Train Loss: 1.997174	Val Loss: 2.070333	Val Acc: 38.28125
Train Epoch: 9 [25600/49000 (52%)]	Train Loss: 2.032414	Val Loss: 2.052790	Val Acc: 40.625
Train Epoch: 9 [26880/49000 (55%)]	Train Loss: 2.046848	Val Loss: 2.063874	Val Acc: 39.0625
Train Epoch: 9 [28160/49000 (57%)]	Train Loss: 1.979602	Val Loss: 2.056257	Val Acc: 39.84375
Train Epoch: 9 [29440/49000 (60%)]	Train Loss: 2.034758	Val Loss: 2.051031	Val Acc: 40.625
Train Epoch: 9 [30720/49000 (63%)]	Train Loss: 1.971715	Val Loss: 2.075729	Val Acc: 38.28125
Train Epoch: 9 [32000/49000 (65%)]	Train Loss: 2.020150	Val Loss: 2.051382	Val Acc: 40.3125
Train Epoch: 9 [33280/49000 (68%)]	Train Loss: 2.014180	Val Loss: 2.063846	Val Acc: 39.84375
Train Epoch: 9 [34560/49000 (70%)]	Train Loss: 2.049680	Val Loss: 2.044060	Val Acc: 42.03125
Train Epoch: 9 [35840/49000 (73%)]	Train Loss: 2.041712	Val Loss: 2.054497	Val Acc: 40.3125
Train Epoch: 9 [37120/49000 (76%)]	Train Loss: 2.000936	Val Loss: 2.055616	Val Acc: 40.0
Train Epoch: 9 [38400/49000 (78%)]	Train Loss: 2.075776	Val Loss: 2.050174	Val Acc: 40.3125
Train Epoch: 9 [39680/49000 (81%)]	Train Loss: 2.064229	Val Loss: 2.061013	Val Acc: 39.53125
Train Epoch: 9 [40960/49000 (84%)]	Train Loss: 2.001727	Val Loss: 2.058782	Val Acc: 39.84375
Train Epoch: 9 [42240/49000 (86%)]	Train Loss: 2.043311	Val Loss: 2.060806	Val Acc: 39.6875
Train Epoch: 9 [43520/49000 (89%)]	Train Loss: 2.037482	Val Loss: 2.057245	Val Acc: 38.59375
Train Epoch: 9 [44800/49000 (91%)]	Train Loss: 2.050729	Val Loss: 2.060475	Val Acc: 39.53125
Train Epoch: 9 [46080/49000 (94%)]	Train Loss: 2.002310	Val Loss: 2.055063	Val Acc: 39.6875
Train Epoch: 9 [47360/49000 (97%)]	Train Loss: 2.073471	Val Loss: 2.048061	Val Acc: 40.9375
Train Epoch: 9 [48640/49000 (99%)]	Train Loss: 2.065870	Val Loss: 2.063743	Val Acc: 38.90625
Train Epoch: 10 [0/49000 (0%)]	Train Loss: 1.982430	Val Loss: 2.055559	Val Acc: 38.90625
Train Epoch: 10 [1280/49000 (3%)]	Train Loss: 2.061655	Val Loss: 2.018708	Val Acc: 43.59375
Train Epoch: 10 [2560/49000 (5%)]	Train Loss: 2.068240	Val Loss: 2.070530	Val Acc: 37.8125
Train Epoch: 10 [3840/49000 (8%)]	Train Loss: 2.082946	Val Loss: 2.060043	Val Acc: 38.90625
Train Epoch: 10 [5120/49000 (10%)]	Train Loss: 2.009920	Val Loss: 2.051263	Val Acc: 40.46875
Train Epoch: 10 [6400/49000 (13%)]	Train Loss: 2.052083	Val Loss: 2.050920	Val Acc: 40.3125
Train Epoch: 10 [7680/49000 (16%)]	Train Loss: 2.085239	Val Loss: 2.038556	Val Acc: 41.71875
Train Epoch: 10 [8960/49000 (18%)]	Train Loss: 2.098879	Val Loss: 2.051610	Val Acc: 40.78125
Train Epoch: 10 [10240/49000 (21%)]	Train Loss: 1.978621	Val Loss: 2.060270	Val Acc: 39.21875
Train Epoch: 10 [11520/49000 (23%)]	Train Loss: 2.167981	Val Loss: 2.060327	Val Acc: 39.375
Train Epoch: 10 [12800/49000 (26%)]	Train Loss: 1.996518	Val Loss: 2.038946	Val Acc: 42.1875
Train Epoch: 10 [14080/49000 (29%)]	Train Loss: 2.015834	Val Loss: 2.048321	Val Acc: 40.78125
Train Epoch: 10 [15360/49000 (31%)]	Train Loss: 2.027987	Val Loss: 2.047943	Val Acc: 40.9375
Train Epoch: 10 [16640/49000 (34%)]	Train Loss: 2.007628	Val Loss: 2.049687	Val Acc: 40.3125
Train Epoch: 10 [17920/49000 (37%)]	Train Loss: 2.020260	Val Loss: 2.054444	Val Acc: 40.0
Train Epoch: 10 [19200/49000 (39%)]	Train Loss: 2.010551	Val Loss: 2.052515	Val Acc: 40.46875
Train Epoch: 10 [20480/49000 (42%)]	Train Loss: 2.004196	Val Loss: 2.052660	Val Acc: 40.9375
Train Epoch: 10 [21760/49000 (44%)]	Train Loss: 1.990681	Val Loss: 2.037575	Val Acc: 41.40625
Train Epoch: 10 [23040/49000 (47%)]	Train Loss: 1.954520	Val Loss: 2.069583	Val Acc: 38.75
Train Epoch: 10 [24320/49000 (50%)]	Train Loss: 1.992647	Val Loss: 2.053437	Val Acc: 40.0
Train Epoch: 10 [25600/49000 (52%)]	Train Loss: 1.962271	Val Loss: 2.060012	Val Acc: 39.375
Train Epoch: 10 [26880/49000 (55%)]	Train Loss: 2.027539	Val Loss: 2.047049	Val Acc: 41.40625
Train Epoch: 10 [28160/49000 (57%)]	Train Loss: 1.992735	Val Loss: 2.062423	Val Acc: 39.53125
Train Epoch: 10 [29440/49000 (60%)]	Train Loss: 1.995490	Val Loss: 2.053205	Val Acc: 40.0
Train Epoch: 10 [30720/49000 (63%)]	Train Loss: 2.003025	Val Loss: 2.056731	Val Acc: 39.84375
Train Epoch: 10 [32000/49000 (65%)]	Train Loss: 2.058000	Val Loss: 2.070766	Val Acc: 39.21875
Train Epoch: 10 [33280/49000 (68%)]	Train Loss: 2.084001	Val Loss: 2.054670	Val Acc: 40.3125
Train Epoch: 10 [34560/49000 (70%)]	Train Loss: 2.017808	Val Loss: 2.048687	Val Acc: 40.46875
Train Epoch: 10 [35840/49000 (73%)]	Train Loss: 2.033699	Val Loss: 2.064077	Val Acc: 39.0625
Train Epoch: 10 [37120/49000 (76%)]	Train Loss: 2.066431	Val Loss: 2.058657	Val Acc: 39.375
Train Epoch: 10 [38400/49000 (78%)]	Train Loss: 2.080781	Val Loss: 2.042090	Val Acc: 41.71875
Train Epoch: 10 [39680/49000 (81%)]	Train Loss: 2.088524	Val Loss: 2.042655	Val Acc: 41.5625
Train Epoch: 10 [40960/49000 (84%)]	Train Loss: 2.018152	Val Loss: 2.070504	Val Acc: 38.59375
Train Epoch: 10 [42240/49000 (86%)]	Train Loss: 2.035103	Val Loss: 2.067419	Val Acc: 38.59375
Train Epoch: 10 [43520/49000 (89%)]	Train Loss: 1.994711	Val Loss: 2.055095	Val Acc: 39.53125
Train Epoch: 10 [44800/49000 (91%)]	Train Loss: 2.060405	Val Loss: 2.057115	Val Acc: 40.9375
Train Epoch: 10 [46080/49000 (94%)]	Train Loss: 2.072500	Val Loss: 2.076218	Val Acc: 38.125
Train Epoch: 10 [47360/49000 (97%)]	Train Loss: 1.997773	Val Loss: 2.049718	Val Acc: 40.46875
Train Epoch: 10 [48640/49000 (99%)]	Train Loss: 2.044802	Val Loss: 2.067423	Val Acc: 39.0625

test set: Average loss: 2.0573, Accuracy: 3994/10000 (40%)

