Files already downloaded and verified
Files already downloaded and verified
Files already downloaded and verified
check 4
sruthi check 2
sruthi check 6
Train Epoch: 1 [0/49000 (0%)]	Train Loss: 2.307867	Val Loss: 2.302597	Val Acc: 10.3125
Train Epoch: 1 [1280/49000 (3%)]	Train Loss: 2.297137	Val Loss: 2.294521	Val Acc: 10.3125
Train Epoch: 1 [2560/49000 (5%)]	Train Loss: 2.277772	Val Loss: 2.282092	Val Acc: 15.3125
Train Epoch: 1 [3840/49000 (8%)]	Train Loss: 2.273232	Val Loss: 2.263851	Val Acc: 16.25
Train Epoch: 1 [5120/49000 (10%)]	Train Loss: 2.257418	Val Loss: 2.252640	Val Acc: 20.0
Train Epoch: 1 [6400/49000 (13%)]	Train Loss: 2.227610	Val Loss: 2.213998	Val Acc: 24.6875
Train Epoch: 1 [7680/49000 (16%)]	Train Loss: 2.209034	Val Loss: 2.197443	Val Acc: 24.53125
Train Epoch: 1 [8960/49000 (18%)]	Train Loss: 2.250365	Val Loss: 2.175096	Val Acc: 29.21875
Train Epoch: 1 [10240/49000 (21%)]	Train Loss: 2.110613	Val Loss: 2.139993	Val Acc: 32.34375
Train Epoch: 1 [11520/49000 (23%)]	Train Loss: 2.228139	Val Loss: 2.140884	Val Acc: 30.0
Train Epoch: 1 [12800/49000 (26%)]	Train Loss: 2.129920	Val Loss: 2.120109	Val Acc: 33.125
Train Epoch: 1 [14080/49000 (29%)]	Train Loss: 2.103300	Val Loss: 2.104708	Val Acc: 35.15625
Train Epoch: 1 [15360/49000 (31%)]	Train Loss: 2.128679	Val Loss: 2.113225	Val Acc: 33.90625
Train Epoch: 1 [16640/49000 (34%)]	Train Loss: 2.078353	Val Loss: 2.115114	Val Acc: 33.4375
Train Epoch: 1 [17920/49000 (37%)]	Train Loss: 2.108851	Val Loss: 2.095046	Val Acc: 35.3125
Train Epoch: 1 [19200/49000 (39%)]	Train Loss: 2.141079	Val Loss: 2.102162	Val Acc: 34.84375
Train Epoch: 1 [20480/49000 (42%)]	Train Loss: 2.156256	Val Loss: 2.077672	Val Acc: 38.125
Train Epoch: 1 [21760/49000 (44%)]	Train Loss: 2.118298	Val Loss: 2.116302	Val Acc: 35.0
Train Epoch: 1 [23040/49000 (47%)]	Train Loss: 2.071464	Val Loss: 2.085829	Val Acc: 37.65625
Train Epoch: 1 [24320/49000 (50%)]	Train Loss: 2.071379	Val Loss: 2.068127	Val Acc: 38.28125
Train Epoch: 1 [25600/49000 (52%)]	Train Loss: 2.120893	Val Loss: 2.094262	Val Acc: 37.03125
Train Epoch: 1 [26880/49000 (55%)]	Train Loss: 2.096030	Val Loss: 2.057267	Val Acc: 40.15625
Train Epoch: 1 [28160/49000 (57%)]	Train Loss: 2.121660	Val Loss: 2.058101	Val Acc: 40.78125
Train Epoch: 1 [29440/49000 (60%)]	Train Loss: 2.049136	Val Loss: 2.078468	Val Acc: 37.03125
Train Epoch: 1 [30720/49000 (63%)]	Train Loss: 2.099147	Val Loss: 2.124896	Val Acc: 32.65625
Train Epoch: 1 [32000/49000 (65%)]	Train Loss: 2.045482	Val Loss: 2.029509	Val Acc: 44.53125
Train Epoch: 1 [33280/49000 (68%)]	Train Loss: 2.095643	Val Loss: 2.061734	Val Acc: 38.90625
Train Epoch: 1 [34560/49000 (70%)]	Train Loss: 2.028665	Val Loss: 2.019335	Val Acc: 44.53125
Train Epoch: 1 [35840/49000 (73%)]	Train Loss: 2.033149	Val Loss: 2.020060	Val Acc: 43.75
Train Epoch: 1 [37120/49000 (76%)]	Train Loss: 1.977451	Val Loss: 2.014174	Val Acc: 45.15625
Train Epoch: 1 [38400/49000 (78%)]	Train Loss: 2.070297	Val Loss: 2.030139	Val Acc: 41.40625
Train Epoch: 1 [39680/49000 (81%)]	Train Loss: 2.057802	Val Loss: 2.027954	Val Acc: 43.125
Train Epoch: 1 [40960/49000 (84%)]	Train Loss: 2.010286	Val Loss: 2.056793	Val Acc: 39.21875
Train Epoch: 1 [42240/49000 (86%)]	Train Loss: 2.053666	Val Loss: 1.995412	Val Acc: 46.875
Train Epoch: 1 [43520/49000 (89%)]	Train Loss: 2.016011	Val Loss: 2.005224	Val Acc: 46.25
Train Epoch: 1 [44800/49000 (91%)]	Train Loss: 2.039747	Val Loss: 2.018223	Val Acc: 44.21875
Train Epoch: 1 [46080/49000 (94%)]	Train Loss: 2.002308	Val Loss: 2.007820	Val Acc: 46.25
Train Epoch: 1 [47360/49000 (97%)]	Train Loss: 2.016778	Val Loss: 2.034044	Val Acc: 42.65625
Train Epoch: 1 [48640/49000 (99%)]	Train Loss: 2.093464	Val Loss: 2.019201	Val Acc: 43.125
check 4
sruthi check 2
sruthi check 6
Train Epoch: 2 [0/49000 (0%)]	Train Loss: 1.956829	Val Loss: 2.040526	Val Acc: 42.1875
Train Epoch: 2 [1280/49000 (3%)]	Train Loss: 2.099688	Val Loss: 2.009136	Val Acc: 44.84375
Train Epoch: 2 [2560/49000 (5%)]	Train Loss: 1.958057	Val Loss: 1.983335	Val Acc: 48.59375
Train Epoch: 2 [3840/49000 (8%)]	Train Loss: 1.995161	Val Loss: 2.000519	Val Acc: 45.46875
Train Epoch: 2 [5120/49000 (10%)]	Train Loss: 1.927191	Val Loss: 1.979308	Val Acc: 47.96875
Train Epoch: 2 [6400/49000 (13%)]	Train Loss: 2.073016	Val Loss: 2.007195	Val Acc: 45.15625
Train Epoch: 2 [7680/49000 (16%)]	Train Loss: 2.004041	Val Loss: 1.985494	Val Acc: 47.03125
Train Epoch: 2 [8960/49000 (18%)]	Train Loss: 2.039373	Val Loss: 1.979197	Val Acc: 47.65625
Train Epoch: 2 [10240/49000 (21%)]	Train Loss: 2.002368	Val Loss: 1.992840	Val Acc: 47.03125
Train Epoch: 2 [11520/49000 (23%)]	Train Loss: 1.982193	Val Loss: 1.997712	Val Acc: 45.0
Train Epoch: 2 [12800/49000 (26%)]	Train Loss: 2.054507	Val Loss: 1.985048	Val Acc: 48.28125
Train Epoch: 2 [14080/49000 (29%)]	Train Loss: 1.979634	Val Loss: 1.981983	Val Acc: 48.28125
Train Epoch: 2 [15360/49000 (31%)]	Train Loss: 2.014139	Val Loss: 2.035170	Val Acc: 42.34375
Train Epoch: 2 [16640/49000 (34%)]	Train Loss: 1.965861	Val Loss: 1.979677	Val Acc: 47.65625
Train Epoch: 2 [17920/49000 (37%)]	Train Loss: 1.920493	Val Loss: 1.973018	Val Acc: 49.21875
Train Epoch: 2 [19200/49000 (39%)]	Train Loss: 1.947056	Val Loss: 1.966158	Val Acc: 50.0
Train Epoch: 2 [20480/49000 (42%)]	Train Loss: 2.003685	Val Loss: 1.982408	Val Acc: 47.1875
Train Epoch: 2 [21760/49000 (44%)]	Train Loss: 2.030584	Val Loss: 1.976579	Val Acc: 47.96875
Train Epoch: 2 [23040/49000 (47%)]	Train Loss: 1.966713	Val Loss: 2.003827	Val Acc: 45.46875
Train Epoch: 2 [24320/49000 (50%)]	Train Loss: 1.938984	Val Loss: 1.964475	Val Acc: 49.375
Train Epoch: 2 [25600/49000 (52%)]	Train Loss: 1.974348	Val Loss: 1.982001	Val Acc: 47.1875
Train Epoch: 2 [26880/49000 (55%)]	Train Loss: 2.068121	Val Loss: 1.995934	Val Acc: 46.40625
Train Epoch: 2 [28160/49000 (57%)]	Train Loss: 1.938128	Val Loss: 1.999541	Val Acc: 46.25
Train Epoch: 2 [29440/49000 (60%)]	Train Loss: 1.935798	Val Loss: 1.966315	Val Acc: 50.0
Train Epoch: 2 [30720/49000 (63%)]	Train Loss: 1.935950	Val Loss: 1.976385	Val Acc: 47.5
Train Epoch: 2 [32000/49000 (65%)]	Train Loss: 1.869921	Val Loss: 1.967637	Val Acc: 48.59375
Train Epoch: 2 [33280/49000 (68%)]	Train Loss: 1.983612	Val Loss: 1.940355	Val Acc: 51.5625
Train Epoch: 2 [34560/49000 (70%)]	Train Loss: 1.984571	Val Loss: 1.935228	Val Acc: 52.34375
Train Epoch: 2 [35840/49000 (73%)]	Train Loss: 1.951409	Val Loss: 1.950116	Val Acc: 50.15625
Train Epoch: 2 [37120/49000 (76%)]	Train Loss: 1.984035	Val Loss: 1.994309	Val Acc: 45.625
Train Epoch: 2 [38400/49000 (78%)]	Train Loss: 1.891880	Val Loss: 1.921556	Val Acc: 54.84375
Train Epoch: 2 [39680/49000 (81%)]	Train Loss: 2.043916	Val Loss: 1.968168	Val Acc: 49.0625
Train Epoch: 2 [40960/49000 (84%)]	Train Loss: 1.969288	Val Loss: 1.972632	Val Acc: 48.28125
Train Epoch: 2 [42240/49000 (86%)]	Train Loss: 1.893539	Val Loss: 1.938160	Val Acc: 52.03125
Train Epoch: 2 [43520/49000 (89%)]	Train Loss: 1.995406	Val Loss: 1.928073	Val Acc: 53.4375
Train Epoch: 2 [44800/49000 (91%)]	Train Loss: 2.001187	Val Loss: 1.939344	Val Acc: 50.9375
Train Epoch: 2 [46080/49000 (94%)]	Train Loss: 1.939722	Val Loss: 1.937908	Val Acc: 51.875
Train Epoch: 2 [47360/49000 (97%)]	Train Loss: 1.957659	Val Loss: 1.919879	Val Acc: 54.375
Train Epoch: 2 [48640/49000 (99%)]	Train Loss: 1.936109	Val Loss: 1.950965	Val Acc: 51.40625
check 4
sruthi check 2
sruthi check 6
Train Epoch: 3 [0/49000 (0%)]	Train Loss: 1.968214	Val Loss: 1.934000	Val Acc: 51.09375
Train Epoch: 3 [1280/49000 (3%)]	Train Loss: 1.932053	Val Loss: 1.921002	Val Acc: 54.375
Train Epoch: 3 [2560/49000 (5%)]	Train Loss: 1.879134	Val Loss: 1.935358	Val Acc: 52.5
Train Epoch: 3 [3840/49000 (8%)]	Train Loss: 1.973407	Val Loss: 1.914307	Val Acc: 54.21875
Train Epoch: 3 [5120/49000 (10%)]	Train Loss: 1.976946	Val Loss: 1.926617	Val Acc: 52.65625
Train Epoch: 3 [6400/49000 (13%)]	Train Loss: 1.898673	Val Loss: 1.918712	Val Acc: 54.53125
Train Epoch: 3 [7680/49000 (16%)]	Train Loss: 1.865127	Val Loss: 1.929114	Val Acc: 53.90625
Train Epoch: 3 [8960/49000 (18%)]	Train Loss: 1.962499	Val Loss: 1.951072	Val Acc: 50.9375
Train Epoch: 3 [10240/49000 (21%)]	Train Loss: 1.931209	Val Loss: 1.940320	Val Acc: 52.1875
Train Epoch: 3 [11520/49000 (23%)]	Train Loss: 1.969932	Val Loss: 1.912945	Val Acc: 54.375
Train Epoch: 3 [12800/49000 (26%)]	Train Loss: 1.851252	Val Loss: 1.886488	Val Acc: 57.65625
Train Epoch: 3 [14080/49000 (29%)]	Train Loss: 1.932958	Val Loss: 1.924084	Val Acc: 53.28125
Train Epoch: 3 [15360/49000 (31%)]	Train Loss: 1.900694	Val Loss: 1.887059	Val Acc: 58.125
Train Epoch: 3 [16640/49000 (34%)]	Train Loss: 1.914276	Val Loss: 1.924990	Val Acc: 52.8125
Train Epoch: 3 [17920/49000 (37%)]	Train Loss: 1.923780	Val Loss: 1.915480	Val Acc: 54.53125
Train Epoch: 3 [19200/49000 (39%)]	Train Loss: 1.873493	Val Loss: 1.920711	Val Acc: 53.28125
Train Epoch: 3 [20480/49000 (42%)]	Train Loss: 1.936866	Val Loss: 1.938703	Val Acc: 51.71875
Train Epoch: 3 [21760/49000 (44%)]	Train Loss: 1.875917	Val Loss: 1.927699	Val Acc: 53.125
Train Epoch: 3 [23040/49000 (47%)]	Train Loss: 1.854078	Val Loss: 1.934392	Val Acc: 52.34375
Train Epoch: 3 [24320/49000 (50%)]	Train Loss: 1.904931	Val Loss: 1.904192	Val Acc: 54.53125
Train Epoch: 3 [25600/49000 (52%)]	Train Loss: 1.951108	Val Loss: 1.893155	Val Acc: 56.40625
Train Epoch: 3 [26880/49000 (55%)]	Train Loss: 1.980745	Val Loss: 1.951096	Val Acc: 50.625
Train Epoch: 3 [28160/49000 (57%)]	Train Loss: 1.955009	Val Loss: 1.905239	Val Acc: 56.40625
Train Epoch: 3 [29440/49000 (60%)]	Train Loss: 1.829194	Val Loss: 1.898440	Val Acc: 56.875
Train Epoch: 3 [30720/49000 (63%)]	Train Loss: 1.934526	Val Loss: 1.892617	Val Acc: 56.25
Train Epoch: 3 [32000/49000 (65%)]	Train Loss: 2.015255	Val Loss: 1.907430	Val Acc: 56.25
Train Epoch: 3 [33280/49000 (68%)]	Train Loss: 1.938330	Val Loss: 1.876176	Val Acc: 58.90625
Train Epoch: 3 [34560/49000 (70%)]	Train Loss: 1.970398	Val Loss: 1.919101	Val Acc: 52.8125
Train Epoch: 3 [35840/49000 (73%)]	Train Loss: 1.951259	Val Loss: 1.932244	Val Acc: 53.125
Train Epoch: 3 [37120/49000 (76%)]	Train Loss: 1.939736	Val Loss: 1.905503	Val Acc: 55.78125
Train Epoch: 3 [38400/49000 (78%)]	Train Loss: 1.922310	Val Loss: 1.928204	Val Acc: 52.5
Train Epoch: 3 [39680/49000 (81%)]	Train Loss: 1.855291	Val Loss: 1.890231	Val Acc: 57.5
Train Epoch: 3 [40960/49000 (84%)]	Train Loss: 1.897626	Val Loss: 1.880721	Val Acc: 57.96875
Train Epoch: 3 [42240/49000 (86%)]	Train Loss: 1.865403	Val Loss: 1.879343	Val Acc: 58.4375
Train Epoch: 3 [43520/49000 (89%)]	Train Loss: 1.969204	Val Loss: 1.905185	Val Acc: 54.84375
Train Epoch: 3 [44800/49000 (91%)]	Train Loss: 1.902763	Val Loss: 1.887764	Val Acc: 57.1875
Train Epoch: 3 [46080/49000 (94%)]	Train Loss: 1.840919	Val Loss: 1.894197	Val Acc: 56.40625
Train Epoch: 3 [47360/49000 (97%)]	Train Loss: 1.873746	Val Loss: 1.910426	Val Acc: 53.90625
Train Epoch: 3 [48640/49000 (99%)]	Train Loss: 1.870619	Val Loss: 1.902927	Val Acc: 55.0
check 4
sruthi check 2
sruthi check 6
Train Epoch: 4 [0/49000 (0%)]	Train Loss: 1.905537	Val Loss: 1.877862	Val Acc: 59.0625
Train Epoch: 4 [1280/49000 (3%)]	Train Loss: 1.819798	Val Loss: 1.875206	Val Acc: 59.84375
Train Epoch: 4 [2560/49000 (5%)]	Train Loss: 1.841764	Val Loss: 1.857027	Val Acc: 61.5625
Train Epoch: 4 [3840/49000 (8%)]	Train Loss: 1.902134	Val Loss: 1.900916	Val Acc: 56.25
Train Epoch: 4 [5120/49000 (10%)]	Train Loss: 1.881847	Val Loss: 1.864073	Val Acc: 60.3125
Train Epoch: 4 [6400/49000 (13%)]	Train Loss: 1.966345	Val Loss: 1.916950	Val Acc: 54.6875
Train Epoch: 4 [7680/49000 (16%)]	Train Loss: 1.869929	Val Loss: 1.885537	Val Acc: 57.03125
Train Epoch: 4 [8960/49000 (18%)]	Train Loss: 1.923479	Val Loss: 1.872268	Val Acc: 57.96875
Train Epoch: 4 [10240/49000 (21%)]	Train Loss: 1.921276	Val Loss: 1.859016	Val Acc: 59.84375
Train Epoch: 4 [11520/49000 (23%)]	Train Loss: 1.854414	Val Loss: 1.891219	Val Acc: 56.875
Train Epoch: 4 [12800/49000 (26%)]	Train Loss: 1.955316	Val Loss: 1.879059	Val Acc: 58.4375
Train Epoch: 4 [14080/49000 (29%)]	Train Loss: 1.845693	Val Loss: 1.888554	Val Acc: 57.03125
Train Epoch: 4 [15360/49000 (31%)]	Train Loss: 1.894221	Val Loss: 1.871672	Val Acc: 58.4375
Train Epoch: 4 [16640/49000 (34%)]	Train Loss: 1.830092	Val Loss: 1.849043	Val Acc: 61.25
Train Epoch: 4 [17920/49000 (37%)]	Train Loss: 1.886896	Val Loss: 1.881677	Val Acc: 57.96875
Train Epoch: 4 [19200/49000 (39%)]	Train Loss: 1.869016	Val Loss: 1.879959	Val Acc: 58.125
Train Epoch: 4 [20480/49000 (42%)]	Train Loss: 1.824261	Val Loss: 1.877775	Val Acc: 58.125
Train Epoch: 4 [21760/49000 (44%)]	Train Loss: 1.821221	Val Loss: 1.888596	Val Acc: 57.03125
Train Epoch: 4 [23040/49000 (47%)]	Train Loss: 1.885191	Val Loss: 1.885594	Val Acc: 57.5
Train Epoch: 4 [24320/49000 (50%)]	Train Loss: 1.972675	Val Loss: 1.899570	Val Acc: 56.71875
Train Epoch: 4 [25600/49000 (52%)]	Train Loss: 1.842693	Val Loss: 1.901023	Val Acc: 56.25
Train Epoch: 4 [26880/49000 (55%)]	Train Loss: 1.834507	Val Loss: 1.855487	Val Acc: 60.15625
Train Epoch: 4 [28160/49000 (57%)]	Train Loss: 1.870166	Val Loss: 1.871855	Val Acc: 59.53125
Train Epoch: 4 [29440/49000 (60%)]	Train Loss: 1.934312	Val Loss: 1.877099	Val Acc: 57.8125
Train Epoch: 4 [30720/49000 (63%)]	Train Loss: 1.882638	Val Loss: 1.868003	Val Acc: 58.90625
Train Epoch: 4 [32000/49000 (65%)]	Train Loss: 1.934651	Val Loss: 1.860707	Val Acc: 60.78125
Train Epoch: 4 [33280/49000 (68%)]	Train Loss: 1.859076	Val Loss: 1.885621	Val Acc: 57.1875
Train Epoch: 4 [34560/49000 (70%)]	Train Loss: 1.901889	Val Loss: 1.860001	Val Acc: 60.0
Train Epoch: 4 [35840/49000 (73%)]	Train Loss: 1.913448	Val Loss: 1.859756	Val Acc: 60.625
Train Epoch: 4 [37120/49000 (76%)]	Train Loss: 1.851680	Val Loss: 1.859881	Val Acc: 59.84375
Train Epoch: 4 [38400/49000 (78%)]	Train Loss: 1.824202	Val Loss: 1.849329	Val Acc: 60.78125
Train Epoch: 4 [39680/49000 (81%)]	Train Loss: 1.848223	Val Loss: 1.842067	Val Acc: 62.5
Train Epoch: 4 [40960/49000 (84%)]	Train Loss: 1.880625	Val Loss: 1.873904	Val Acc: 58.125
Train Epoch: 4 [42240/49000 (86%)]	Train Loss: 1.774624	Val Loss: 1.850695	Val Acc: 61.40625
Train Epoch: 4 [43520/49000 (89%)]	Train Loss: 1.824856	Val Loss: 1.846361	Val Acc: 61.09375
Train Epoch: 4 [44800/49000 (91%)]	Train Loss: 1.892629	Val Loss: 1.856243	Val Acc: 61.09375
Train Epoch: 4 [46080/49000 (94%)]	Train Loss: 1.906185	Val Loss: 1.883236	Val Acc: 57.03125
Train Epoch: 4 [47360/49000 (97%)]	Train Loss: 1.938547	Val Loss: 1.868153	Val Acc: 58.90625
Train Epoch: 4 [48640/49000 (99%)]	Train Loss: 1.877233	Val Loss: 1.861130	Val Acc: 59.6875
check 4
sruthi check 2
sruthi check 6
Train Epoch: 5 [0/49000 (0%)]	Train Loss: 1.872710	Val Loss: 1.844804	Val Acc: 61.875
Train Epoch: 5 [1280/49000 (3%)]	Train Loss: 1.887672	Val Loss: 1.889447	Val Acc: 57.03125
Train Epoch: 5 [2560/49000 (5%)]	Train Loss: 1.907910	Val Loss: 1.846422	Val Acc: 62.34375
Train Epoch: 5 [3840/49000 (8%)]	Train Loss: 1.887708	Val Loss: 1.836726	Val Acc: 62.1875
Train Epoch: 5 [5120/49000 (10%)]	Train Loss: 1.861143	Val Loss: 1.842060	Val Acc: 61.25
Train Epoch: 5 [6400/49000 (13%)]	Train Loss: 1.879370	Val Loss: 1.870248	Val Acc: 59.375
Train Epoch: 5 [7680/49000 (16%)]	Train Loss: 1.867849	Val Loss: 1.870017	Val Acc: 59.21875
Train Epoch: 5 [8960/49000 (18%)]	Train Loss: 1.870643	Val Loss: 1.862303	Val Acc: 59.375
Train Epoch: 5 [10240/49000 (21%)]	Train Loss: 1.863122	Val Loss: 1.853261	Val Acc: 61.09375
Train Epoch: 5 [11520/49000 (23%)]	Train Loss: 1.877715	Val Loss: 1.809767	Val Acc: 65.9375
Train Epoch: 5 [12800/49000 (26%)]	Train Loss: 1.819476	Val Loss: 1.846565	Val Acc: 61.25
Train Epoch: 5 [14080/49000 (29%)]	Train Loss: 1.813746	Val Loss: 1.850234	Val Acc: 60.625
Train Epoch: 5 [15360/49000 (31%)]	Train Loss: 1.809063	Val Loss: 1.858977	Val Acc: 60.0
Train Epoch: 5 [16640/49000 (34%)]	Train Loss: 1.829882	Val Loss: 1.839201	Val Acc: 62.03125
Train Epoch: 5 [17920/49000 (37%)]	Train Loss: 1.838863	Val Loss: 1.840570	Val Acc: 62.03125
Train Epoch: 5 [19200/49000 (39%)]	Train Loss: 1.820849	Val Loss: 1.823727	Val Acc: 63.28125
Train Epoch: 5 [20480/49000 (42%)]	Train Loss: 1.812919	Val Loss: 1.839434	Val Acc: 62.34375
Train Epoch: 5 [21760/49000 (44%)]	Train Loss: 1.851071	Val Loss: 1.827481	Val Acc: 63.4375
Train Epoch: 5 [23040/49000 (47%)]	Train Loss: 1.823888	Val Loss: 1.818325	Val Acc: 64.0625
Train Epoch: 5 [24320/49000 (50%)]	Train Loss: 1.748204	Val Loss: 1.841908	Val Acc: 62.1875
Train Epoch: 5 [25600/49000 (52%)]	Train Loss: 1.842096	Val Loss: 1.834622	Val Acc: 63.125
Train Epoch: 5 [26880/49000 (55%)]	Train Loss: 1.824972	Val Loss: 1.814801	Val Acc: 64.53125
Train Epoch: 5 [28160/49000 (57%)]	Train Loss: 1.901170	Val Loss: 1.862331	Val Acc: 59.6875
Train Epoch: 5 [29440/49000 (60%)]	Train Loss: 1.846840	Val Loss: 1.829294	Val Acc: 63.75
Train Epoch: 5 [30720/49000 (63%)]	Train Loss: 1.906883	Val Loss: 1.830343	Val Acc: 63.59375
Train Epoch: 5 [32000/49000 (65%)]	Train Loss: 1.839957	Val Loss: 1.815441	Val Acc: 64.0625
Train Epoch: 5 [33280/49000 (68%)]	Train Loss: 1.902163	Val Loss: 1.851535	Val Acc: 60.46875
Train Epoch: 5 [34560/49000 (70%)]	Train Loss: 1.812326	Val Loss: 1.817113	Val Acc: 63.59375
Train Epoch: 5 [35840/49000 (73%)]	Train Loss: 1.974760	Val Loss: 1.850922	Val Acc: 60.625
Train Epoch: 5 [37120/49000 (76%)]	Train Loss: 1.860989	Val Loss: 1.826319	Val Acc: 62.96875
Train Epoch: 5 [38400/49000 (78%)]	Train Loss: 1.836852	Val Loss: 1.865491	Val Acc: 59.53125
Train Epoch: 5 [39680/49000 (81%)]	Train Loss: 1.795298	Val Loss: 1.840135	Val Acc: 61.40625
Train Epoch: 5 [40960/49000 (84%)]	Train Loss: 1.859414	Val Loss: 1.820824	Val Acc: 64.375
Train Epoch: 5 [42240/49000 (86%)]	Train Loss: 1.851820	Val Loss: 1.838771	Val Acc: 61.5625
Train Epoch: 5 [43520/49000 (89%)]	Train Loss: 1.735230	Val Loss: 1.845146	Val Acc: 60.9375
Train Epoch: 5 [44800/49000 (91%)]	Train Loss: 1.840527	Val Loss: 1.836222	Val Acc: 62.03125
Train Epoch: 5 [46080/49000 (94%)]	Train Loss: 1.762631	Val Loss: 1.828143	Val Acc: 62.5
Train Epoch: 5 [47360/49000 (97%)]	Train Loss: 1.856600	Val Loss: 1.842262	Val Acc: 61.09375
Train Epoch: 5 [48640/49000 (99%)]	Train Loss: 1.842209	Val Loss: 1.842812	Val Acc: 60.9375
check 4
sruthi check 2
sruthi check 6
Train Epoch: 6 [0/49000 (0%)]	Train Loss: 1.704188	Val Loss: 1.810588	Val Acc: 64.6875
Train Epoch: 6 [1280/49000 (3%)]	Train Loss: 1.788919	Val Loss: 1.819975	Val Acc: 65.15625
Train Epoch: 6 [2560/49000 (5%)]	Train Loss: 1.821910	Val Loss: 1.817722	Val Acc: 64.53125
Train Epoch: 6 [3840/49000 (8%)]	Train Loss: 1.798023	Val Loss: 1.823869	Val Acc: 64.0625
Train Epoch: 6 [5120/49000 (10%)]	Train Loss: 1.763028	Val Loss: 1.810038	Val Acc: 65.9375
Train Epoch: 6 [6400/49000 (13%)]	Train Loss: 1.812780	Val Loss: 1.801233	Val Acc: 66.09375
Train Epoch: 6 [7680/49000 (16%)]	Train Loss: 1.783847	Val Loss: 1.813100	Val Acc: 64.6875
Train Epoch: 6 [8960/49000 (18%)]	Train Loss: 1.820963	Val Loss: 1.806916	Val Acc: 65.78125
Train Epoch: 6 [10240/49000 (21%)]	Train Loss: 1.796994	Val Loss: 1.795179	Val Acc: 66.5625
Train Epoch: 6 [11520/49000 (23%)]	Train Loss: 1.851695	Val Loss: 1.786277	Val Acc: 66.71875
Train Epoch: 6 [12800/49000 (26%)]	Train Loss: 1.834292	Val Loss: 1.821008	Val Acc: 63.59375
Train Epoch: 6 [14080/49000 (29%)]	Train Loss: 1.828787	Val Loss: 1.829249	Val Acc: 63.125
Train Epoch: 6 [15360/49000 (31%)]	Train Loss: 1.822162	Val Loss: 1.819727	Val Acc: 64.21875
Train Epoch: 6 [16640/49000 (34%)]	Train Loss: 1.780201	Val Loss: 1.811865	Val Acc: 65.15625
Train Epoch: 6 [17920/49000 (37%)]	Train Loss: 1.807932	Val Loss: 1.831054	Val Acc: 62.1875
Train Epoch: 6 [19200/49000 (39%)]	Train Loss: 1.793045	Val Loss: 1.826699	Val Acc: 62.1875
Train Epoch: 6 [20480/49000 (42%)]	Train Loss: 1.795140	Val Loss: 1.841614	Val Acc: 62.1875
Train Epoch: 6 [21760/49000 (44%)]	Train Loss: 1.770153	Val Loss: 1.796560	Val Acc: 66.71875
Train Epoch: 6 [23040/49000 (47%)]	Train Loss: 1.810476	Val Loss: 1.820087	Val Acc: 64.0625
Train Epoch: 6 [24320/49000 (50%)]	Train Loss: 1.799446	Val Loss: 1.824943	Val Acc: 63.125
Train Epoch: 6 [25600/49000 (52%)]	Train Loss: 1.784910	Val Loss: 1.799491	Val Acc: 66.09375
Train Epoch: 6 [26880/49000 (55%)]	Train Loss: 1.858181	Val Loss: 1.815054	Val Acc: 64.53125
Train Epoch: 6 [28160/49000 (57%)]	Train Loss: 1.812805	Val Loss: 1.785470	Val Acc: 67.5
Train Epoch: 6 [29440/49000 (60%)]	Train Loss: 1.795880	Val Loss: 1.805667	Val Acc: 65.46875
Train Epoch: 6 [30720/49000 (63%)]	Train Loss: 1.830017	Val Loss: 1.804229	Val Acc: 66.25
Train Epoch: 6 [32000/49000 (65%)]	Train Loss: 1.793754	Val Loss: 1.830197	Val Acc: 62.96875
Train Epoch: 6 [33280/49000 (68%)]	Train Loss: 1.822652	Val Loss: 1.818052	Val Acc: 64.84375
Train Epoch: 6 [34560/49000 (70%)]	Train Loss: 1.851370	Val Loss: 1.792279	Val Acc: 67.1875
Train Epoch: 6 [35840/49000 (73%)]	Train Loss: 1.749309	Val Loss: 1.816597	Val Acc: 64.375
Train Epoch: 6 [37120/49000 (76%)]	Train Loss: 1.825527	Val Loss: 1.797931	Val Acc: 66.09375
Train Epoch: 6 [38400/49000 (78%)]	Train Loss: 1.756379	Val Loss: 1.828082	Val Acc: 63.90625
Train Epoch: 6 [39680/49000 (81%)]	Train Loss: 1.814408	Val Loss: 1.800345	Val Acc: 65.78125
Train Epoch: 6 [40960/49000 (84%)]	Train Loss: 1.757688	Val Loss: 1.810396	Val Acc: 64.375
Train Epoch: 6 [42240/49000 (86%)]	Train Loss: 1.815283	Val Loss: 1.759548	Val Acc: 70.625
Train Epoch: 6 [43520/49000 (89%)]	Train Loss: 1.807341	Val Loss: 1.819538	Val Acc: 64.53125
Train Epoch: 6 [44800/49000 (91%)]	Train Loss: 1.860646	Val Loss: 1.786404	Val Acc: 67.8125
Train Epoch: 6 [46080/49000 (94%)]	Train Loss: 1.806713	Val Loss: 1.808426	Val Acc: 65.46875
Train Epoch: 6 [47360/49000 (97%)]	Train Loss: 1.833412	Val Loss: 1.784491	Val Acc: 68.59375
Train Epoch: 6 [48640/49000 (99%)]	Train Loss: 1.765933	Val Loss: 1.801203	Val Acc: 66.25
check 4
sruthi check 2
sruthi check 6
Train Epoch: 7 [0/49000 (0%)]	Train Loss: 1.733694	Val Loss: 1.808877	Val Acc: 66.5625
Train Epoch: 7 [1280/49000 (3%)]	Train Loss: 1.816444	Val Loss: 1.796070	Val Acc: 66.5625
Train Epoch: 7 [2560/49000 (5%)]	Train Loss: 1.829227	Val Loss: 1.841866	Val Acc: 61.40625
Train Epoch: 7 [3840/49000 (8%)]	Train Loss: 1.776698	Val Loss: 1.817462	Val Acc: 64.84375
Train Epoch: 7 [5120/49000 (10%)]	Train Loss: 1.823970	Val Loss: 1.810463	Val Acc: 64.53125
Train Epoch: 7 [6400/49000 (13%)]	Train Loss: 1.747118	Val Loss: 1.807792	Val Acc: 64.375
Train Epoch: 7 [7680/49000 (16%)]	Train Loss: 1.810844	Val Loss: 1.788241	Val Acc: 67.1875
Train Epoch: 7 [8960/49000 (18%)]	Train Loss: 1.781626	Val Loss: 1.786095	Val Acc: 67.34375
Train Epoch: 7 [10240/49000 (21%)]	Train Loss: 1.779880	Val Loss: 1.813705	Val Acc: 63.90625
Train Epoch: 7 [11520/49000 (23%)]	Train Loss: 1.852232	Val Loss: 1.835508	Val Acc: 62.65625
Train Epoch: 7 [12800/49000 (26%)]	Train Loss: 1.781738	Val Loss: 1.795645	Val Acc: 66.71875
Train Epoch: 7 [14080/49000 (29%)]	Train Loss: 1.750947	Val Loss: 1.781285	Val Acc: 67.5
Train Epoch: 7 [15360/49000 (31%)]	Train Loss: 1.848705	Val Loss: 1.801576	Val Acc: 66.25
Train Epoch: 7 [16640/49000 (34%)]	Train Loss: 1.857673	Val Loss: 1.780171	Val Acc: 68.4375
Train Epoch: 7 [17920/49000 (37%)]	Train Loss: 1.784010	Val Loss: 1.805975	Val Acc: 66.40625
Train Epoch: 7 [19200/49000 (39%)]	Train Loss: 1.779680	Val Loss: 1.816315	Val Acc: 64.21875
Train Epoch: 7 [20480/49000 (42%)]	Train Loss: 1.831022	Val Loss: 1.807312	Val Acc: 64.84375
Train Epoch: 7 [21760/49000 (44%)]	Train Loss: 1.786812	Val Loss: 1.815818	Val Acc: 64.53125
Train Epoch: 7 [23040/49000 (47%)]	Train Loss: 1.771735	Val Loss: 1.787814	Val Acc: 67.1875
Train Epoch: 7 [24320/49000 (50%)]	Train Loss: 1.858454	Val Loss: 1.824497	Val Acc: 63.4375
Train Epoch: 7 [25600/49000 (52%)]	Train Loss: 1.819857	Val Loss: 1.782660	Val Acc: 67.65625
Train Epoch: 7 [26880/49000 (55%)]	Train Loss: 1.815007	Val Loss: 1.784911	Val Acc: 67.65625
Train Epoch: 7 [28160/49000 (57%)]	Train Loss: 1.806775	Val Loss: 1.796293	Val Acc: 66.875
Train Epoch: 7 [29440/49000 (60%)]	Train Loss: 1.750517	Val Loss: 1.791485	Val Acc: 66.875
Train Epoch: 7 [30720/49000 (63%)]	Train Loss: 1.813198	Val Loss: 1.764702	Val Acc: 70.625
Train Epoch: 7 [32000/49000 (65%)]	Train Loss: 1.759957	Val Loss: 1.797886	Val Acc: 66.40625
Train Epoch: 7 [33280/49000 (68%)]	Train Loss: 1.716110	Val Loss: 1.764716	Val Acc: 69.6875
Train Epoch: 7 [34560/49000 (70%)]	Train Loss: 1.731503	Val Loss: 1.804556	Val Acc: 65.3125
Train Epoch: 7 [35840/49000 (73%)]	Train Loss: 1.769405	Val Loss: 1.809702	Val Acc: 65.15625
Train Epoch: 7 [37120/49000 (76%)]	Train Loss: 1.743040	Val Loss: 1.787858	Val Acc: 66.71875
Train Epoch: 7 [38400/49000 (78%)]	Train Loss: 1.719674	Val Loss: 1.801160	Val Acc: 65.78125
Train Epoch: 7 [39680/49000 (81%)]	Train Loss: 1.779864	Val Loss: 1.807201	Val Acc: 65.78125
Train Epoch: 7 [40960/49000 (84%)]	Train Loss: 1.802451	Val Loss: 1.781410	Val Acc: 68.28125
Train Epoch: 7 [42240/49000 (86%)]	Train Loss: 1.779769	Val Loss: 1.775991	Val Acc: 67.96875
Train Epoch: 7 [43520/49000 (89%)]	Train Loss: 1.704603	Val Loss: 1.784636	Val Acc: 67.34375
Train Epoch: 7 [44800/49000 (91%)]	Train Loss: 1.786806	Val Loss: 1.786079	Val Acc: 67.8125
Train Epoch: 7 [46080/49000 (94%)]	Train Loss: 1.783028	Val Loss: 1.812493	Val Acc: 63.90625
Train Epoch: 7 [47360/49000 (97%)]	Train Loss: 1.810977	Val Loss: 1.795107	Val Acc: 66.09375
Train Epoch: 7 [48640/49000 (99%)]	Train Loss: 1.748580	Val Loss: 1.765279	Val Acc: 70.0
check 4
sruthi check 2
sruthi check 6
Train Epoch: 8 [0/49000 (0%)]	Train Loss: 1.826623	Val Loss: 1.788680	Val Acc: 66.5625
Train Epoch: 8 [1280/49000 (3%)]	Train Loss: 1.765777	Val Loss: 1.802868	Val Acc: 66.25
Train Epoch: 8 [2560/49000 (5%)]	Train Loss: 1.682923	Val Loss: 1.750649	Val Acc: 71.40625
Train Epoch: 8 [3840/49000 (8%)]	Train Loss: 1.810022	Val Loss: 1.782050	Val Acc: 68.125
Train Epoch: 8 [5120/49000 (10%)]	Train Loss: 1.714703	Val Loss: 1.797140	Val Acc: 65.9375
Train Epoch: 8 [6400/49000 (13%)]	Train Loss: 1.721700	Val Loss: 1.762012	Val Acc: 69.6875
Train Epoch: 8 [7680/49000 (16%)]	Train Loss: 1.783014	Val Loss: 1.805112	Val Acc: 65.625
Train Epoch: 8 [8960/49000 (18%)]	Train Loss: 1.727557	Val Loss: 1.779266	Val Acc: 67.96875
Train Epoch: 8 [10240/49000 (21%)]	Train Loss: 1.784917	Val Loss: 1.753272	Val Acc: 70.625
Train Epoch: 8 [11520/49000 (23%)]	Train Loss: 1.721204	Val Loss: 1.802121	Val Acc: 65.9375
Train Epoch: 8 [12800/49000 (26%)]	Train Loss: 1.771447	Val Loss: 1.748754	Val Acc: 71.25
Train Epoch: 8 [14080/49000 (29%)]	Train Loss: 1.744557	Val Loss: 1.786517	Val Acc: 67.34375
Train Epoch: 8 [15360/49000 (31%)]	Train Loss: 1.833179	Val Loss: 1.772835	Val Acc: 68.90625
Train Epoch: 8 [16640/49000 (34%)]	Train Loss: 1.831517	Val Loss: 1.822106	Val Acc: 64.0625
Train Epoch: 8 [17920/49000 (37%)]	Train Loss: 1.802512	Val Loss: 1.814198	Val Acc: 64.0625
Train Epoch: 8 [19200/49000 (39%)]	Train Loss: 1.781822	Val Loss: 1.816191	Val Acc: 63.28125
Train Epoch: 8 [20480/49000 (42%)]	Train Loss: 1.783781	Val Loss: 1.773479	Val Acc: 68.75
Train Epoch: 8 [21760/49000 (44%)]	Train Loss: 1.798840	Val Loss: 1.816982	Val Acc: 64.21875
Train Epoch: 8 [23040/49000 (47%)]	Train Loss: 1.768307	Val Loss: 1.794794	Val Acc: 66.875
Train Epoch: 8 [24320/49000 (50%)]	Train Loss: 1.795026	Val Loss: 1.784337	Val Acc: 67.96875
Train Epoch: 8 [25600/49000 (52%)]	Train Loss: 1.743128	Val Loss: 1.769715	Val Acc: 68.4375
Train Epoch: 8 [26880/49000 (55%)]	Train Loss: 1.787411	Val Loss: 1.753552	Val Acc: 71.40625
Train Epoch: 8 [28160/49000 (57%)]	Train Loss: 1.744648	Val Loss: 1.784810	Val Acc: 68.28125
Train Epoch: 8 [29440/49000 (60%)]	Train Loss: 1.748989	Val Loss: 1.792832	Val Acc: 66.09375
Train Epoch: 8 [30720/49000 (63%)]	Train Loss: 1.782648	Val Loss: 1.827881	Val Acc: 62.8125
Train Epoch: 8 [32000/49000 (65%)]	Train Loss: 1.724918	Val Loss: 1.785346	Val Acc: 67.03125
Train Epoch: 8 [33280/49000 (68%)]	Train Loss: 1.836755	Val Loss: 1.765431	Val Acc: 69.0625
Train Epoch: 8 [34560/49000 (70%)]	Train Loss: 1.682974	Val Loss: 1.818352	Val Acc: 64.21875
Train Epoch: 8 [35840/49000 (73%)]	Train Loss: 1.800709	Val Loss: 1.770078	Val Acc: 69.6875
Train Epoch: 8 [37120/49000 (76%)]	Train Loss: 1.761895	Val Loss: 1.776423	Val Acc: 69.21875
Train Epoch: 8 [38400/49000 (78%)]	Train Loss: 1.760518	Val Loss: 1.772357	Val Acc: 68.90625
Train Epoch: 8 [39680/49000 (81%)]	Train Loss: 1.722934	Val Loss: 1.786777	Val Acc: 67.34375
Train Epoch: 8 [40960/49000 (84%)]	Train Loss: 1.759074	Val Loss: 1.768045	Val Acc: 69.375
Train Epoch: 8 [42240/49000 (86%)]	Train Loss: 1.700655	Val Loss: 1.803987	Val Acc: 65.9375
Train Epoch: 8 [43520/49000 (89%)]	Train Loss: 1.777604	Val Loss: 1.787788	Val Acc: 67.96875
Train Epoch: 8 [44800/49000 (91%)]	Train Loss: 1.807418	Val Loss: 1.782486	Val Acc: 68.59375
Train Epoch: 8 [46080/49000 (94%)]	Train Loss: 1.729412	Val Loss: 1.780995	Val Acc: 68.4375
Train Epoch: 8 [47360/49000 (97%)]	Train Loss: 1.717348	Val Loss: 1.770867	Val Acc: 68.59375
Train Epoch: 8 [48640/49000 (99%)]	Train Loss: 1.709712	Val Loss: 1.766156	Val Acc: 69.21875
check 4
sruthi check 2
sruthi check 6
Train Epoch: 9 [0/49000 (0%)]	Train Loss: 1.680371	Val Loss: 1.767725	Val Acc: 69.84375
Train Epoch: 9 [1280/49000 (3%)]	Train Loss: 1.741959	Val Loss: 1.788486	Val Acc: 67.5
Train Epoch: 9 [2560/49000 (5%)]	Train Loss: 1.730919	Val Loss: 1.762784	Val Acc: 69.6875
Train Epoch: 9 [3840/49000 (8%)]	Train Loss: 1.728750	Val Loss: 1.773131	Val Acc: 67.96875
Train Epoch: 9 [5120/49000 (10%)]	Train Loss: 1.763073	Val Loss: 1.773460	Val Acc: 68.28125
Train Epoch: 9 [6400/49000 (13%)]	Train Loss: 1.695293	Val Loss: 1.767128	Val Acc: 70.0
Train Epoch: 9 [7680/49000 (16%)]	Train Loss: 1.738002	Val Loss: 1.791479	Val Acc: 66.5625
Train Epoch: 9 [8960/49000 (18%)]	Train Loss: 1.665829	Val Loss: 1.764032	Val Acc: 69.84375
Train Epoch: 9 [10240/49000 (21%)]	Train Loss: 1.758438	Val Loss: 1.778120	Val Acc: 67.8125
Train Epoch: 9 [11520/49000 (23%)]	Train Loss: 1.712845	Val Loss: 1.767442	Val Acc: 70.0
Train Epoch: 9 [12800/49000 (26%)]	Train Loss: 1.726949	Val Loss: 1.800426	Val Acc: 66.25
Train Epoch: 9 [14080/49000 (29%)]	Train Loss: 1.703005	Val Loss: 1.770232	Val Acc: 68.90625
Train Epoch: 9 [15360/49000 (31%)]	Train Loss: 1.743321	Val Loss: 1.761452	Val Acc: 70.0
Train Epoch: 9 [16640/49000 (34%)]	Train Loss: 1.736588	Val Loss: 1.769065	Val Acc: 69.0625
Train Epoch: 9 [17920/49000 (37%)]	Train Loss: 1.784089	Val Loss: 1.769983	Val Acc: 69.21875
Train Epoch: 9 [19200/49000 (39%)]	Train Loss: 1.825840	Val Loss: 1.780517	Val Acc: 68.125
Train Epoch: 9 [20480/49000 (42%)]	Train Loss: 1.728227	Val Loss: 1.768191	Val Acc: 69.84375
Train Epoch: 9 [21760/49000 (44%)]	Train Loss: 1.673943	Val Loss: 1.768380	Val Acc: 69.375
Train Epoch: 9 [23040/49000 (47%)]	Train Loss: 1.721397	Val Loss: 1.786986	Val Acc: 67.5
Train Epoch: 9 [24320/49000 (50%)]	Train Loss: 1.734897	Val Loss: 1.787111	Val Acc: 67.34375
Train Epoch: 9 [25600/49000 (52%)]	Train Loss: 1.714232	Val Loss: 1.792630	Val Acc: 65.9375
Train Epoch: 9 [26880/49000 (55%)]	Train Loss: 1.758609	Val Loss: 1.786632	Val Acc: 67.8125
Train Epoch: 9 [28160/49000 (57%)]	Train Loss: 1.767933	Val Loss: 1.773144	Val Acc: 68.4375
Train Epoch: 9 [29440/49000 (60%)]	Train Loss: 1.816639	Val Loss: 1.764003	Val Acc: 70.0
Train Epoch: 9 [30720/49000 (63%)]	Train Loss: 1.728514	Val Loss: 1.750598	Val Acc: 70.9375
Train Epoch: 9 [32000/49000 (65%)]	Train Loss: 1.741315	Val Loss: 1.789150	Val Acc: 66.875
Train Epoch: 9 [33280/49000 (68%)]	Train Loss: 1.747748	Val Loss: 1.779750	Val Acc: 68.125
Train Epoch: 9 [34560/49000 (70%)]	Train Loss: 1.732677	Val Loss: 1.754846	Val Acc: 70.78125
Train Epoch: 9 [35840/49000 (73%)]	Train Loss: 1.731131	Val Loss: 1.763812	Val Acc: 69.6875
Train Epoch: 9 [37120/49000 (76%)]	Train Loss: 1.809037	Val Loss: 1.783860	Val Acc: 68.28125
Train Epoch: 9 [38400/49000 (78%)]	Train Loss: 1.734732	Val Loss: 1.775029	Val Acc: 68.90625
Train Epoch: 9 [39680/49000 (81%)]	Train Loss: 1.772011	Val Loss: 1.746998	Val Acc: 72.03125
Train Epoch: 9 [40960/49000 (84%)]	Train Loss: 1.724158	Val Loss: 1.766964	Val Acc: 69.375
Train Epoch: 9 [42240/49000 (86%)]	Train Loss: 1.797948	Val Loss: 1.807050	Val Acc: 65.15625
Train Epoch: 9 [43520/49000 (89%)]	Train Loss: 1.730940	Val Loss: 1.806364	Val Acc: 65.3125
Train Epoch: 9 [44800/49000 (91%)]	Train Loss: 1.783792	Val Loss: 1.820346	Val Acc: 62.8125
Train Epoch: 9 [46080/49000 (94%)]	Train Loss: 1.762025	Val Loss: 1.804587	Val Acc: 65.46875
Train Epoch: 9 [47360/49000 (97%)]	Train Loss: 1.725318	Val Loss: 1.760958	Val Acc: 70.46875
Train Epoch: 9 [48640/49000 (99%)]	Train Loss: 1.843103	Val Loss: 1.761875	Val Acc: 69.84375
check 4
sruthi check 2
sruthi check 6
Train Epoch: 10 [0/49000 (0%)]	Train Loss: 1.707158	Val Loss: 1.766325	Val Acc: 69.53125
Train Epoch: 10 [1280/49000 (3%)]	Train Loss: 1.713748	Val Loss: 1.760381	Val Acc: 69.53125
Train Epoch: 10 [2560/49000 (5%)]	Train Loss: 1.706863	Val Loss: 1.777331	Val Acc: 68.90625
Train Epoch: 10 [3840/49000 (8%)]	Train Loss: 1.694063	Val Loss: 1.745307	Val Acc: 71.25
Train Epoch: 10 [5120/49000 (10%)]	Train Loss: 1.741088	Val Loss: 1.761858	Val Acc: 69.21875
Train Epoch: 10 [6400/49000 (13%)]	Train Loss: 1.759685	Val Loss: 1.781675	Val Acc: 67.5
Train Epoch: 10 [7680/49000 (16%)]	Train Loss: 1.701370	Val Loss: 1.768420	Val Acc: 68.90625
Train Epoch: 10 [8960/49000 (18%)]	Train Loss: 1.691633	Val Loss: 1.780765	Val Acc: 68.59375
Train Epoch: 10 [10240/49000 (21%)]	Train Loss: 1.709560	Val Loss: 1.791911	Val Acc: 66.40625
Train Epoch: 10 [11520/49000 (23%)]	Train Loss: 1.756405	Val Loss: 1.765183	Val Acc: 70.15625
Train Epoch: 10 [12800/49000 (26%)]	Train Loss: 1.734308	Val Loss: 1.761287	Val Acc: 69.6875
Train Epoch: 10 [14080/49000 (29%)]	Train Loss: 1.735257	Val Loss: 1.762321	Val Acc: 69.53125
Train Epoch: 10 [15360/49000 (31%)]	Train Loss: 1.727126	Val Loss: 1.773935	Val Acc: 68.28125
Train Epoch: 10 [16640/49000 (34%)]	Train Loss: 1.730861	Val Loss: 1.767060	Val Acc: 69.375
Train Epoch: 10 [17920/49000 (37%)]	Train Loss: 1.716840	Val Loss: 1.778301	Val Acc: 67.34375
Train Epoch: 10 [19200/49000 (39%)]	Train Loss: 1.763582	Val Loss: 1.801016	Val Acc: 65.78125
Train Epoch: 10 [20480/49000 (42%)]	Train Loss: 1.683825	Val Loss: 1.758345	Val Acc: 70.3125
Train Epoch: 10 [21760/49000 (44%)]	Train Loss: 1.774029	Val Loss: 1.784229	Val Acc: 67.65625
Train Epoch: 10 [23040/49000 (47%)]	Train Loss: 1.748610	Val Loss: 1.759354	Val Acc: 69.84375
Train Epoch: 10 [24320/49000 (50%)]	Train Loss: 1.745883	Val Loss: 1.751253	Val Acc: 70.78125
Train Epoch: 10 [25600/49000 (52%)]	Train Loss: 1.763350	Val Loss: 1.762262	Val Acc: 70.15625
Train Epoch: 10 [26880/49000 (55%)]	Train Loss: 1.760468	Val Loss: 1.766432	Val Acc: 69.375
Train Epoch: 10 [28160/49000 (57%)]	Train Loss: 1.783481	Val Loss: 1.748230	Val Acc: 71.25
Train Epoch: 10 [29440/49000 (60%)]	Train Loss: 1.767585	Val Loss: 1.744659	Val Acc: 71.71875
Train Epoch: 10 [30720/49000 (63%)]	Train Loss: 1.736050	Val Loss: 1.759820	Val Acc: 69.53125
Train Epoch: 10 [32000/49000 (65%)]	Train Loss: 1.811718	Val Loss: 1.796521	Val Acc: 65.625
Train Epoch: 10 [33280/49000 (68%)]	Train Loss: 1.779858	Val Loss: 1.783369	Val Acc: 67.1875
Train Epoch: 10 [34560/49000 (70%)]	Train Loss: 1.721090	Val Loss: 1.747222	Val Acc: 71.5625
Train Epoch: 10 [35840/49000 (73%)]	Train Loss: 1.702453	Val Loss: 1.752500	Val Acc: 70.625
Train Epoch: 10 [37120/49000 (76%)]	Train Loss: 1.735320	Val Loss: 1.744701	Val Acc: 71.25
Train Epoch: 10 [38400/49000 (78%)]	Train Loss: 1.687302	Val Loss: 1.758779	Val Acc: 70.46875
Train Epoch: 10 [39680/49000 (81%)]	Train Loss: 1.826016	Val Loss: 1.766043	Val Acc: 69.375
Train Epoch: 10 [40960/49000 (84%)]	Train Loss: 1.716084	Val Loss: 1.747043	Val Acc: 72.03125
Train Epoch: 10 [42240/49000 (86%)]	Train Loss: 1.721676	Val Loss: 1.749596	Val Acc: 71.875
Train Epoch: 10 [43520/49000 (89%)]	Train Loss: 1.776690	Val Loss: 1.779778	Val Acc: 67.8125
Train Epoch: 10 [44800/49000 (91%)]	Train Loss: 1.692929	Val Loss: 1.735838	Val Acc: 72.8125
Train Epoch: 10 [46080/49000 (94%)]	Train Loss: 1.703995	Val Loss: 1.749256	Val Acc: 70.9375
Train Epoch: 10 [47360/49000 (97%)]	Train Loss: 1.749445	Val Loss: 1.747552	Val Acc: 72.1875
Train Epoch: 10 [48640/49000 (99%)]	Train Loss: 1.849400	Val Loss: 1.766482	Val Acc: 69.0625
check 4
sruthi check 2
sruthi check 6
Train Epoch: 11 [0/49000 (0%)]	Train Loss: 1.686425	Val Loss: 1.755645	Val Acc: 70.15625
Train Epoch: 11 [1280/49000 (3%)]	Train Loss: 1.725665	Val Loss: 1.785749	Val Acc: 66.71875
Train Epoch: 11 [2560/49000 (5%)]	Train Loss: 1.722848	Val Loss: 1.760245	Val Acc: 70.625
Train Epoch: 11 [3840/49000 (8%)]	Train Loss: 1.675971	Val Loss: 1.757971	Val Acc: 71.09375
Train Epoch: 11 [5120/49000 (10%)]	Train Loss: 1.723056	Val Loss: 1.743146	Val Acc: 71.25
Train Epoch: 11 [6400/49000 (13%)]	Train Loss: 1.753289	Val Loss: 1.755682	Val Acc: 70.3125
Train Epoch: 11 [7680/49000 (16%)]	Train Loss: 1.678628	Val Loss: 1.772441	Val Acc: 68.90625
Train Epoch: 11 [8960/49000 (18%)]	Train Loss: 1.685384	Val Loss: 1.766427	Val Acc: 69.84375
Train Epoch: 11 [10240/49000 (21%)]	Train Loss: 1.735447	Val Loss: 1.781563	Val Acc: 67.65625
Train Epoch: 11 [11520/49000 (23%)]	Train Loss: 1.683409	Val Loss: 1.748127	Val Acc: 71.40625
Train Epoch: 11 [12800/49000 (26%)]	Train Loss: 1.732438	Val Loss: 1.747713	Val Acc: 71.71875
Train Epoch: 11 [14080/49000 (29%)]	Train Loss: 1.728509	Val Loss: 1.764684	Val Acc: 69.0625
Train Epoch: 11 [15360/49000 (31%)]	Train Loss: 1.768074	Val Loss: 1.772843	Val Acc: 68.90625
Train Epoch: 11 [16640/49000 (34%)]	Train Loss: 1.740715	Val Loss: 1.758959	Val Acc: 70.625
Train Epoch: 11 [17920/49000 (37%)]	Train Loss: 1.670387	Val Loss: 1.756465	Val Acc: 70.15625
Train Epoch: 11 [19200/49000 (39%)]	Train Loss: 1.768076	Val Loss: 1.756471	Val Acc: 70.46875
Train Epoch: 11 [20480/49000 (42%)]	Train Loss: 1.725223	Val Loss: 1.746362	Val Acc: 71.71875
Train Epoch: 11 [21760/49000 (44%)]	Train Loss: 1.741909	Val Loss: 1.757269	Val Acc: 70.15625
Train Epoch: 11 [23040/49000 (47%)]	Train Loss: 1.733678	Val Loss: 1.748171	Val Acc: 70.9375
Train Epoch: 11 [24320/49000 (50%)]	Train Loss: 1.693050	Val Loss: 1.741718	Val Acc: 72.1875
Train Epoch: 11 [25600/49000 (52%)]	Train Loss: 1.780805	Val Loss: 1.732409	Val Acc: 72.8125
Train Epoch: 11 [26880/49000 (55%)]	Train Loss: 1.707799	Val Loss: 1.758703	Val Acc: 70.15625
Train Epoch: 11 [28160/49000 (57%)]	Train Loss: 1.651275	Val Loss: 1.760966	Val Acc: 70.46875
Train Epoch: 11 [29440/49000 (60%)]	Train Loss: 1.686375	Val Loss: 1.757505	Val Acc: 70.46875
Train Epoch: 11 [30720/49000 (63%)]	Train Loss: 1.715073	Val Loss: 1.771717	Val Acc: 68.75
Train Epoch: 11 [32000/49000 (65%)]	Train Loss: 1.687349	Val Loss: 1.756294	Val Acc: 70.625
Train Epoch: 11 [33280/49000 (68%)]	Train Loss: 1.730718	Val Loss: 1.761947	Val Acc: 70.0
Train Epoch: 11 [34560/49000 (70%)]	Train Loss: 1.766164	Val Loss: 1.767993	Val Acc: 69.0625
Train Epoch: 11 [35840/49000 (73%)]	Train Loss: 1.761552	Val Loss: 1.768128	Val Acc: 68.90625
Train Epoch: 11 [37120/49000 (76%)]	Train Loss: 1.739272	Val Loss: 1.749808	Val Acc: 70.46875
Train Epoch: 11 [38400/49000 (78%)]	Train Loss: 1.728099	Val Loss: 1.728769	Val Acc: 73.28125
Train Epoch: 11 [39680/49000 (81%)]	Train Loss: 1.747532	Val Loss: 1.751775	Val Acc: 70.78125
Train Epoch: 11 [40960/49000 (84%)]	Train Loss: 1.742308	Val Loss: 1.740756	Val Acc: 72.96875
Train Epoch: 11 [42240/49000 (86%)]	Train Loss: 1.680588	Val Loss: 1.717168	Val Acc: 74.375
Train Epoch: 11 [43520/49000 (89%)]	Train Loss: 1.689476	Val Loss: 1.716866	Val Acc: 74.0625
Train Epoch: 11 [44800/49000 (91%)]	Train Loss: 1.733324	Val Loss: 1.728199	Val Acc: 73.4375
Train Epoch: 11 [46080/49000 (94%)]	Train Loss: 1.770811	Val Loss: 1.744265	Val Acc: 71.875
Train Epoch: 11 [47360/49000 (97%)]	Train Loss: 1.731902	Val Loss: 1.747262	Val Acc: 71.09375
Train Epoch: 11 [48640/49000 (99%)]	Train Loss: 1.701994	Val Loss: 1.737472	Val Acc: 72.65625
check 4
sruthi check 2
sruthi check 6
Train Epoch: 12 [0/49000 (0%)]	Train Loss: 1.687181	Val Loss: 1.721985	Val Acc: 73.90625
Train Epoch: 12 [1280/49000 (3%)]	Train Loss: 1.677145	Val Loss: 1.740636	Val Acc: 71.71875
Train Epoch: 12 [2560/49000 (5%)]	Train Loss: 1.723623	Val Loss: 1.740456	Val Acc: 71.875
Train Epoch: 12 [3840/49000 (8%)]	Train Loss: 1.725035	Val Loss: 1.751359	Val Acc: 71.40625
Train Epoch: 12 [5120/49000 (10%)]	Train Loss: 1.731705	Val Loss: 1.752810	Val Acc: 70.625
Train Epoch: 12 [6400/49000 (13%)]	Train Loss: 1.733114	Val Loss: 1.749421	Val Acc: 71.25
Train Epoch: 12 [7680/49000 (16%)]	Train Loss: 1.670781	Val Loss: 1.763524	Val Acc: 70.0
Train Epoch: 12 [8960/49000 (18%)]	Train Loss: 1.660149	Val Loss: 1.750776	Val Acc: 70.3125
Train Epoch: 12 [10240/49000 (21%)]	Train Loss: 1.770622	Val Loss: 1.749448	Val Acc: 70.3125
Train Epoch: 12 [11520/49000 (23%)]	Train Loss: 1.721287	Val Loss: 1.745326	Val Acc: 71.71875
Train Epoch: 12 [12800/49000 (26%)]	Train Loss: 1.653244	Val Loss: 1.759035	Val Acc: 69.84375
Train Epoch: 12 [14080/49000 (29%)]	Train Loss: 1.701228	Val Loss: 1.752082	Val Acc: 71.40625
Train Epoch: 12 [15360/49000 (31%)]	Train Loss: 1.675994	Val Loss: 1.742072	Val Acc: 72.5
Train Epoch: 12 [16640/49000 (34%)]	Train Loss: 1.678903	Val Loss: 1.759635	Val Acc: 69.6875
Train Epoch: 12 [17920/49000 (37%)]	Train Loss: 1.638272	Val Loss: 1.733661	Val Acc: 72.96875
Train Epoch: 12 [19200/49000 (39%)]	Train Loss: 1.699174	Val Loss: 1.739661	Val Acc: 72.34375
Train Epoch: 12 [20480/49000 (42%)]	Train Loss: 1.696769	Val Loss: 1.755455	Val Acc: 69.6875
Train Epoch: 12 [21760/49000 (44%)]	Train Loss: 1.714790	Val Loss: 1.751065	Val Acc: 70.78125
Train Epoch: 12 [23040/49000 (47%)]	Train Loss: 1.663021	Val Loss: 1.736869	Val Acc: 72.34375
Train Epoch: 12 [24320/49000 (50%)]	Train Loss: 1.677649	Val Loss: 1.750120	Val Acc: 70.78125
Train Epoch: 12 [25600/49000 (52%)]	Train Loss: 1.692218	Val Loss: 1.734325	Val Acc: 72.03125
Train Epoch: 12 [26880/49000 (55%)]	Train Loss: 1.696725	Val Loss: 1.738572	Val Acc: 72.5
Train Epoch: 12 [28160/49000 (57%)]	Train Loss: 1.735109	Val Loss: 1.749136	Val Acc: 70.9375
Train Epoch: 12 [29440/49000 (60%)]	Train Loss: 1.694217	Val Loss: 1.787999	Val Acc: 67.03125
Train Epoch: 12 [30720/49000 (63%)]	Train Loss: 1.694304	Val Loss: 1.747658	Val Acc: 70.9375
Train Epoch: 12 [32000/49000 (65%)]	Train Loss: 1.740133	Val Loss: 1.744856	Val Acc: 71.71875
Train Epoch: 12 [33280/49000 (68%)]	Train Loss: 1.669810	Val Loss: 1.735110	Val Acc: 72.34375
Train Epoch: 12 [34560/49000 (70%)]	Train Loss: 1.685277	Val Loss: 1.725443	Val Acc: 73.90625
Train Epoch: 12 [35840/49000 (73%)]	Train Loss: 1.688069	Val Loss: 1.715961	Val Acc: 73.90625
Train Epoch: 12 [37120/49000 (76%)]	Train Loss: 1.685122	Val Loss: 1.775481	Val Acc: 68.28125
Train Epoch: 12 [38400/49000 (78%)]	Train Loss: 1.650425	Val Loss: 1.743806	Val Acc: 72.5
Train Epoch: 12 [39680/49000 (81%)]	Train Loss: 1.730759	Val Loss: 1.750171	Val Acc: 70.625
Train Epoch: 12 [40960/49000 (84%)]	Train Loss: 1.682675	Val Loss: 1.728872	Val Acc: 73.125
Train Epoch: 12 [42240/49000 (86%)]	Train Loss: 1.740202	Val Loss: 1.742408	Val Acc: 71.875
Train Epoch: 12 [43520/49000 (89%)]	Train Loss: 1.707606	Val Loss: 1.740925	Val Acc: 71.25
Train Epoch: 12 [44800/49000 (91%)]	Train Loss: 1.638983	Val Loss: 1.715697	Val Acc: 74.0625
Train Epoch: 12 [46080/49000 (94%)]	Train Loss: 1.678962	Val Loss: 1.716622	Val Acc: 74.0625
Train Epoch: 12 [47360/49000 (97%)]	Train Loss: 1.722942	Val Loss: 1.744890	Val Acc: 71.5625
Train Epoch: 12 [48640/49000 (99%)]	Train Loss: 1.706721	Val Loss: 1.745207	Val Acc: 71.5625
check 4
sruthi check 2
sruthi check 6
Train Epoch: 13 [0/49000 (0%)]	Train Loss: 1.565390	Val Loss: 1.742625	Val Acc: 72.34375
Train Epoch: 13 [1280/49000 (3%)]	Train Loss: 1.710360	Val Loss: 1.740181	Val Acc: 72.03125
Train Epoch: 13 [2560/49000 (5%)]	Train Loss: 1.674673	Val Loss: 1.751797	Val Acc: 70.9375
Train Epoch: 13 [3840/49000 (8%)]	Train Loss: 1.666759	Val Loss: 1.742066	Val Acc: 72.1875
Train Epoch: 13 [5120/49000 (10%)]	Train Loss: 1.653509	Val Loss: 1.734141	Val Acc: 72.65625
Train Epoch: 13 [6400/49000 (13%)]	Train Loss: 1.705003	Val Loss: 1.731530	Val Acc: 72.8125
Train Epoch: 13 [7680/49000 (16%)]	Train Loss: 1.696270	Val Loss: 1.714403	Val Acc: 75.0
Train Epoch: 13 [8960/49000 (18%)]	Train Loss: 1.675689	Val Loss: 1.715910	Val Acc: 74.6875
Train Epoch: 13 [10240/49000 (21%)]	Train Loss: 1.594106	Val Loss: 1.716043	Val Acc: 75.0
Train Epoch: 13 [11520/49000 (23%)]	Train Loss: 1.692536	Val Loss: 1.714538	Val Acc: 74.53125
Train Epoch: 13 [12800/49000 (26%)]	Train Loss: 1.662607	Val Loss: 1.721376	Val Acc: 74.0625
Train Epoch: 13 [14080/49000 (29%)]	Train Loss: 1.650987	Val Loss: 1.715147	Val Acc: 75.15625
Train Epoch: 13 [15360/49000 (31%)]	Train Loss: 1.710741	Val Loss: 1.748793	Val Acc: 70.625
Train Epoch: 13 [16640/49000 (34%)]	Train Loss: 1.661418	Val Loss: 1.749096	Val Acc: 70.9375
Train Epoch: 13 [17920/49000 (37%)]	Train Loss: 1.698555	Val Loss: 1.740058	Val Acc: 72.65625
Train Epoch: 13 [19200/49000 (39%)]	Train Loss: 1.638599	Val Loss: 1.719360	Val Acc: 74.53125
Train Epoch: 13 [20480/49000 (42%)]	Train Loss: 1.696278	Val Loss: 1.741138	Val Acc: 72.5
Train Epoch: 13 [21760/49000 (44%)]	Train Loss: 1.770633	Val Loss: 1.719993	Val Acc: 74.0625
Train Epoch: 13 [23040/49000 (47%)]	Train Loss: 1.640882	Val Loss: 1.723851	Val Acc: 74.21875
Train Epoch: 13 [24320/49000 (50%)]	Train Loss: 1.711450	Val Loss: 1.732377	Val Acc: 73.4375
Train Epoch: 13 [25600/49000 (52%)]	Train Loss: 1.663044	Val Loss: 1.730569	Val Acc: 72.96875
Train Epoch: 13 [26880/49000 (55%)]	Train Loss: 1.667087	Val Loss: 1.715352	Val Acc: 75.3125
Train Epoch: 13 [28160/49000 (57%)]	Train Loss: 1.730318	Val Loss: 1.730358	Val Acc: 72.8125
Train Epoch: 13 [29440/49000 (60%)]	Train Loss: 1.732558	Val Loss: 1.726690	Val Acc: 72.5
Train Epoch: 13 [30720/49000 (63%)]	Train Loss: 1.631191	Val Loss: 1.738093	Val Acc: 72.1875
Train Epoch: 13 [32000/49000 (65%)]	Train Loss: 1.698140	Val Loss: 1.732656	Val Acc: 72.65625
Train Epoch: 13 [33280/49000 (68%)]	Train Loss: 1.733795	Val Loss: 1.724544	Val Acc: 74.21875
Train Epoch: 13 [34560/49000 (70%)]	Train Loss: 1.683730	Val Loss: 1.738257	Val Acc: 72.03125
Train Epoch: 13 [35840/49000 (73%)]	Train Loss: 1.713651	Val Loss: 1.727833	Val Acc: 74.0625
Train Epoch: 13 [37120/49000 (76%)]	Train Loss: 1.672646	Val Loss: 1.751274	Val Acc: 71.71875
Train Epoch: 13 [38400/49000 (78%)]	Train Loss: 1.662752	Val Loss: 1.741344	Val Acc: 72.34375
Train Epoch: 13 [39680/49000 (81%)]	Train Loss: 1.669260	Val Loss: 1.748290	Val Acc: 71.40625
Train Epoch: 13 [40960/49000 (84%)]	Train Loss: 1.732787	Val Loss: 1.732559	Val Acc: 72.34375
Train Epoch: 13 [42240/49000 (86%)]	Train Loss: 1.679965	Val Loss: 1.708636	Val Acc: 75.9375
Train Epoch: 13 [43520/49000 (89%)]	Train Loss: 1.676454	Val Loss: 1.722289	Val Acc: 73.90625
Train Epoch: 13 [44800/49000 (91%)]	Train Loss: 1.771904	Val Loss: 1.730132	Val Acc: 73.28125
Train Epoch: 13 [46080/49000 (94%)]	Train Loss: 1.660336	Val Loss: 1.740361	Val Acc: 72.8125
Train Epoch: 13 [47360/49000 (97%)]	Train Loss: 1.669882	Val Loss: 1.733035	Val Acc: 73.125
Train Epoch: 13 [48640/49000 (99%)]	Train Loss: 1.723585	Val Loss: 1.733930	Val Acc: 72.03125
check 4
sruthi check 2
sruthi check 6
Train Epoch: 14 [0/49000 (0%)]	Train Loss: 1.723473	Val Loss: 1.721576	Val Acc: 73.75
Train Epoch: 14 [1280/49000 (3%)]	Train Loss: 1.691515	Val Loss: 1.746272	Val Acc: 71.5625
Train Epoch: 14 [2560/49000 (5%)]	Train Loss: 1.652075	Val Loss: 1.731620	Val Acc: 72.5
Train Epoch: 14 [3840/49000 (8%)]	Train Loss: 1.721617	Val Loss: 1.750199	Val Acc: 71.09375
Train Epoch: 14 [5120/49000 (10%)]	Train Loss: 1.648739	Val Loss: 1.722395	Val Acc: 74.21875
Train Epoch: 14 [6400/49000 (13%)]	Train Loss: 1.676613	Val Loss: 1.739225	Val Acc: 72.34375
Train Epoch: 14 [7680/49000 (16%)]	Train Loss: 1.698832	Val Loss: 1.717206	Val Acc: 74.6875
Train Epoch: 14 [8960/49000 (18%)]	Train Loss: 1.686493	Val Loss: 1.710084	Val Acc: 74.6875
Train Epoch: 14 [10240/49000 (21%)]	Train Loss: 1.665356	Val Loss: 1.705923	Val Acc: 74.84375
Train Epoch: 14 [11520/49000 (23%)]	Train Loss: 1.643381	Val Loss: 1.709408	Val Acc: 75.15625
Train Epoch: 14 [12800/49000 (26%)]	Train Loss: 1.612238	Val Loss: 1.713261	Val Acc: 74.84375
Train Epoch: 14 [14080/49000 (29%)]	Train Loss: 1.744642	Val Loss: 1.721346	Val Acc: 74.0625
Train Epoch: 14 [15360/49000 (31%)]	Train Loss: 1.683068	Val Loss: 1.726712	Val Acc: 73.28125
Train Epoch: 14 [16640/49000 (34%)]	Train Loss: 1.751658	Val Loss: 1.750003	Val Acc: 71.25
Train Epoch: 14 [17920/49000 (37%)]	Train Loss: 1.656632	Val Loss: 1.742447	Val Acc: 71.25
Train Epoch: 14 [19200/49000 (39%)]	Train Loss: 1.714954	Val Loss: 1.726466	Val Acc: 73.90625
Train Epoch: 14 [20480/49000 (42%)]	Train Loss: 1.698300	Val Loss: 1.727126	Val Acc: 72.8125
Train Epoch: 14 [21760/49000 (44%)]	Train Loss: 1.620304	Val Loss: 1.696516	Val Acc: 76.71875
Train Epoch: 14 [23040/49000 (47%)]	Train Loss: 1.695928	Val Loss: 1.730490	Val Acc: 73.75
Train Epoch: 14 [24320/49000 (50%)]	Train Loss: 1.622168	Val Loss: 1.748971	Val Acc: 70.78125
Train Epoch: 14 [25600/49000 (52%)]	Train Loss: 1.706569	Val Loss: 1.757667	Val Acc: 70.0
Train Epoch: 14 [26880/49000 (55%)]	Train Loss: 1.632036	Val Loss: 1.703311	Val Acc: 75.78125
Train Epoch: 14 [28160/49000 (57%)]	Train Loss: 1.585400	Val Loss: 1.742287	Val Acc: 71.5625
Train Epoch: 14 [29440/49000 (60%)]	Train Loss: 1.666733	Val Loss: 1.697172	Val Acc: 76.71875
Train Epoch: 14 [30720/49000 (63%)]	Train Loss: 1.595802	Val Loss: 1.720503	Val Acc: 73.90625
Train Epoch: 14 [32000/49000 (65%)]	Train Loss: 1.657244	Val Loss: 1.724171	Val Acc: 73.4375
Train Epoch: 14 [33280/49000 (68%)]	Train Loss: 1.708027	Val Loss: 1.772576	Val Acc: 68.28125
Train Epoch: 14 [34560/49000 (70%)]	Train Loss: 1.668661	Val Loss: 1.719690	Val Acc: 74.21875
Train Epoch: 14 [35840/49000 (73%)]	Train Loss: 1.645473	Val Loss: 1.733294	Val Acc: 72.65625
Train Epoch: 14 [37120/49000 (76%)]	Train Loss: 1.598931	Val Loss: 1.716481	Val Acc: 74.84375
Train Epoch: 14 [38400/49000 (78%)]	Train Loss: 1.646080	Val Loss: 1.725108	Val Acc: 73.4375
Train Epoch: 14 [39680/49000 (81%)]	Train Loss: 1.705012	Val Loss: 1.723051	Val Acc: 74.21875
Train Epoch: 14 [40960/49000 (84%)]	Train Loss: 1.655376	Val Loss: 1.746803	Val Acc: 72.03125
Train Epoch: 14 [42240/49000 (86%)]	Train Loss: 1.718200	Val Loss: 1.717630	Val Acc: 74.375
Train Epoch: 14 [43520/49000 (89%)]	Train Loss: 1.699665	Val Loss: 1.740222	Val Acc: 71.40625
Train Epoch: 14 [44800/49000 (91%)]	Train Loss: 1.658058	Val Loss: 1.720858	Val Acc: 74.375
Train Epoch: 14 [46080/49000 (94%)]	Train Loss: 1.688976	Val Loss: 1.720644	Val Acc: 73.4375
Train Epoch: 14 [47360/49000 (97%)]	Train Loss: 1.747571	Val Loss: 1.730646	Val Acc: 73.4375
Train Epoch: 14 [48640/49000 (99%)]	Train Loss: 1.635818	Val Loss: 1.703917	Val Acc: 76.09375
check 4
sruthi check 2
sruthi check 6
Train Epoch: 15 [0/49000 (0%)]	Train Loss: 1.697930	Val Loss: 1.742827	Val Acc: 71.25
Train Epoch: 15 [1280/49000 (3%)]	Train Loss: 1.687728	Val Loss: 1.731899	Val Acc: 73.125
Train Epoch: 15 [2560/49000 (5%)]	Train Loss: 1.712439	Val Loss: 1.739688	Val Acc: 72.5
Train Epoch: 15 [3840/49000 (8%)]	Train Loss: 1.635893	Val Loss: 1.705910	Val Acc: 75.78125
Train Epoch: 15 [5120/49000 (10%)]	Train Loss: 1.654054	Val Loss: 1.743014	Val Acc: 71.09375
Train Epoch: 15 [6400/49000 (13%)]	Train Loss: 1.656571	Val Loss: 1.710153	Val Acc: 75.46875
Train Epoch: 15 [7680/49000 (16%)]	Train Loss: 1.686244	Val Loss: 1.731781	Val Acc: 72.65625
Train Epoch: 15 [8960/49000 (18%)]	Train Loss: 1.686201	Val Loss: 1.727021	Val Acc: 73.125
Train Epoch: 15 [10240/49000 (21%)]	Train Loss: 1.630444	Val Loss: 1.722014	Val Acc: 73.59375
Train Epoch: 15 [11520/49000 (23%)]	Train Loss: 1.712575	Val Loss: 1.741241	Val Acc: 72.03125
Train Epoch: 15 [12800/49000 (26%)]	Train Loss: 1.665409	Val Loss: 1.715448	Val Acc: 75.0
Train Epoch: 15 [14080/49000 (29%)]	Train Loss: 1.661157	Val Loss: 1.717954	Val Acc: 73.90625
Train Epoch: 15 [15360/49000 (31%)]	Train Loss: 1.663609	Val Loss: 1.700722	Val Acc: 76.25
Train Epoch: 15 [16640/49000 (34%)]	Train Loss: 1.682471	Val Loss: 1.723093	Val Acc: 73.59375
Train Epoch: 15 [17920/49000 (37%)]	Train Loss: 1.657062	Val Loss: 1.713034	Val Acc: 74.84375
Train Epoch: 15 [19200/49000 (39%)]	Train Loss: 1.639136	Val Loss: 1.737313	Val Acc: 72.03125
Train Epoch: 15 [20480/49000 (42%)]	Train Loss: 1.660086	Val Loss: 1.729623	Val Acc: 73.125
Train Epoch: 15 [21760/49000 (44%)]	Train Loss: 1.671180	Val Loss: 1.710632	Val Acc: 75.46875
Train Epoch: 15 [23040/49000 (47%)]	Train Loss: 1.659778	Val Loss: 1.717523	Val Acc: 73.90625
Train Epoch: 15 [24320/49000 (50%)]	Train Loss: 1.716137	Val Loss: 1.719504	Val Acc: 73.90625
Train Epoch: 15 [25600/49000 (52%)]	Train Loss: 1.642740	Val Loss: 1.699683	Val Acc: 76.5625
Train Epoch: 15 [26880/49000 (55%)]	Train Loss: 1.659694	Val Loss: 1.710487	Val Acc: 75.625
Train Epoch: 15 [28160/49000 (57%)]	Train Loss: 1.732372	Val Loss: 1.721178	Val Acc: 73.59375
Train Epoch: 15 [29440/49000 (60%)]	Train Loss: 1.638043	Val Loss: 1.723735	Val Acc: 73.125
Train Epoch: 15 [30720/49000 (63%)]	Train Loss: 1.612127	Val Loss: 1.693941	Val Acc: 77.03125
Train Epoch: 15 [32000/49000 (65%)]	Train Loss: 1.622061	Val Loss: 1.689486	Val Acc: 77.5
Train Epoch: 15 [33280/49000 (68%)]	Train Loss: 1.668615	Val Loss: 1.726284	Val Acc: 73.125
Train Epoch: 15 [34560/49000 (70%)]	Train Loss: 1.636002	Val Loss: 1.726918	Val Acc: 73.4375
Train Epoch: 15 [35840/49000 (73%)]	Train Loss: 1.676910	Val Loss: 1.717419	Val Acc: 73.90625
Train Epoch: 15 [37120/49000 (76%)]	Train Loss: 1.697541	Val Loss: 1.698234	Val Acc: 76.71875
Train Epoch: 15 [38400/49000 (78%)]	Train Loss: 1.711507	Val Loss: 1.708987	Val Acc: 75.46875
Train Epoch: 15 [39680/49000 (81%)]	Train Loss: 1.645425	Val Loss: 1.742334	Val Acc: 71.71875
Train Epoch: 15 [40960/49000 (84%)]	Train Loss: 1.658958	Val Loss: 1.728338	Val Acc: 72.96875
Train Epoch: 15 [42240/49000 (86%)]	Train Loss: 1.718210	Val Loss: 1.709257	Val Acc: 75.625
Train Epoch: 15 [43520/49000 (89%)]	Train Loss: 1.590342	Val Loss: 1.719355	Val Acc: 74.0625
Train Epoch: 15 [44800/49000 (91%)]	Train Loss: 1.699814	Val Loss: 1.719791	Val Acc: 74.53125
Train Epoch: 15 [46080/49000 (94%)]	Train Loss: 1.660066	Val Loss: 1.735392	Val Acc: 72.5
Train Epoch: 15 [47360/49000 (97%)]	Train Loss: 1.671703	Val Loss: 1.734624	Val Acc: 72.96875
Train Epoch: 15 [48640/49000 (99%)]	Train Loss: 1.673306	Val Loss: 1.740866	Val Acc: 72.03125
check 4
sruthi check 2
sruthi check 6
Train Epoch: 16 [0/49000 (0%)]	Train Loss: 1.660172	Val Loss: 1.721352	Val Acc: 73.59375
Train Epoch: 16 [1280/49000 (3%)]	Train Loss: 1.683793	Val Loss: 1.718887	Val Acc: 73.75
Train Epoch: 16 [2560/49000 (5%)]	Train Loss: 1.608536	Val Loss: 1.741069	Val Acc: 72.34375
Train Epoch: 16 [3840/49000 (8%)]	Train Loss: 1.693306	Val Loss: 1.712392	Val Acc: 74.375
Train Epoch: 16 [5120/49000 (10%)]	Train Loss: 1.631941	Val Loss: 1.719198	Val Acc: 74.84375
Train Epoch: 16 [6400/49000 (13%)]	Train Loss: 1.600831	Val Loss: 1.717884	Val Acc: 74.53125
Train Epoch: 16 [7680/49000 (16%)]	Train Loss: 1.619755	Val Loss: 1.706543	Val Acc: 75.15625
Train Epoch: 16 [8960/49000 (18%)]	Train Loss: 1.636635	Val Loss: 1.741022	Val Acc: 73.125
Train Epoch: 16 [10240/49000 (21%)]	Train Loss: 1.623304	Val Loss: 1.720951	Val Acc: 74.53125
Train Epoch: 16 [11520/49000 (23%)]	Train Loss: 1.623500	Val Loss: 1.713983	Val Acc: 75.46875
Train Epoch: 16 [12800/49000 (26%)]	Train Loss: 1.639084	Val Loss: 1.698502	Val Acc: 76.5625
Train Epoch: 16 [14080/49000 (29%)]	Train Loss: 1.601054	Val Loss: 1.706195	Val Acc: 75.3125
Train Epoch: 16 [15360/49000 (31%)]	Train Loss: 1.641465	Val Loss: 1.724250	Val Acc: 73.4375
Train Epoch: 16 [16640/49000 (34%)]	Train Loss: 1.643917	Val Loss: 1.713935	Val Acc: 74.0625
Train Epoch: 16 [17920/49000 (37%)]	Train Loss: 1.651254	Val Loss: 1.701299	Val Acc: 76.25
Train Epoch: 16 [19200/49000 (39%)]	Train Loss: 1.592669	Val Loss: 1.705033	Val Acc: 76.25
Train Epoch: 16 [20480/49000 (42%)]	Train Loss: 1.620933	Val Loss: 1.700080	Val Acc: 76.25
Train Epoch: 16 [21760/49000 (44%)]	Train Loss: 1.641110	Val Loss: 1.706534	Val Acc: 75.15625
Train Epoch: 16 [23040/49000 (47%)]	Train Loss: 1.615632	Val Loss: 1.731990	Val Acc: 72.8125
Train Epoch: 16 [24320/49000 (50%)]	Train Loss: 1.605672	Val Loss: 1.711999	Val Acc: 74.6875
Train Epoch: 16 [25600/49000 (52%)]	Train Loss: 1.593953	Val Loss: 1.724627	Val Acc: 73.28125
Train Epoch: 16 [26880/49000 (55%)]	Train Loss: 1.659351	Val Loss: 1.720237	Val Acc: 73.59375
Train Epoch: 16 [28160/49000 (57%)]	Train Loss: 1.708090	Val Loss: 1.715555	Val Acc: 74.84375
Train Epoch: 16 [29440/49000 (60%)]	Train Loss: 1.652188	Val Loss: 1.716765	Val Acc: 74.0625
Train Epoch: 16 [30720/49000 (63%)]	Train Loss: 1.631009	Val Loss: 1.734308	Val Acc: 73.125
Train Epoch: 16 [32000/49000 (65%)]	Train Loss: 1.661219	Val Loss: 1.707914	Val Acc: 75.3125
Train Epoch: 16 [33280/49000 (68%)]	Train Loss: 1.634585	Val Loss: 1.691138	Val Acc: 76.71875
Train Epoch: 16 [34560/49000 (70%)]	Train Loss: 1.610304	Val Loss: 1.724675	Val Acc: 73.59375
Train Epoch: 16 [35840/49000 (73%)]	Train Loss: 1.636852	Val Loss: 1.727968	Val Acc: 72.8125
Train Epoch: 16 [37120/49000 (76%)]	Train Loss: 1.603506	Val Loss: 1.707788	Val Acc: 75.46875
Train Epoch: 16 [38400/49000 (78%)]	Train Loss: 1.664036	Val Loss: 1.720610	Val Acc: 74.21875
Train Epoch: 16 [39680/49000 (81%)]	Train Loss: 1.625975	Val Loss: 1.725063	Val Acc: 73.28125
Train Epoch: 16 [40960/49000 (84%)]	Train Loss: 1.648061	Val Loss: 1.695043	Val Acc: 77.1875
Train Epoch: 16 [42240/49000 (86%)]	Train Loss: 1.700687	Val Loss: 1.734911	Val Acc: 72.65625
Train Epoch: 16 [43520/49000 (89%)]	Train Loss: 1.670372	Val Loss: 1.719978	Val Acc: 74.21875
Train Epoch: 16 [44800/49000 (91%)]	Train Loss: 1.603764	Val Loss: 1.704325	Val Acc: 76.09375
Train Epoch: 16 [46080/49000 (94%)]	Train Loss: 1.630263	Val Loss: 1.719581	Val Acc: 74.0625
Train Epoch: 16 [47360/49000 (97%)]	Train Loss: 1.654119	Val Loss: 1.712945	Val Acc: 74.375
Train Epoch: 16 [48640/49000 (99%)]	Train Loss: 1.578562	Val Loss: 1.723493	Val Acc: 73.75
check 4
sruthi check 2
sruthi check 6
Train Epoch: 17 [0/49000 (0%)]	Train Loss: 1.653675	Val Loss: 1.709885	Val Acc: 75.625
Train Epoch: 17 [1280/49000 (3%)]	Train Loss: 1.589068	Val Loss: 1.712672	Val Acc: 74.6875
Train Epoch: 17 [2560/49000 (5%)]	Train Loss: 1.595042	Val Loss: 1.723925	Val Acc: 74.0625
Train Epoch: 17 [3840/49000 (8%)]	Train Loss: 1.620845	Val Loss: 1.697243	Val Acc: 76.40625
Train Epoch: 17 [5120/49000 (10%)]	Train Loss: 1.582260	Val Loss: 1.712196	Val Acc: 75.3125
Train Epoch: 17 [6400/49000 (13%)]	Train Loss: 1.633893	Val Loss: 1.716574	Val Acc: 74.0625
Train Epoch: 17 [7680/49000 (16%)]	Train Loss: 1.598648	Val Loss: 1.719913	Val Acc: 74.21875
Train Epoch: 17 [8960/49000 (18%)]	Train Loss: 1.686140	Val Loss: 1.724972	Val Acc: 73.75
Train Epoch: 17 [10240/49000 (21%)]	Train Loss: 1.637681	Val Loss: 1.695400	Val Acc: 76.71875
Train Epoch: 17 [11520/49000 (23%)]	Train Loss: 1.640097	Val Loss: 1.687138	Val Acc: 77.5
Train Epoch: 17 [12800/49000 (26%)]	Train Loss: 1.621842	Val Loss: 1.715440	Val Acc: 74.0625
Train Epoch: 17 [14080/49000 (29%)]	Train Loss: 1.604641	Val Loss: 1.724666	Val Acc: 72.8125
Train Epoch: 17 [15360/49000 (31%)]	Train Loss: 1.641742	Val Loss: 1.723957	Val Acc: 73.90625
Train Epoch: 17 [16640/49000 (34%)]	Train Loss: 1.564661	Val Loss: 1.698058	Val Acc: 76.71875
Train Epoch: 17 [17920/49000 (37%)]	Train Loss: 1.632168	Val Loss: 1.710562	Val Acc: 74.6875
Train Epoch: 17 [19200/49000 (39%)]	Train Loss: 1.634976	Val Loss: 1.686592	Val Acc: 77.96875
Train Epoch: 17 [20480/49000 (42%)]	Train Loss: 1.624265	Val Loss: 1.695800	Val Acc: 77.03125
Train Epoch: 17 [21760/49000 (44%)]	Train Loss: 1.603273	Val Loss: 1.714083	Val Acc: 74.375
Train Epoch: 17 [23040/49000 (47%)]	Train Loss: 1.588459	Val Loss: 1.705017	Val Acc: 75.15625
Train Epoch: 17 [24320/49000 (50%)]	Train Loss: 1.590056	Val Loss: 1.701959	Val Acc: 76.25
Train Epoch: 17 [25600/49000 (52%)]	Train Loss: 1.634473	Val Loss: 1.710690	Val Acc: 74.0625
Train Epoch: 17 [26880/49000 (55%)]	Train Loss: 1.640867	Val Loss: 1.727288	Val Acc: 72.96875
Train Epoch: 17 [28160/49000 (57%)]	Train Loss: 1.622299	Val Loss: 1.698243	Val Acc: 76.5625
Train Epoch: 17 [29440/49000 (60%)]	Train Loss: 1.591789	Val Loss: 1.713135	Val Acc: 75.46875
Train Epoch: 17 [30720/49000 (63%)]	Train Loss: 1.688331	Val Loss: 1.731074	Val Acc: 72.96875
Train Epoch: 17 [32000/49000 (65%)]	Train Loss: 1.686255	Val Loss: 1.699219	Val Acc: 75.9375
Train Epoch: 17 [33280/49000 (68%)]	Train Loss: 1.671441	Val Loss: 1.704767	Val Acc: 75.15625
Train Epoch: 17 [34560/49000 (70%)]	Train Loss: 1.623085	Val Loss: 1.710267	Val Acc: 74.6875
Train Epoch: 17 [35840/49000 (73%)]	Train Loss: 1.620375	Val Loss: 1.681148	Val Acc: 78.125
Train Epoch: 17 [37120/49000 (76%)]	Train Loss: 1.680183	Val Loss: 1.710325	Val Acc: 74.6875
Train Epoch: 17 [38400/49000 (78%)]	Train Loss: 1.657403	Val Loss: 1.698144	Val Acc: 75.9375
Train Epoch: 17 [39680/49000 (81%)]	Train Loss: 1.632109	Val Loss: 1.706623	Val Acc: 75.0
Train Epoch: 17 [40960/49000 (84%)]	Train Loss: 1.669223	Val Loss: 1.694426	Val Acc: 77.5
Train Epoch: 17 [42240/49000 (86%)]	Train Loss: 1.590947	Val Loss: 1.685268	Val Acc: 77.96875
Train Epoch: 17 [43520/49000 (89%)]	Train Loss: 1.643823	Val Loss: 1.716604	Val Acc: 73.75
Train Epoch: 17 [44800/49000 (91%)]	Train Loss: 1.659360	Val Loss: 1.691842	Val Acc: 77.1875
Train Epoch: 17 [46080/49000 (94%)]	Train Loss: 1.653456	Val Loss: 1.719439	Val Acc: 73.75
Train Epoch: 17 [47360/49000 (97%)]	Train Loss: 1.604582	Val Loss: 1.702735	Val Acc: 75.625
Train Epoch: 17 [48640/49000 (99%)]	Train Loss: 1.604674	Val Loss: 1.686845	Val Acc: 77.34375
check 4
sruthi check 2
sruthi check 6
Train Epoch: 18 [0/49000 (0%)]	Train Loss: 1.621674	Val Loss: 1.699422	Val Acc: 75.9375
Train Epoch: 18 [1280/49000 (3%)]	Train Loss: 1.626151	Val Loss: 1.705600	Val Acc: 75.0
Train Epoch: 18 [2560/49000 (5%)]	Train Loss: 1.592892	Val Loss: 1.694189	Val Acc: 76.875
Train Epoch: 18 [3840/49000 (8%)]	Train Loss: 1.579952	Val Loss: 1.696016	Val Acc: 76.40625
Train Epoch: 18 [5120/49000 (10%)]	Train Loss: 1.589846	Val Loss: 1.709336	Val Acc: 75.15625
Train Epoch: 18 [6400/49000 (13%)]	Train Loss: 1.539191	Val Loss: 1.699621	Val Acc: 75.78125
Train Epoch: 18 [7680/49000 (16%)]	Train Loss: 1.587755	Val Loss: 1.706732	Val Acc: 75.78125
Train Epoch: 18 [8960/49000 (18%)]	Train Loss: 1.668846	Val Loss: 1.690482	Val Acc: 76.875
Train Epoch: 18 [10240/49000 (21%)]	Train Loss: 1.666486	Val Loss: 1.697199	Val Acc: 76.5625
Train Epoch: 18 [11520/49000 (23%)]	Train Loss: 1.573709	Val Loss: 1.701683	Val Acc: 75.9375
Train Epoch: 18 [12800/49000 (26%)]	Train Loss: 1.602518	Val Loss: 1.694736	Val Acc: 76.5625
Train Epoch: 18 [14080/49000 (29%)]	Train Loss: 1.647219	Val Loss: 1.706548	Val Acc: 75.625
Train Epoch: 18 [15360/49000 (31%)]	Train Loss: 1.600041	Val Loss: 1.719890	Val Acc: 73.75
Train Epoch: 18 [16640/49000 (34%)]	Train Loss: 1.644749	Val Loss: 1.709051	Val Acc: 74.375
Train Epoch: 18 [17920/49000 (37%)]	Train Loss: 1.609096	Val Loss: 1.707338	Val Acc: 75.0
Train Epoch: 18 [19200/49000 (39%)]	Train Loss: 1.620299	Val Loss: 1.702013	Val Acc: 76.5625
Train Epoch: 18 [20480/49000 (42%)]	Train Loss: 1.643196	Val Loss: 1.710020	Val Acc: 75.3125
Train Epoch: 18 [21760/49000 (44%)]	Train Loss: 1.629946	Val Loss: 1.694181	Val Acc: 76.875
Train Epoch: 18 [23040/49000 (47%)]	Train Loss: 1.611237	Val Loss: 1.697730	Val Acc: 76.71875
Train Epoch: 18 [24320/49000 (50%)]	Train Loss: 1.620876	Val Loss: 1.694082	Val Acc: 77.34375
Train Epoch: 18 [25600/49000 (52%)]	Train Loss: 1.583104	Val Loss: 1.711332	Val Acc: 75.3125
Train Epoch: 18 [26880/49000 (55%)]	Train Loss: 1.659936	Val Loss: 1.720123	Val Acc: 74.0625
Train Epoch: 18 [28160/49000 (57%)]	Train Loss: 1.636058	Val Loss: 1.691977	Val Acc: 76.875
Train Epoch: 18 [29440/49000 (60%)]	Train Loss: 1.599369	Val Loss: 1.709631	Val Acc: 75.625
Train Epoch: 18 [30720/49000 (63%)]	Train Loss: 1.650956	Val Loss: 1.710829	Val Acc: 74.53125
Train Epoch: 18 [32000/49000 (65%)]	Train Loss: 1.649189	Val Loss: 1.726348	Val Acc: 73.75
Train Epoch: 18 [33280/49000 (68%)]	Train Loss: 1.581134	Val Loss: 1.710505	Val Acc: 74.53125
Train Epoch: 18 [34560/49000 (70%)]	Train Loss: 1.588770	Val Loss: 1.695012	Val Acc: 76.875
Train Epoch: 18 [35840/49000 (73%)]	Train Loss: 1.608594	Val Loss: 1.713524	Val Acc: 74.0625
Train Epoch: 18 [37120/49000 (76%)]	Train Loss: 1.668556	Val Loss: 1.709766	Val Acc: 75.0
Train Epoch: 18 [38400/49000 (78%)]	Train Loss: 1.550183	Val Loss: 1.692845	Val Acc: 77.34375
Train Epoch: 18 [39680/49000 (81%)]	Train Loss: 1.662264	Val Loss: 1.699614	Val Acc: 76.09375
Train Epoch: 18 [40960/49000 (84%)]	Train Loss: 1.614633	Val Loss: 1.736594	Val Acc: 72.34375
Train Epoch: 18 [42240/49000 (86%)]	Train Loss: 1.580338	Val Loss: 1.695750	Val Acc: 76.875
Train Epoch: 18 [43520/49000 (89%)]	Train Loss: 1.580911	Val Loss: 1.679728	Val Acc: 78.4375
Train Epoch: 18 [44800/49000 (91%)]	Train Loss: 1.607732	Val Loss: 1.713334	Val Acc: 74.84375
Train Epoch: 18 [46080/49000 (94%)]	Train Loss: 1.661339	Val Loss: 1.721241	Val Acc: 73.59375
Train Epoch: 18 [47360/49000 (97%)]	Train Loss: 1.613173	Val Loss: 1.714849	Val Acc: 74.6875
Train Epoch: 18 [48640/49000 (99%)]	Train Loss: 1.581559	Val Loss: 1.711728	Val Acc: 74.53125
check 4
sruthi check 2
sruthi check 6
Train Epoch: 19 [0/49000 (0%)]	Train Loss: 1.588192	Val Loss: 1.696137	Val Acc: 76.5625
Train Epoch: 19 [1280/49000 (3%)]	Train Loss: 1.622353	Val Loss: 1.721271	Val Acc: 73.75
Train Epoch: 19 [2560/49000 (5%)]	Train Loss: 1.616620	Val Loss: 1.705523	Val Acc: 75.46875
Train Epoch: 19 [3840/49000 (8%)]	Train Loss: 1.584010	Val Loss: 1.694446	Val Acc: 77.1875
Train Epoch: 19 [5120/49000 (10%)]	Train Loss: 1.654928	Val Loss: 1.691749	Val Acc: 77.34375
Train Epoch: 19 [6400/49000 (13%)]	Train Loss: 1.574485	Val Loss: 1.684367	Val Acc: 77.96875
Train Epoch: 19 [7680/49000 (16%)]	Train Loss: 1.617833	Val Loss: 1.706641	Val Acc: 75.3125
Train Epoch: 19 [8960/49000 (18%)]	Train Loss: 1.583702	Val Loss: 1.686157	Val Acc: 77.65625
Train Epoch: 19 [10240/49000 (21%)]	Train Loss: 1.578966	Val Loss: 1.710824	Val Acc: 74.21875
Train Epoch: 19 [11520/49000 (23%)]	Train Loss: 1.581972	Val Loss: 1.706615	Val Acc: 75.9375
Train Epoch: 19 [12800/49000 (26%)]	Train Loss: 1.600297	Val Loss: 1.707458	Val Acc: 75.0
Train Epoch: 19 [14080/49000 (29%)]	Train Loss: 1.633255	Val Loss: 1.698130	Val Acc: 75.9375
Train Epoch: 19 [15360/49000 (31%)]	Train Loss: 1.623018	Val Loss: 1.701196	Val Acc: 76.25
Train Epoch: 19 [16640/49000 (34%)]	Train Loss: 1.580498	Val Loss: 1.696047	Val Acc: 76.25
Train Epoch: 19 [17920/49000 (37%)]	Train Loss: 1.634296	Val Loss: 1.694096	Val Acc: 76.5625
Train Epoch: 19 [19200/49000 (39%)]	Train Loss: 1.631116	Val Loss: 1.699046	Val Acc: 76.25
Train Epoch: 19 [20480/49000 (42%)]	Train Loss: 1.586014	Val Loss: 1.688496	Val Acc: 77.65625
Train Epoch: 19 [21760/49000 (44%)]	Train Loss: 1.613171	Val Loss: 1.702209	Val Acc: 76.09375
Train Epoch: 19 [23040/49000 (47%)]	Train Loss: 1.607731	Val Loss: 1.711294	Val Acc: 74.84375
Train Epoch: 19 [24320/49000 (50%)]	Train Loss: 1.637109	Val Loss: 1.695092	Val Acc: 76.25
Train Epoch: 19 [25600/49000 (52%)]	Train Loss: 1.602853	Val Loss: 1.702993	Val Acc: 75.3125
Train Epoch: 19 [26880/49000 (55%)]	Train Loss: 1.609003	Val Loss: 1.721002	Val Acc: 74.0625
Train Epoch: 19 [28160/49000 (57%)]	Train Loss: 1.618579	Val Loss: 1.688585	Val Acc: 77.34375
Train Epoch: 19 [29440/49000 (60%)]	Train Loss: 1.615849	Val Loss: 1.721770	Val Acc: 73.125
Train Epoch: 19 [30720/49000 (63%)]	Train Loss: 1.621279	Val Loss: 1.689090	Val Acc: 77.34375
Train Epoch: 19 [32000/49000 (65%)]	Train Loss: 1.630514	Val Loss: 1.714422	Val Acc: 75.15625
Train Epoch: 19 [33280/49000 (68%)]	Train Loss: 1.673475	Val Loss: 1.704077	Val Acc: 76.25
Train Epoch: 19 [34560/49000 (70%)]	Train Loss: 1.641990	Val Loss: 1.699358	Val Acc: 75.9375
Train Epoch: 19 [35840/49000 (73%)]	Train Loss: 1.594746	Val Loss: 1.674328	Val Acc: 79.21875
Train Epoch: 19 [37120/49000 (76%)]	Train Loss: 1.656551	Val Loss: 1.693639	Val Acc: 76.71875
Train Epoch: 19 [38400/49000 (78%)]	Train Loss: 1.581089	Val Loss: 1.710463	Val Acc: 74.6875
Train Epoch: 19 [39680/49000 (81%)]	Train Loss: 1.612835	Val Loss: 1.686888	Val Acc: 77.65625
Train Epoch: 19 [40960/49000 (84%)]	Train Loss: 1.604252	Val Loss: 1.689144	Val Acc: 76.5625
Train Epoch: 19 [42240/49000 (86%)]	Train Loss: 1.595105	Val Loss: 1.700519	Val Acc: 76.40625
Train Epoch: 19 [43520/49000 (89%)]	Train Loss: 1.641418	Val Loss: 1.677418	Val Acc: 78.59375
Train Epoch: 19 [44800/49000 (91%)]	Train Loss: 1.596445	Val Loss: 1.711677	Val Acc: 74.375
Train Epoch: 19 [46080/49000 (94%)]	Train Loss: 1.605471	Val Loss: 1.675926	Val Acc: 78.59375
Train Epoch: 19 [47360/49000 (97%)]	Train Loss: 1.568249	Val Loss: 1.690269	Val Acc: 77.5
Train Epoch: 19 [48640/49000 (99%)]	Train Loss: 1.638743	Val Loss: 1.707533	Val Acc: 75.46875
check 4
sruthi check 2
sruthi check 6
Train Epoch: 20 [0/49000 (0%)]	Train Loss: 1.603510	Val Loss: 1.715845	Val Acc: 74.6875
Train Epoch: 20 [1280/49000 (3%)]	Train Loss: 1.639475	Val Loss: 1.680128	Val Acc: 77.65625
Train Epoch: 20 [2560/49000 (5%)]	Train Loss: 1.578881	Val Loss: 1.711497	Val Acc: 74.6875
Train Epoch: 20 [3840/49000 (8%)]	Train Loss: 1.607016	Val Loss: 1.695743	Val Acc: 76.5625
Train Epoch: 20 [5120/49000 (10%)]	Train Loss: 1.598464	Val Loss: 1.685498	Val Acc: 77.65625
Train Epoch: 20 [6400/49000 (13%)]	Train Loss: 1.608182	Val Loss: 1.700140	Val Acc: 76.09375
Train Epoch: 20 [7680/49000 (16%)]	Train Loss: 1.581349	Val Loss: 1.683444	Val Acc: 77.8125
Train Epoch: 20 [8960/49000 (18%)]	Train Loss: 1.598783	Val Loss: 1.696529	Val Acc: 76.25
Train Epoch: 20 [10240/49000 (21%)]	Train Loss: 1.644142	Val Loss: 1.710558	Val Acc: 75.3125
Train Epoch: 20 [11520/49000 (23%)]	Train Loss: 1.581360	Val Loss: 1.696427	Val Acc: 76.09375
Train Epoch: 20 [12800/49000 (26%)]	Train Loss: 1.615662	Val Loss: 1.686779	Val Acc: 77.34375
Train Epoch: 20 [14080/49000 (29%)]	Train Loss: 1.613842	Val Loss: 1.694889	Val Acc: 76.25
Train Epoch: 20 [15360/49000 (31%)]	Train Loss: 1.531652	Val Loss: 1.682672	Val Acc: 77.5
Train Epoch: 20 [16640/49000 (34%)]	Train Loss: 1.580040	Val Loss: 1.708243	Val Acc: 75.0
Train Epoch: 20 [17920/49000 (37%)]	Train Loss: 1.593565	Val Loss: 1.691960	Val Acc: 77.34375
Train Epoch: 20 [19200/49000 (39%)]	Train Loss: 1.647316	Val Loss: 1.688221	Val Acc: 76.875
Train Epoch: 20 [20480/49000 (42%)]	Train Loss: 1.582628	Val Loss: 1.689924	Val Acc: 77.34375
Train Epoch: 20 [21760/49000 (44%)]	Train Loss: 1.612406	Val Loss: 1.699250	Val Acc: 76.5625
Train Epoch: 20 [23040/49000 (47%)]	Train Loss: 1.603018	Val Loss: 1.686859	Val Acc: 77.5
Train Epoch: 20 [24320/49000 (50%)]	Train Loss: 1.607128	Val Loss: 1.689862	Val Acc: 76.40625
Train Epoch: 20 [25600/49000 (52%)]	Train Loss: 1.601056	Val Loss: 1.695610	Val Acc: 76.5625
Train Epoch: 20 [26880/49000 (55%)]	Train Loss: 1.575273	Val Loss: 1.705954	Val Acc: 75.0
Train Epoch: 20 [28160/49000 (57%)]	Train Loss: 1.519930	Val Loss: 1.695158	Val Acc: 76.25
Train Epoch: 20 [29440/49000 (60%)]	Train Loss: 1.655190	Val Loss: 1.697525	Val Acc: 76.71875
Train Epoch: 20 [30720/49000 (63%)]	Train Loss: 1.602865	Val Loss: 1.700467	Val Acc: 76.5625
Train Epoch: 20 [32000/49000 (65%)]	Train Loss: 1.636676	Val Loss: 1.685971	Val Acc: 77.34375
Train Epoch: 20 [33280/49000 (68%)]	Train Loss: 1.525466	Val Loss: 1.675971	Val Acc: 78.75
Train Epoch: 20 [34560/49000 (70%)]	Train Loss: 1.561833	Val Loss: 1.697269	Val Acc: 76.40625
Train Epoch: 20 [35840/49000 (73%)]	Train Loss: 1.609417	Val Loss: 1.701118	Val Acc: 75.625
Train Epoch: 20 [37120/49000 (76%)]	Train Loss: 1.597216	Val Loss: 1.706242	Val Acc: 75.15625
Train Epoch: 20 [38400/49000 (78%)]	Train Loss: 1.629013	Val Loss: 1.704836	Val Acc: 75.625
Train Epoch: 20 [39680/49000 (81%)]	Train Loss: 1.620943	Val Loss: 1.693375	Val Acc: 77.34375
Train Epoch: 20 [40960/49000 (84%)]	Train Loss: 1.638323	Val Loss: 1.702372	Val Acc: 76.25
Train Epoch: 20 [42240/49000 (86%)]	Train Loss: 1.568966	Val Loss: 1.721574	Val Acc: 74.6875
Train Epoch: 20 [43520/49000 (89%)]	Train Loss: 1.562247	Val Loss: 1.704166	Val Acc: 75.78125
Train Epoch: 20 [44800/49000 (91%)]	Train Loss: 1.571294	Val Loss: 1.707495	Val Acc: 75.15625
Train Epoch: 20 [46080/49000 (94%)]	Train Loss: 1.636413	Val Loss: 1.711536	Val Acc: 74.84375
Train Epoch: 20 [47360/49000 (97%)]	Train Loss: 1.629853	Val Loss: 1.699843	Val Acc: 75.46875
Train Epoch: 20 [48640/49000 (99%)]	Train Loss: 1.639785	Val Loss: 1.693063	Val Acc: 76.40625
check 5

test set: Average loss: 1.7096, Accuracy: 7523/10000 (75%)

