Files already downloaded and verified
Files already downloaded and verified
Files already downloaded and verified
check 4
sruthi check 2
sruthi check 6
Train Epoch: 1 [0/49000 (0%)]	Train Loss: 2.311334	Val Loss: 2.306945	Val Acc: 6.875
Train Epoch: 1 [1280/49000 (3%)]	Train Loss: 2.296270	Val Loss: 2.300759	Val Acc: 9.6875
Train Epoch: 1 [2560/49000 (5%)]	Train Loss: 2.298791	Val Loss: 2.293350	Val Acc: 13.75
Train Epoch: 1 [3840/49000 (8%)]	Train Loss: 2.286704	Val Loss: 2.281125	Val Acc: 16.25
Train Epoch: 1 [5120/49000 (10%)]	Train Loss: 2.266888	Val Loss: 2.267492	Val Acc: 19.0625
Train Epoch: 1 [6400/49000 (13%)]	Train Loss: 2.259829	Val Loss: 2.261286	Val Acc: 17.03125
Train Epoch: 1 [7680/49000 (16%)]	Train Loss: 2.253458	Val Loss: 2.242042	Val Acc: 24.53125
Train Epoch: 1 [8960/49000 (18%)]	Train Loss: 2.209168	Val Loss: 2.225144	Val Acc: 22.65625
Train Epoch: 1 [10240/49000 (21%)]	Train Loss: 2.207550	Val Loss: 2.197349	Val Acc: 27.1875
Train Epoch: 1 [11520/49000 (23%)]	Train Loss: 2.174208	Val Loss: 2.146639	Val Acc: 34.84375
Train Epoch: 1 [12800/49000 (26%)]	Train Loss: 2.172274	Val Loss: 2.124484	Val Acc: 35.625
Train Epoch: 1 [14080/49000 (29%)]	Train Loss: 2.100627	Val Loss: 2.108519	Val Acc: 36.25
Train Epoch: 1 [15360/49000 (31%)]	Train Loss: 2.075853	Val Loss: 2.095901	Val Acc: 37.34375
Train Epoch: 1 [16640/49000 (34%)]	Train Loss: 2.073396	Val Loss: 2.051202	Val Acc: 43.59375
Train Epoch: 1 [17920/49000 (37%)]	Train Loss: 2.131958	Val Loss: 2.056324	Val Acc: 41.40625
Train Epoch: 1 [19200/49000 (39%)]	Train Loss: 2.043972	Val Loss: 2.016204	Val Acc: 45.9375
Train Epoch: 1 [20480/49000 (42%)]	Train Loss: 2.066511	Val Loss: 2.059021	Val Acc: 40.0
Train Epoch: 1 [21760/49000 (44%)]	Train Loss: 2.100314	Val Loss: 2.057100	Val Acc: 41.09375
Train Epoch: 1 [23040/49000 (47%)]	Train Loss: 1.980023	Val Loss: 1.998875	Val Acc: 47.65625
Train Epoch: 1 [24320/49000 (50%)]	Train Loss: 2.028368	Val Loss: 2.002073	Val Acc: 47.34375
Train Epoch: 1 [25600/49000 (52%)]	Train Loss: 2.022846	Val Loss: 1.981875	Val Acc: 48.28125
Train Epoch: 1 [26880/49000 (55%)]	Train Loss: 2.010096	Val Loss: 1.992180	Val Acc: 47.5
Train Epoch: 1 [28160/49000 (57%)]	Train Loss: 1.918351	Val Loss: 1.965429	Val Acc: 50.625
Train Epoch: 1 [29440/49000 (60%)]	Train Loss: 1.950984	Val Loss: 1.955229	Val Acc: 51.40625
Train Epoch: 1 [30720/49000 (63%)]	Train Loss: 1.928015	Val Loss: 1.952029	Val Acc: 51.25
Train Epoch: 1 [32000/49000 (65%)]	Train Loss: 1.896904	Val Loss: 1.969543	Val Acc: 48.90625
Train Epoch: 1 [33280/49000 (68%)]	Train Loss: 1.968881	Val Loss: 1.929259	Val Acc: 53.90625
Train Epoch: 1 [34560/49000 (70%)]	Train Loss: 1.935808	Val Loss: 1.905692	Val Acc: 55.625
Train Epoch: 1 [35840/49000 (73%)]	Train Loss: 1.866910	Val Loss: 1.888433	Val Acc: 58.90625
Train Epoch: 1 [37120/49000 (76%)]	Train Loss: 1.956566	Val Loss: 1.905010	Val Acc: 56.40625
Train Epoch: 1 [38400/49000 (78%)]	Train Loss: 1.859489	Val Loss: 1.902031	Val Acc: 56.25
Train Epoch: 1 [39680/49000 (81%)]	Train Loss: 1.920815	Val Loss: 1.907542	Val Acc: 55.9375
Train Epoch: 1 [40960/49000 (84%)]	Train Loss: 1.871346	Val Loss: 1.896426	Val Acc: 58.59375
Train Epoch: 1 [42240/49000 (86%)]	Train Loss: 1.800549	Val Loss: 1.896357	Val Acc: 55.9375
Train Epoch: 1 [43520/49000 (89%)]	Train Loss: 1.831448	Val Loss: 1.850020	Val Acc: 60.9375
Train Epoch: 1 [44800/49000 (91%)]	Train Loss: 1.925329	Val Loss: 1.863999	Val Acc: 59.84375
Train Epoch: 1 [46080/49000 (94%)]	Train Loss: 1.809602	Val Loss: 1.835623	Val Acc: 64.375
Train Epoch: 1 [47360/49000 (97%)]	Train Loss: 1.857864	Val Loss: 1.842927	Val Acc: 61.71875
Train Epoch: 1 [48640/49000 (99%)]	Train Loss: 1.848686	Val Loss: 1.898879	Val Acc: 55.9375
check 4
sruthi check 2
sruthi check 6
Train Epoch: 2 [0/49000 (0%)]	Train Loss: 2.282109	Val Loss: 1.921267	Val Acc: 54.53125
Train Epoch: 2 [1280/49000 (3%)]	Train Loss: 1.808541	Val Loss: 1.845671	Val Acc: 61.71875
Train Epoch: 2 [2560/49000 (5%)]	Train Loss: 1.785384	Val Loss: 1.852307	Val Acc: 61.40625
Train Epoch: 2 [3840/49000 (8%)]	Train Loss: 1.870464	Val Loss: 1.838836	Val Acc: 62.5
Train Epoch: 2 [5120/49000 (10%)]	Train Loss: 1.853959	Val Loss: 1.790686	Val Acc: 67.8125
Train Epoch: 2 [6400/49000 (13%)]	Train Loss: 1.880692	Val Loss: 1.829347	Val Acc: 64.21875
Train Epoch: 2 [7680/49000 (16%)]	Train Loss: 1.855434	Val Loss: 1.802253	Val Acc: 66.5625
Train Epoch: 2 [8960/49000 (18%)]	Train Loss: 1.829147	Val Loss: 1.812100	Val Acc: 65.3125
Train Epoch: 2 [10240/49000 (21%)]	Train Loss: 1.811389	Val Loss: 1.846182	Val Acc: 62.03125
Train Epoch: 2 [11520/49000 (23%)]	Train Loss: 1.741241	Val Loss: 1.805817	Val Acc: 65.9375
Train Epoch: 2 [12800/49000 (26%)]	Train Loss: 1.812134	Val Loss: 1.838641	Val Acc: 62.96875
Train Epoch: 2 [14080/49000 (29%)]	Train Loss: 1.740885	Val Loss: 1.797853	Val Acc: 67.34375
Train Epoch: 2 [15360/49000 (31%)]	Train Loss: 1.812094	Val Loss: 1.801197	Val Acc: 66.40625
Train Epoch: 2 [16640/49000 (34%)]	Train Loss: 1.782883	Val Loss: 1.769831	Val Acc: 70.625
Train Epoch: 2 [17920/49000 (37%)]	Train Loss: 1.744633	Val Loss: 1.778720	Val Acc: 68.4375
Train Epoch: 2 [19200/49000 (39%)]	Train Loss: 1.730618	Val Loss: 1.755395	Val Acc: 71.875
Train Epoch: 2 [20480/49000 (42%)]	Train Loss: 1.760891	Val Loss: 1.762559	Val Acc: 71.40625
Train Epoch: 2 [21760/49000 (44%)]	Train Loss: 1.749916	Val Loss: 1.748029	Val Acc: 72.03125
Train Epoch: 2 [23040/49000 (47%)]	Train Loss: 1.805439	Val Loss: 1.740560	Val Acc: 72.96875
Train Epoch: 2 [24320/49000 (50%)]	Train Loss: 1.704189	Val Loss: 1.757078	Val Acc: 70.9375
Train Epoch: 2 [25600/49000 (52%)]	Train Loss: 1.753524	Val Loss: 1.739342	Val Acc: 73.125
Train Epoch: 2 [26880/49000 (55%)]	Train Loss: 1.724706	Val Loss: 1.760864	Val Acc: 70.46875
Train Epoch: 2 [28160/49000 (57%)]	Train Loss: 1.777249	Val Loss: 1.716492	Val Acc: 75.15625
Train Epoch: 2 [29440/49000 (60%)]	Train Loss: 1.713696	Val Loss: 1.731203	Val Acc: 74.0625
Train Epoch: 2 [30720/49000 (63%)]	Train Loss: 1.711417	Val Loss: 1.737100	Val Acc: 73.4375
Train Epoch: 2 [32000/49000 (65%)]	Train Loss: 1.612482	Val Loss: 1.723083	Val Acc: 73.75
Train Epoch: 2 [33280/49000 (68%)]	Train Loss: 1.714791	Val Loss: 1.755493	Val Acc: 70.15625
Train Epoch: 2 [34560/49000 (70%)]	Train Loss: 1.685998	Val Loss: 1.726834	Val Acc: 74.21875
Train Epoch: 2 [35840/49000 (73%)]	Train Loss: 1.686922	Val Loss: 1.734013	Val Acc: 71.875
Train Epoch: 2 [37120/49000 (76%)]	Train Loss: 1.761788	Val Loss: 1.757805	Val Acc: 70.3125
Train Epoch: 2 [38400/49000 (78%)]	Train Loss: 1.666725	Val Loss: 1.702585	Val Acc: 77.03125
Train Epoch: 2 [39680/49000 (81%)]	Train Loss: 1.754335	Val Loss: 1.698303	Val Acc: 77.5
Train Epoch: 2 [40960/49000 (84%)]	Train Loss: 1.715664	Val Loss: 1.728588	Val Acc: 74.0625
Train Epoch: 2 [42240/49000 (86%)]	Train Loss: 1.721524	Val Loss: 1.703810	Val Acc: 77.03125
Train Epoch: 2 [43520/49000 (89%)]	Train Loss: 1.699368	Val Loss: 1.701950	Val Acc: 76.25
Train Epoch: 2 [44800/49000 (91%)]	Train Loss: 1.826152	Val Loss: 1.699993	Val Acc: 77.03125
Train Epoch: 2 [46080/49000 (94%)]	Train Loss: 1.697791	Val Loss: 1.702518	Val Acc: 76.40625
Train Epoch: 2 [47360/49000 (97%)]	Train Loss: 1.670474	Val Loss: 1.723784	Val Acc: 73.90625
Train Epoch: 2 [48640/49000 (99%)]	Train Loss: 1.755381	Val Loss: 1.706872	Val Acc: 75.9375
check 4
sruthi check 2
sruthi check 6
Train Epoch: 3 [0/49000 (0%)]	Train Loss: 2.210337	Val Loss: 1.733961	Val Acc: 73.59375
Train Epoch: 3 [1280/49000 (3%)]	Train Loss: 1.670951	Val Loss: 1.699929	Val Acc: 77.03125
Train Epoch: 3 [2560/49000 (5%)]	Train Loss: 1.667753	Val Loss: 1.681395	Val Acc: 78.59375
Train Epoch: 3 [3840/49000 (8%)]	Train Loss: 1.692006	Val Loss: 1.679858	Val Acc: 78.4375
Train Epoch: 3 [5120/49000 (10%)]	Train Loss: 1.664901	Val Loss: 1.685706	Val Acc: 78.125
Train Epoch: 3 [6400/49000 (13%)]	Train Loss: 1.694759	Val Loss: 1.681472	Val Acc: 78.4375
Train Epoch: 3 [7680/49000 (16%)]	Train Loss: 1.667180	Val Loss: 1.686056	Val Acc: 77.8125
Train Epoch: 3 [8960/49000 (18%)]	Train Loss: 1.641210	Val Loss: 1.675154	Val Acc: 78.59375
Train Epoch: 3 [10240/49000 (21%)]	Train Loss: 1.779082	Val Loss: 1.663175	Val Acc: 80.3125
Train Epoch: 3 [11520/49000 (23%)]	Train Loss: 1.758630	Val Loss: 1.669338	Val Acc: 79.84375
Train Epoch: 3 [12800/49000 (26%)]	Train Loss: 1.675957	Val Loss: 1.693327	Val Acc: 77.65625
Train Epoch: 3 [14080/49000 (29%)]	Train Loss: 1.680470	Val Loss: 1.679870	Val Acc: 78.59375
Train Epoch: 3 [15360/49000 (31%)]	Train Loss: 1.678318	Val Loss: 1.660269	Val Acc: 80.625
Train Epoch: 3 [16640/49000 (34%)]	Train Loss: 1.702554	Val Loss: 1.691939	Val Acc: 77.5
Train Epoch: 3 [17920/49000 (37%)]	Train Loss: 1.709103	Val Loss: 1.673193	Val Acc: 80.3125
Train Epoch: 3 [19200/49000 (39%)]	Train Loss: 1.683591	Val Loss: 1.685833	Val Acc: 77.65625
Train Epoch: 3 [20480/49000 (42%)]	Train Loss: 1.694661	Val Loss: 1.694386	Val Acc: 76.875
Train Epoch: 3 [21760/49000 (44%)]	Train Loss: 1.658447	Val Loss: 1.684387	Val Acc: 77.5
Train Epoch: 3 [23040/49000 (47%)]	Train Loss: 1.682490	Val Loss: 1.689192	Val Acc: 77.8125
Train Epoch: 3 [24320/49000 (50%)]	Train Loss: 1.599282	Val Loss: 1.652828	Val Acc: 80.9375
Train Epoch: 3 [25600/49000 (52%)]	Train Loss: 1.604396	Val Loss: 1.654868	Val Acc: 81.71875
Train Epoch: 3 [26880/49000 (55%)]	Train Loss: 1.656393	Val Loss: 1.694082	Val Acc: 77.1875
Train Epoch: 3 [28160/49000 (57%)]	Train Loss: 1.677897	Val Loss: 1.670796	Val Acc: 79.53125
Train Epoch: 3 [29440/49000 (60%)]	Train Loss: 1.677179	Val Loss: 1.673002	Val Acc: 79.0625
Train Epoch: 3 [30720/49000 (63%)]	Train Loss: 1.663045	Val Loss: 1.680825	Val Acc: 77.96875
Train Epoch: 3 [32000/49000 (65%)]	Train Loss: 1.661457	Val Loss: 1.670618	Val Acc: 79.53125
Train Epoch: 3 [33280/49000 (68%)]	Train Loss: 1.608280	Val Loss: 1.674839	Val Acc: 79.21875
Train Epoch: 3 [34560/49000 (70%)]	Train Loss: 1.654414	Val Loss: 1.663214	Val Acc: 80.0
Train Epoch: 3 [35840/49000 (73%)]	Train Loss: 1.685043	Val Loss: 1.640129	Val Acc: 82.34375
Train Epoch: 3 [37120/49000 (76%)]	Train Loss: 1.653033	Val Loss: 1.680410	Val Acc: 78.90625
Train Epoch: 3 [38400/49000 (78%)]	Train Loss: 1.650232	Val Loss: 1.660365	Val Acc: 79.84375
Train Epoch: 3 [39680/49000 (81%)]	Train Loss: 1.656681	Val Loss: 1.658832	Val Acc: 80.625
Train Epoch: 3 [40960/49000 (84%)]	Train Loss: 1.655033	Val Loss: 1.669629	Val Acc: 79.0625
Train Epoch: 3 [42240/49000 (86%)]	Train Loss: 1.642397	Val Loss: 1.682161	Val Acc: 77.65625
Train Epoch: 3 [43520/49000 (89%)]	Train Loss: 1.660334	Val Loss: 1.679762	Val Acc: 77.96875
Train Epoch: 3 [44800/49000 (91%)]	Train Loss: 1.701636	Val Loss: 1.662381	Val Acc: 80.0
Train Epoch: 3 [46080/49000 (94%)]	Train Loss: 1.648490	Val Loss: 1.670053	Val Acc: 79.53125
Train Epoch: 3 [47360/49000 (97%)]	Train Loss: 1.715902	Val Loss: 1.671696	Val Acc: 78.59375
Train Epoch: 3 [48640/49000 (99%)]	Train Loss: 1.582950	Val Loss: 1.650450	Val Acc: 80.9375
check 4
sruthi check 2
sruthi check 6
Train Epoch: 4 [0/49000 (0%)]	Train Loss: 2.148781	Val Loss: 1.674514	Val Acc: 79.0625
Train Epoch: 4 [1280/49000 (3%)]	Train Loss: 1.668367	Val Loss: 1.658411	Val Acc: 80.3125
Train Epoch: 4 [2560/49000 (5%)]	Train Loss: 1.669789	Val Loss: 1.651185	Val Acc: 82.1875
Train Epoch: 4 [3840/49000 (8%)]	Train Loss: 1.565097	Val Loss: 1.676767	Val Acc: 78.75
Train Epoch: 4 [5120/49000 (10%)]	Train Loss: 1.634726	Val Loss: 1.674801	Val Acc: 77.96875
Train Epoch: 4 [6400/49000 (13%)]	Train Loss: 1.655435	Val Loss: 1.683792	Val Acc: 77.65625
Train Epoch: 4 [7680/49000 (16%)]	Train Loss: 1.643256	Val Loss: 1.659005	Val Acc: 81.09375
Train Epoch: 4 [8960/49000 (18%)]	Train Loss: 1.685672	Val Loss: 1.652679	Val Acc: 81.5625
Train Epoch: 4 [10240/49000 (21%)]	Train Loss: 1.622349	Val Loss: 1.659622	Val Acc: 80.78125
Train Epoch: 4 [11520/49000 (23%)]	Train Loss: 1.640058	Val Loss: 1.642255	Val Acc: 82.34375
Train Epoch: 4 [12800/49000 (26%)]	Train Loss: 1.614052	Val Loss: 1.667014	Val Acc: 79.6875
Train Epoch: 4 [14080/49000 (29%)]	Train Loss: 1.647782	Val Loss: 1.644805	Val Acc: 82.1875
Train Epoch: 4 [15360/49000 (31%)]	Train Loss: 1.674518	Val Loss: 1.654086	Val Acc: 81.25
Train Epoch: 4 [16640/49000 (34%)]	Train Loss: 1.654124	Val Loss: 1.643798	Val Acc: 82.5
Train Epoch: 4 [17920/49000 (37%)]	Train Loss: 1.644569	Val Loss: 1.655152	Val Acc: 81.25
Train Epoch: 4 [19200/49000 (39%)]	Train Loss: 1.627967	Val Loss: 1.656688	Val Acc: 80.46875
Train Epoch: 4 [20480/49000 (42%)]	Train Loss: 1.653887	Val Loss: 1.670066	Val Acc: 80.3125
Train Epoch: 4 [21760/49000 (44%)]	Train Loss: 1.662640	Val Loss: 1.656173	Val Acc: 80.9375
Train Epoch: 4 [23040/49000 (47%)]	Train Loss: 1.704254	Val Loss: 1.646940	Val Acc: 81.71875
Train Epoch: 4 [24320/49000 (50%)]	Train Loss: 1.627097	Val Loss: 1.639529	Val Acc: 82.96875
Train Epoch: 4 [25600/49000 (52%)]	Train Loss: 1.670961	Val Loss: 1.650740	Val Acc: 81.40625
Train Epoch: 4 [26880/49000 (55%)]	Train Loss: 1.613356	Val Loss: 1.643369	Val Acc: 81.875
Train Epoch: 4 [28160/49000 (57%)]	Train Loss: 1.641295	Val Loss: 1.649052	Val Acc: 81.71875
Train Epoch: 4 [29440/49000 (60%)]	Train Loss: 1.665347	Val Loss: 1.637717	Val Acc: 82.8125
Train Epoch: 4 [30720/49000 (63%)]	Train Loss: 1.617387	Val Loss: 1.655708	Val Acc: 80.9375
Train Epoch: 4 [32000/49000 (65%)]	Train Loss: 1.652192	Val Loss: 1.660446	Val Acc: 81.09375
Train Epoch: 4 [33280/49000 (68%)]	Train Loss: 1.645665	Val Loss: 1.641757	Val Acc: 82.5
Train Epoch: 4 [34560/49000 (70%)]	Train Loss: 1.665424	Val Loss: 1.658368	Val Acc: 80.46875
Train Epoch: 4 [35840/49000 (73%)]	Train Loss: 1.633418	Val Loss: 1.655729	Val Acc: 80.78125
Train Epoch: 4 [37120/49000 (76%)]	Train Loss: 1.635594	Val Loss: 1.658675	Val Acc: 80.78125
Train Epoch: 4 [38400/49000 (78%)]	Train Loss: 1.615792	Val Loss: 1.660104	Val Acc: 80.625
Train Epoch: 4 [39680/49000 (81%)]	Train Loss: 1.657266	Val Loss: 1.664581	Val Acc: 80.3125
Train Epoch: 4 [40960/49000 (84%)]	Train Loss: 1.639560	Val Loss: 1.649707	Val Acc: 81.09375
Train Epoch: 4 [42240/49000 (86%)]	Train Loss: 1.692487	Val Loss: 1.637203	Val Acc: 82.8125
Train Epoch: 4 [43520/49000 (89%)]	Train Loss: 1.683647	Val Loss: 1.631454	Val Acc: 83.4375
Train Epoch: 4 [44800/49000 (91%)]	Train Loss: 1.617053	Val Loss: 1.637807	Val Acc: 82.65625
Train Epoch: 4 [46080/49000 (94%)]	Train Loss: 1.712558	Val Loss: 1.637226	Val Acc: 83.28125
Train Epoch: 4 [47360/49000 (97%)]	Train Loss: 1.594633	Val Loss: 1.658060	Val Acc: 80.15625
Train Epoch: 4 [48640/49000 (99%)]	Train Loss: 1.674288	Val Loss: 1.659438	Val Acc: 80.46875
check 4
sruthi check 2
sruthi check 6
Train Epoch: 5 [0/49000 (0%)]	Train Loss: 2.085127	Val Loss: 1.654816	Val Acc: 81.71875
Train Epoch: 5 [1280/49000 (3%)]	Train Loss: 1.672372	Val Loss: 1.627233	Val Acc: 84.21875
Train Epoch: 5 [2560/49000 (5%)]	Train Loss: 1.643100	Val Loss: 1.635726	Val Acc: 82.8125
Train Epoch: 5 [3840/49000 (8%)]	Train Loss: 1.634835	Val Loss: 1.651461	Val Acc: 80.9375
Train Epoch: 5 [5120/49000 (10%)]	Train Loss: 1.625365	Val Loss: 1.645087	Val Acc: 81.5625
Train Epoch: 5 [6400/49000 (13%)]	Train Loss: 1.559911	Val Loss: 1.652404	Val Acc: 80.9375
Train Epoch: 5 [7680/49000 (16%)]	Train Loss: 1.661824	Val Loss: 1.640184	Val Acc: 82.65625
Train Epoch: 5 [8960/49000 (18%)]	Train Loss: 1.628521	Val Loss: 1.648097	Val Acc: 81.40625
Train Epoch: 5 [10240/49000 (21%)]	Train Loss: 1.683213	Val Loss: 1.645735	Val Acc: 81.40625
Train Epoch: 5 [11520/49000 (23%)]	Train Loss: 1.618528	Val Loss: 1.662262	Val Acc: 80.3125
Train Epoch: 5 [12800/49000 (26%)]	Train Loss: 1.652228	Val Loss: 1.653811	Val Acc: 80.9375
Train Epoch: 5 [14080/49000 (29%)]	Train Loss: 1.604856	Val Loss: 1.635963	Val Acc: 83.59375
Train Epoch: 5 [15360/49000 (31%)]	Train Loss: 1.595208	Val Loss: 1.628603	Val Acc: 83.4375
Train Epoch: 5 [16640/49000 (34%)]	Train Loss: 1.629101	Val Loss: 1.636577	Val Acc: 82.1875
Train Epoch: 5 [17920/49000 (37%)]	Train Loss: 1.624909	Val Loss: 1.639304	Val Acc: 82.8125
Train Epoch: 5 [19200/49000 (39%)]	Train Loss: 1.632671	Val Loss: 1.646696	Val Acc: 81.71875
Train Epoch: 5 [20480/49000 (42%)]	Train Loss: 1.645930	Val Loss: 1.650928	Val Acc: 81.71875
Train Epoch: 5 [21760/49000 (44%)]	Train Loss: 1.620238	Val Loss: 1.656193	Val Acc: 81.09375
Train Epoch: 5 [23040/49000 (47%)]	Train Loss: 1.610029	Val Loss: 1.645929	Val Acc: 81.71875
Train Epoch: 5 [24320/49000 (50%)]	Train Loss: 1.643731	Val Loss: 1.636558	Val Acc: 82.8125
Train Epoch: 5 [25600/49000 (52%)]	Train Loss: 1.697234	Val Loss: 1.657525	Val Acc: 80.3125
Train Epoch: 5 [26880/49000 (55%)]	Train Loss: 1.603639	Val Loss: 1.633190	Val Acc: 82.96875
Train Epoch: 5 [28160/49000 (57%)]	Train Loss: 1.567099	Val Loss: 1.634665	Val Acc: 83.125
Train Epoch: 5 [29440/49000 (60%)]	Train Loss: 1.592245	Val Loss: 1.626399	Val Acc: 84.6875
Train Epoch: 5 [30720/49000 (63%)]	Train Loss: 1.668434	Val Loss: 1.649677	Val Acc: 81.5625
Train Epoch: 5 [32000/49000 (65%)]	Train Loss: 1.663409	Val Loss: 1.623303	Val Acc: 84.375
Train Epoch: 5 [33280/49000 (68%)]	Train Loss: 1.625608	Val Loss: 1.629732	Val Acc: 83.59375
Train Epoch: 5 [34560/49000 (70%)]	Train Loss: 1.596941	Val Loss: 1.652930	Val Acc: 81.25
Train Epoch: 5 [35840/49000 (73%)]	Train Loss: 1.687364	Val Loss: 1.639796	Val Acc: 82.65625
Train Epoch: 5 [37120/49000 (76%)]	Train Loss: 1.634920	Val Loss: 1.644217	Val Acc: 81.5625
Train Epoch: 5 [38400/49000 (78%)]	Train Loss: 1.608209	Val Loss: 1.636878	Val Acc: 82.65625
Train Epoch: 5 [39680/49000 (81%)]	Train Loss: 1.644159	Val Loss: 1.630715	Val Acc: 83.4375
Train Epoch: 5 [40960/49000 (84%)]	Train Loss: 1.614432	Val Loss: 1.626593	Val Acc: 84.21875
Train Epoch: 5 [42240/49000 (86%)]	Train Loss: 1.636727	Val Loss: 1.627013	Val Acc: 83.75
Train Epoch: 5 [43520/49000 (89%)]	Train Loss: 1.593242	Val Loss: 1.633635	Val Acc: 82.65625
Train Epoch: 5 [44800/49000 (91%)]	Train Loss: 1.593516	Val Loss: 1.641974	Val Acc: 81.71875
Train Epoch: 5 [46080/49000 (94%)]	Train Loss: 1.644259	Val Loss: 1.627619	Val Acc: 83.75
Train Epoch: 5 [47360/49000 (97%)]	Train Loss: 1.641521	Val Loss: 1.639580	Val Acc: 82.34375
Train Epoch: 5 [48640/49000 (99%)]	Train Loss: 1.641394	Val Loss: 1.635174	Val Acc: 83.28125
check 5

test set: Average loss: 1.6352, Accuracy: 8296/10000 (83%)

