Files already downloaded and verified
Files already downloaded and verified
Files already downloaded and verified
sruthi check 1
check 7
check 4
sruthi check 2
sruthi check 6
Train Epoch: 1 [0/49000 (0%)]	Train Loss: 2.302118	Val Loss: 2.302151	Val Acc: 11.25
Train Epoch: 1 [1280/49000 (3%)]	Train Loss: 2.302591	Val Loss: 2.302284	Val Acc: 10.78125
Train Epoch: 1 [2560/49000 (5%)]	Train Loss: 2.302415	Val Loss: 2.302233	Val Acc: 10.625
Train Epoch: 1 [3840/49000 (8%)]	Train Loss: 2.301948	Val Loss: 2.302045	Val Acc: 10.3125
Train Epoch: 1 [5120/49000 (10%)]	Train Loss: 2.302348	Val Loss: 2.301745	Val Acc: 11.40625
Train Epoch: 1 [6400/49000 (13%)]	Train Loss: 2.300540	Val Loss: 2.301214	Val Acc: 12.1875
Train Epoch: 1 [7680/49000 (16%)]	Train Loss: 2.300015	Val Loss: 2.301327	Val Acc: 10.625
Train Epoch: 1 [8960/49000 (18%)]	Train Loss: 2.302015	Val Loss: 2.300902	Val Acc: 10.78125
Train Epoch: 1 [10240/49000 (21%)]	Train Loss: 2.302124	Val Loss: 2.301496	Val Acc: 9.53125
Train Epoch: 1 [11520/49000 (23%)]	Train Loss: 2.299616	Val Loss: 2.300064	Val Acc: 10.9375
Train Epoch: 1 [12800/49000 (26%)]	Train Loss: 2.303202	Val Loss: 2.300239	Val Acc: 13.28125
Train Epoch: 1 [14080/49000 (29%)]	Train Loss: 2.301117	Val Loss: 2.300299	Val Acc: 15.78125
Train Epoch: 1 [15360/49000 (31%)]	Train Loss: 2.300104	Val Loss: 2.300349	Val Acc: 16.09375
Train Epoch: 1 [16640/49000 (34%)]	Train Loss: 2.300895	Val Loss: 2.299249	Val Acc: 14.84375
Train Epoch: 1 [17920/49000 (37%)]	Train Loss: 2.301164	Val Loss: 2.297035	Val Acc: 14.375
Train Epoch: 1 [19200/49000 (39%)]	Train Loss: 2.301465	Val Loss: 2.295862	Val Acc: 16.25
Train Epoch: 1 [20480/49000 (42%)]	Train Loss: 2.297737	Val Loss: 2.295766	Val Acc: 10.46875
Train Epoch: 1 [21760/49000 (44%)]	Train Loss: 2.297223	Val Loss: 2.293867	Val Acc: 16.40625
Train Epoch: 1 [23040/49000 (47%)]	Train Loss: 2.291019	Val Loss: 2.287168	Val Acc: 12.03125
Train Epoch: 1 [24320/49000 (50%)]	Train Loss: 2.290115	Val Loss: 2.281867	Val Acc: 12.03125
Train Epoch: 1 [25600/49000 (52%)]	Train Loss: 2.293748	Val Loss: 2.274870	Val Acc: 17.03125
Train Epoch: 1 [26880/49000 (55%)]	Train Loss: 2.285264	Val Loss: 2.268900	Val Acc: 17.1875
Train Epoch: 1 [28160/49000 (57%)]	Train Loss: 2.272775	Val Loss: 2.274899	Val Acc: 15.46875
Train Epoch: 1 [29440/49000 (60%)]	Train Loss: 2.259027	Val Loss: 2.257931	Val Acc: 18.59375
Train Epoch: 1 [30720/49000 (63%)]	Train Loss: 2.222369	Val Loss: 2.252255	Val Acc: 17.96875
Train Epoch: 1 [32000/49000 (65%)]	Train Loss: 2.280069	Val Loss: 2.259558	Val Acc: 17.03125
Train Epoch: 1 [33280/49000 (68%)]	Train Loss: 2.256939	Val Loss: 2.255520	Val Acc: 17.03125
Train Epoch: 1 [34560/49000 (70%)]	Train Loss: 2.250064	Val Loss: 2.256973	Val Acc: 19.21875
Train Epoch: 1 [35840/49000 (73%)]	Train Loss: 2.271723	Val Loss: 2.264030	Val Acc: 15.9375
Train Epoch: 1 [37120/49000 (76%)]	Train Loss: 2.254833	Val Loss: 2.242631	Val Acc: 20.0
Train Epoch: 1 [38400/49000 (78%)]	Train Loss: 2.239890	Val Loss: 2.246065	Val Acc: 19.0625
Train Epoch: 1 [39680/49000 (81%)]	Train Loss: 2.303041	Val Loss: 2.242538	Val Acc: 17.5
Train Epoch: 1 [40960/49000 (84%)]	Train Loss: 2.266184	Val Loss: 2.246556	Val Acc: 17.34375
Train Epoch: 1 [42240/49000 (86%)]	Train Loss: 2.227411	Val Loss: 2.245635	Val Acc: 18.125
Train Epoch: 1 [43520/49000 (89%)]	Train Loss: 2.281423	Val Loss: 2.238106	Val Acc: 19.6875
Train Epoch: 1 [44800/49000 (91%)]	Train Loss: 2.239043	Val Loss: 2.228203	Val Acc: 22.5
Train Epoch: 1 [46080/49000 (94%)]	Train Loss: 2.193012	Val Loss: 2.215696	Val Acc: 21.25
Train Epoch: 1 [47360/49000 (97%)]	Train Loss: 2.241485	Val Loss: 2.230401	Val Acc: 21.40625
Train Epoch: 1 [48640/49000 (99%)]	Train Loss: 2.202385	Val Loss: 2.223151	Val Acc: 21.5625
check 4
sruthi check 2
sruthi check 6
Train Epoch: 2 [0/49000 (0%)]	Train Loss: 2.308308	Val Loss: 2.229328	Val Acc: 22.1875
Train Epoch: 2 [1280/49000 (3%)]	Train Loss: 2.212656	Val Loss: 2.218925	Val Acc: 21.875
Train Epoch: 2 [2560/49000 (5%)]	Train Loss: 2.217705	Val Loss: 2.211231	Val Acc: 22.34375
Train Epoch: 2 [3840/49000 (8%)]	Train Loss: 2.230045	Val Loss: 2.219329	Val Acc: 22.1875
Train Epoch: 2 [5120/49000 (10%)]	Train Loss: 2.219383	Val Loss: 2.199461	Val Acc: 23.4375
Train Epoch: 2 [6400/49000 (13%)]	Train Loss: 2.242614	Val Loss: 2.205009	Val Acc: 21.71875
Train Epoch: 2 [7680/49000 (16%)]	Train Loss: 2.170311	Val Loss: 2.200246	Val Acc: 25.0
Train Epoch: 2 [8960/49000 (18%)]	Train Loss: 2.160865	Val Loss: 2.213577	Val Acc: 21.71875
Train Epoch: 2 [10240/49000 (21%)]	Train Loss: 2.200663	Val Loss: 2.207960	Val Acc: 23.75
Train Epoch: 2 [11520/49000 (23%)]	Train Loss: 2.205431	Val Loss: 2.203745	Val Acc: 22.34375
Train Epoch: 2 [12800/49000 (26%)]	Train Loss: 2.254964	Val Loss: 2.209101	Val Acc: 23.28125
Train Epoch: 2 [14080/49000 (29%)]	Train Loss: 2.178273	Val Loss: 2.211638	Val Acc: 22.1875
Train Epoch: 2 [15360/49000 (31%)]	Train Loss: 2.195485	Val Loss: 2.171973	Val Acc: 28.28125
Train Epoch: 2 [16640/49000 (34%)]	Train Loss: 2.180014	Val Loss: 2.170398	Val Acc: 30.15625
Train Epoch: 2 [17920/49000 (37%)]	Train Loss: 2.178596	Val Loss: 2.185045	Val Acc: 25.78125
Train Epoch: 2 [19200/49000 (39%)]	Train Loss: 2.152196	Val Loss: 2.191323	Val Acc: 25.46875
Train Epoch: 2 [20480/49000 (42%)]	Train Loss: 2.179839	Val Loss: 2.196236	Val Acc: 23.59375
Train Epoch: 2 [21760/49000 (44%)]	Train Loss: 2.202642	Val Loss: 2.244954	Val Acc: 20.625
Train Epoch: 2 [23040/49000 (47%)]	Train Loss: 2.197691	Val Loss: 2.182923	Val Acc: 26.5625
Train Epoch: 2 [24320/49000 (50%)]	Train Loss: 2.125501	Val Loss: 2.169248	Val Acc: 26.5625
Train Epoch: 2 [25600/49000 (52%)]	Train Loss: 2.217421	Val Loss: 2.170818	Val Acc: 28.125
Train Epoch: 2 [26880/49000 (55%)]	Train Loss: 2.143869	Val Loss: 2.153436	Val Acc: 30.3125
Train Epoch: 2 [28160/49000 (57%)]	Train Loss: 2.139481	Val Loss: 2.186080	Val Acc: 26.71875
Train Epoch: 2 [29440/49000 (60%)]	Train Loss: 2.193158	Val Loss: 2.149784	Val Acc: 29.84375
Train Epoch: 2 [30720/49000 (63%)]	Train Loss: 2.190389	Val Loss: 2.166650	Val Acc: 29.84375
Train Epoch: 2 [32000/49000 (65%)]	Train Loss: 2.153825	Val Loss: 2.153737	Val Acc: 30.15625
Train Epoch: 2 [33280/49000 (68%)]	Train Loss: 2.155040	Val Loss: 2.130512	Val Acc: 34.0625
Train Epoch: 2 [34560/49000 (70%)]	Train Loss: 2.168096	Val Loss: 2.159860	Val Acc: 28.59375
Train Epoch: 2 [35840/49000 (73%)]	Train Loss: 2.152581	Val Loss: 2.169036	Val Acc: 27.34375
Train Epoch: 2 [37120/49000 (76%)]	Train Loss: 2.178589	Val Loss: 2.143160	Val Acc: 31.71875
Train Epoch: 2 [38400/49000 (78%)]	Train Loss: 2.140780	Val Loss: 2.133891	Val Acc: 31.09375
Train Epoch: 2 [39680/49000 (81%)]	Train Loss: 2.080090	Val Loss: 2.107619	Val Acc: 35.15625
Train Epoch: 2 [40960/49000 (84%)]	Train Loss: 2.164573	Val Loss: 2.106682	Val Acc: 32.03125
Train Epoch: 2 [42240/49000 (86%)]	Train Loss: 2.147054	Val Loss: 2.089309	Val Acc: 36.09375
Train Epoch: 2 [43520/49000 (89%)]	Train Loss: 2.145012	Val Loss: 2.124549	Val Acc: 32.8125
Train Epoch: 2 [44800/49000 (91%)]	Train Loss: 2.087242	Val Loss: 2.114172	Val Acc: 34.53125
Train Epoch: 2 [46080/49000 (94%)]	Train Loss: 2.153542	Val Loss: 2.109170	Val Acc: 34.53125
Train Epoch: 2 [47360/49000 (97%)]	Train Loss: 2.134537	Val Loss: 2.099522	Val Acc: 35.78125
Train Epoch: 2 [48640/49000 (99%)]	Train Loss: 2.162941	Val Loss: 2.175127	Val Acc: 26.875
check 4
sruthi check 2
sruthi check 6
Train Epoch: 3 [0/49000 (0%)]	Train Loss: 2.303791	Val Loss: 2.105847	Val Acc: 37.5
Train Epoch: 3 [1280/49000 (3%)]	Train Loss: 2.148566	Val Loss: 2.107183	Val Acc: 34.6875
Train Epoch: 3 [2560/49000 (5%)]	Train Loss: 2.154384	Val Loss: 2.107063	Val Acc: 33.59375
Train Epoch: 3 [3840/49000 (8%)]	Train Loss: 2.148623	Val Loss: 2.129324	Val Acc: 32.65625
Train Epoch: 3 [5120/49000 (10%)]	Train Loss: 2.022313	Val Loss: 2.074898	Val Acc: 41.09375
Train Epoch: 3 [6400/49000 (13%)]	Train Loss: 2.109215	Val Loss: 2.116616	Val Acc: 34.53125
Train Epoch: 3 [7680/49000 (16%)]	Train Loss: 2.135782	Val Loss: 2.150559	Val Acc: 29.0625
Train Epoch: 3 [8960/49000 (18%)]	Train Loss: 2.102230	Val Loss: 2.061121	Val Acc: 41.5625
Train Epoch: 3 [10240/49000 (21%)]	Train Loss: 2.057910	Val Loss: 2.034012	Val Acc: 44.21875
Train Epoch: 3 [11520/49000 (23%)]	Train Loss: 2.112420	Val Loss: 2.102009	Val Acc: 35.15625
Train Epoch: 3 [12800/49000 (26%)]	Train Loss: 2.139040	Val Loss: 2.100016	Val Acc: 37.03125
Train Epoch: 3 [14080/49000 (29%)]	Train Loss: 2.102167	Val Loss: 2.060679	Val Acc: 40.15625
Train Epoch: 3 [15360/49000 (31%)]	Train Loss: 2.069784	Val Loss: 2.082409	Val Acc: 37.34375
Train Epoch: 3 [16640/49000 (34%)]	Train Loss: 2.088249	Val Loss: 2.042646	Val Acc: 42.65625
Train Epoch: 3 [17920/49000 (37%)]	Train Loss: 2.124384	Val Loss: 2.141235	Val Acc: 30.46875
Train Epoch: 3 [19200/49000 (39%)]	Train Loss: 2.104954	Val Loss: 2.034420	Val Acc: 42.96875
Train Epoch: 3 [20480/49000 (42%)]	Train Loss: 2.060412	Val Loss: 2.030421	Val Acc: 43.4375
Train Epoch: 3 [21760/49000 (44%)]	Train Loss: 2.071416	Val Loss: 2.044544	Val Acc: 40.46875
Train Epoch: 3 [23040/49000 (47%)]	Train Loss: 2.130837	Val Loss: 2.032596	Val Acc: 42.34375
Train Epoch: 3 [24320/49000 (50%)]	Train Loss: 2.060570	Val Loss: 2.063723	Val Acc: 39.53125
Train Epoch: 3 [25600/49000 (52%)]	Train Loss: 2.132129	Val Loss: 2.035357	Val Acc: 42.34375
Train Epoch: 3 [26880/49000 (55%)]	Train Loss: 2.047448	Val Loss: 2.025614	Val Acc: 44.21875
Train Epoch: 3 [28160/49000 (57%)]	Train Loss: 2.060482	Val Loss: 2.046408	Val Acc: 41.25
Train Epoch: 3 [29440/49000 (60%)]	Train Loss: 2.081933	Val Loss: 2.015875	Val Acc: 44.375
Train Epoch: 3 [30720/49000 (63%)]	Train Loss: 2.000483	Val Loss: 2.007756	Val Acc: 45.78125
Train Epoch: 3 [32000/49000 (65%)]	Train Loss: 2.082415	Val Loss: 2.081728	Val Acc: 38.28125
Train Epoch: 3 [33280/49000 (68%)]	Train Loss: 2.018293	Val Loss: 2.012589	Val Acc: 44.84375
Train Epoch: 3 [34560/49000 (70%)]	Train Loss: 2.064929	Val Loss: 1.983623	Val Acc: 47.34375
Train Epoch: 3 [35840/49000 (73%)]	Train Loss: 2.049238	Val Loss: 2.015776	Val Acc: 43.28125
Train Epoch: 3 [37120/49000 (76%)]	Train Loss: 2.020910	Val Loss: 2.026634	Val Acc: 42.96875
Train Epoch: 3 [38400/49000 (78%)]	Train Loss: 2.034661	Val Loss: 2.018883	Val Acc: 43.75
Train Epoch: 3 [39680/49000 (81%)]	Train Loss: 2.058348	Val Loss: 2.022493	Val Acc: 44.21875
Train Epoch: 3 [40960/49000 (84%)]	Train Loss: 2.016821	Val Loss: 1.995639	Val Acc: 46.09375
Train Epoch: 3 [42240/49000 (86%)]	Train Loss: 2.096422	Val Loss: 2.028336	Val Acc: 42.96875
Train Epoch: 3 [43520/49000 (89%)]	Train Loss: 1.981616	Val Loss: 2.020875	Val Acc: 43.28125
Train Epoch: 3 [44800/49000 (91%)]	Train Loss: 2.026280	Val Loss: 2.017817	Val Acc: 44.21875
Train Epoch: 3 [46080/49000 (94%)]	Train Loss: 2.059858	Val Loss: 1.972292	Val Acc: 49.0625
Train Epoch: 3 [47360/49000 (97%)]	Train Loss: 2.062687	Val Loss: 1.985706	Val Acc: 47.65625
Train Epoch: 3 [48640/49000 (99%)]	Train Loss: 1.977818	Val Loss: 1.952834	Val Acc: 50.9375
check 4
sruthi check 2
sruthi check 6
Train Epoch: 4 [0/49000 (0%)]	Train Loss: 2.294195	Val Loss: 1.945790	Val Acc: 51.71875
Train Epoch: 4 [1280/49000 (3%)]	Train Loss: 1.995648	Val Loss: 2.027190	Val Acc: 43.75
Train Epoch: 4 [2560/49000 (5%)]	Train Loss: 2.071956	Val Loss: 2.074612	Val Acc: 37.65625
Train Epoch: 4 [3840/49000 (8%)]	Train Loss: 2.013078	Val Loss: 1.972558	Val Acc: 49.375
Train Epoch: 4 [5120/49000 (10%)]	Train Loss: 1.970922	Val Loss: 1.975343	Val Acc: 48.75
Train Epoch: 4 [6400/49000 (13%)]	Train Loss: 1.981307	Val Loss: 1.938545	Val Acc: 53.125
Train Epoch: 4 [7680/49000 (16%)]	Train Loss: 2.019483	Val Loss: 1.989760	Val Acc: 46.40625
Train Epoch: 4 [8960/49000 (18%)]	Train Loss: 2.012497	Val Loss: 1.947096	Val Acc: 51.09375
Train Epoch: 4 [10240/49000 (21%)]	Train Loss: 2.049319	Val Loss: 2.014881	Val Acc: 44.375
Train Epoch: 4 [11520/49000 (23%)]	Train Loss: 1.950358	Val Loss: 1.929827	Val Acc: 54.21875
Train Epoch: 4 [12800/49000 (26%)]	Train Loss: 2.028337	Val Loss: 1.980124	Val Acc: 48.28125
Train Epoch: 4 [14080/49000 (29%)]	Train Loss: 2.059796	Val Loss: 1.967824	Val Acc: 48.59375
Train Epoch: 4 [15360/49000 (31%)]	Train Loss: 2.005895	Val Loss: 1.974415	Val Acc: 48.28125
Train Epoch: 4 [16640/49000 (34%)]	Train Loss: 1.965326	Val Loss: 1.926322	Val Acc: 53.75
Train Epoch: 4 [17920/49000 (37%)]	Train Loss: 1.929567	Val Loss: 1.926018	Val Acc: 52.65625
Train Epoch: 4 [19200/49000 (39%)]	Train Loss: 1.958545	Val Loss: 1.952420	Val Acc: 51.25
Train Epoch: 4 [20480/49000 (42%)]	Train Loss: 1.954792	Val Loss: 1.981286	Val Acc: 47.65625
Train Epoch: 4 [21760/49000 (44%)]	Train Loss: 1.969730	Val Loss: 1.971457	Val Acc: 48.90625
Train Epoch: 4 [23040/49000 (47%)]	Train Loss: 1.951611	Val Loss: 1.946644	Val Acc: 51.5625
Train Epoch: 4 [24320/49000 (50%)]	Train Loss: 1.974238	Val Loss: 1.914444	Val Acc: 53.75
Train Epoch: 4 [25600/49000 (52%)]	Train Loss: 1.926085	Val Loss: 1.910140	Val Acc: 56.09375
Train Epoch: 4 [26880/49000 (55%)]	Train Loss: 1.972480	Val Loss: 1.907076	Val Acc: 55.3125
Train Epoch: 4 [28160/49000 (57%)]	Train Loss: 1.982453	Val Loss: 1.949947	Val Acc: 50.78125
Train Epoch: 4 [29440/49000 (60%)]	Train Loss: 1.931263	Val Loss: 1.946301	Val Acc: 52.5
Train Epoch: 4 [30720/49000 (63%)]	Train Loss: 1.936068	Val Loss: 1.913532	Val Acc: 54.375
Train Epoch: 4 [32000/49000 (65%)]	Train Loss: 1.867042	Val Loss: 1.880722	Val Acc: 57.8125
Train Epoch: 4 [33280/49000 (68%)]	Train Loss: 1.951937	Val Loss: 1.913367	Val Acc: 54.84375
Train Epoch: 4 [34560/49000 (70%)]	Train Loss: 1.908686	Val Loss: 1.905208	Val Acc: 55.78125
Train Epoch: 4 [35840/49000 (73%)]	Train Loss: 2.027144	Val Loss: 1.984401	Val Acc: 46.71875
Train Epoch: 4 [37120/49000 (76%)]	Train Loss: 1.936781	Val Loss: 1.913191	Val Acc: 55.3125
Train Epoch: 4 [38400/49000 (78%)]	Train Loss: 1.951130	Val Loss: 1.892237	Val Acc: 56.40625
Train Epoch: 4 [39680/49000 (81%)]	Train Loss: 1.931108	Val Loss: 1.948160	Val Acc: 51.40625
Train Epoch: 4 [40960/49000 (84%)]	Train Loss: 1.923959	Val Loss: 1.899131	Val Acc: 56.40625
Train Epoch: 4 [42240/49000 (86%)]	Train Loss: 1.935885	Val Loss: 1.910235	Val Acc: 55.3125
Train Epoch: 4 [43520/49000 (89%)]	Train Loss: 2.031618	Val Loss: 1.934941	Val Acc: 52.1875
Train Epoch: 4 [44800/49000 (91%)]	Train Loss: 1.958111	Val Loss: 1.892329	Val Acc: 57.03125
Train Epoch: 4 [46080/49000 (94%)]	Train Loss: 1.943229	Val Loss: 1.891571	Val Acc: 57.5
Train Epoch: 4 [47360/49000 (97%)]	Train Loss: 1.905218	Val Loss: 1.889010	Val Acc: 57.1875
Train Epoch: 4 [48640/49000 (99%)]	Train Loss: 1.913797	Val Loss: 1.926527	Val Acc: 52.96875
check 4
sruthi check 2
sruthi check 6
Train Epoch: 5 [0/49000 (0%)]	Train Loss: 2.306630	Val Loss: 1.866486	Val Acc: 59.53125
Train Epoch: 5 [1280/49000 (3%)]	Train Loss: 1.945178	Val Loss: 1.842719	Val Acc: 62.1875
Train Epoch: 5 [2560/49000 (5%)]	Train Loss: 1.851204	Val Loss: 1.894355	Val Acc: 56.5625
Train Epoch: 5 [3840/49000 (8%)]	Train Loss: 1.856268	Val Loss: 1.905632	Val Acc: 55.3125
Train Epoch: 5 [5120/49000 (10%)]	Train Loss: 1.887897	Val Loss: 1.861969	Val Acc: 59.375
Train Epoch: 5 [6400/49000 (13%)]	Train Loss: 1.920465	Val Loss: 1.893233	Val Acc: 57.34375
Train Epoch: 5 [7680/49000 (16%)]	Train Loss: 1.811895	Val Loss: 1.878361	Val Acc: 57.96875
Train Epoch: 5 [8960/49000 (18%)]	Train Loss: 1.949876	Val Loss: 1.905347	Val Acc: 54.53125
Train Epoch: 5 [10240/49000 (21%)]	Train Loss: 1.858347	Val Loss: 1.934399	Val Acc: 52.5
Train Epoch: 5 [11520/49000 (23%)]	Train Loss: 1.886600	Val Loss: 1.862011	Val Acc: 59.0625
Train Epoch: 5 [12800/49000 (26%)]	Train Loss: 1.920467	Val Loss: 1.966456	Val Acc: 49.375
Train Epoch: 5 [14080/49000 (29%)]	Train Loss: 1.920620	Val Loss: 1.886385	Val Acc: 57.65625
Train Epoch: 5 [15360/49000 (31%)]	Train Loss: 1.947349	Val Loss: 1.859805	Val Acc: 60.0
Train Epoch: 5 [16640/49000 (34%)]	Train Loss: 1.850723	Val Loss: 1.855529	Val Acc: 60.78125
Train Epoch: 5 [17920/49000 (37%)]	Train Loss: 1.972036	Val Loss: 1.953903	Val Acc: 50.0
Train Epoch: 5 [19200/49000 (39%)]	Train Loss: 1.952393	Val Loss: 1.890954	Val Acc: 57.65625
Train Epoch: 5 [20480/49000 (42%)]	Train Loss: 1.874629	Val Loss: 1.892944	Val Acc: 56.25
Train Epoch: 5 [21760/49000 (44%)]	Train Loss: 1.872912	Val Loss: 1.876685	Val Acc: 58.75
Train Epoch: 5 [23040/49000 (47%)]	Train Loss: 1.987685	Val Loss: 1.866933	Val Acc: 58.90625
Train Epoch: 5 [24320/49000 (50%)]	Train Loss: 1.891278	Val Loss: 1.893251	Val Acc: 56.875
Train Epoch: 5 [25600/49000 (52%)]	Train Loss: 1.867653	Val Loss: 1.884226	Val Acc: 58.28125
Train Epoch: 5 [26880/49000 (55%)]	Train Loss: 1.910413	Val Loss: 1.868467	Val Acc: 58.90625
Train Epoch: 5 [28160/49000 (57%)]	Train Loss: 1.861566	Val Loss: 1.863239	Val Acc: 60.0
Train Epoch: 5 [29440/49000 (60%)]	Train Loss: 1.918272	Val Loss: 1.847772	Val Acc: 61.25
Train Epoch: 5 [30720/49000 (63%)]	Train Loss: 1.852732	Val Loss: 1.843288	Val Acc: 62.1875
Train Epoch: 5 [32000/49000 (65%)]	Train Loss: 1.910335	Val Loss: 1.898402	Val Acc: 56.40625
Train Epoch: 5 [33280/49000 (68%)]	Train Loss: 1.913212	Val Loss: 1.921870	Val Acc: 54.0625
Train Epoch: 5 [34560/49000 (70%)]	Train Loss: 1.897003	Val Loss: 1.875039	Val Acc: 57.96875
Train Epoch: 5 [35840/49000 (73%)]	Train Loss: 1.907257	Val Loss: 1.866647	Val Acc: 59.53125
Train Epoch: 5 [37120/49000 (76%)]	Train Loss: 1.936985	Val Loss: 1.898829	Val Acc: 55.0
Train Epoch: 5 [38400/49000 (78%)]	Train Loss: 1.791962	Val Loss: 1.841745	Val Acc: 61.40625
Train Epoch: 5 [39680/49000 (81%)]	Train Loss: 1.885584	Val Loss: 1.872549	Val Acc: 59.0625
Train Epoch: 5 [40960/49000 (84%)]	Train Loss: 1.886110	Val Loss: 1.873339	Val Acc: 58.90625
Train Epoch: 5 [42240/49000 (86%)]	Train Loss: 1.861518	Val Loss: 1.807230	Val Acc: 65.0
Train Epoch: 5 [43520/49000 (89%)]	Train Loss: 1.819326	Val Loss: 1.902515	Val Acc: 55.625
Train Epoch: 5 [44800/49000 (91%)]	Train Loss: 1.892672	Val Loss: 1.860553	Val Acc: 60.46875
Train Epoch: 5 [46080/49000 (94%)]	Train Loss: 1.944772	Val Loss: 1.906880	Val Acc: 55.0
Train Epoch: 5 [47360/49000 (97%)]	Train Loss: 1.908555	Val Loss: 1.874634	Val Acc: 58.59375
Train Epoch: 5 [48640/49000 (99%)]	Train Loss: 1.863705	Val Loss: 1.854983	Val Acc: 60.3125
check 5

test set: Average loss: 1.8964, Accuracy: 5611/10000 (56%)

