Files already downloaded and verified
Files already downloaded and verified
Files already downloaded and verified
check 4
sruthi check 2
sruthi check 6
Train Epoch: 1 [0/49000 (0%)]	Train Loss: 2.302558	Val Loss: 2.301466	Val Acc: 10.300000190734863
Train Epoch: 1 [2560/49000 (5%)]	Train Loss: 2.302460	Val Loss: 2.300205	Val Acc: 12.100000381469727
Train Epoch: 1 [5120/49000 (10%)]	Train Loss: 2.300723	Val Loss: 2.297911	Val Acc: 12.300000190734863
Train Epoch: 1 [7680/49000 (16%)]	Train Loss: 2.299096	Val Loss: 2.295358	Val Acc: 13.5
Train Epoch: 1 [10240/49000 (21%)]	Train Loss: 2.292549	Val Loss: 2.292468	Val Acc: 14.800000190734863
Train Epoch: 1 [12800/49000 (26%)]	Train Loss: 2.294605	Val Loss: 2.289085	Val Acc: 14.5
Train Epoch: 1 [15360/49000 (31%)]	Train Loss: 2.289825	Val Loss: 2.285550	Val Acc: 13.899999618530273
Train Epoch: 1 [17920/49000 (36%)]	Train Loss: 2.289347	Val Loss: 2.281763	Val Acc: 12.600000381469727
Train Epoch: 1 [20480/49000 (42%)]	Train Loss: 2.279418	Val Loss: 2.277892	Val Acc: 14.399999618530273
Train Epoch: 1 [23040/49000 (47%)]	Train Loss: 2.283270	Val Loss: 2.273466	Val Acc: 19.100000381469727
Train Epoch: 1 [25600/49000 (52%)]	Train Loss: 2.267321	Val Loss: 2.268640	Val Acc: 22.799999237060547
Train Epoch: 1 [28160/49000 (57%)]	Train Loss: 2.267002	Val Loss: 2.263191	Val Acc: 20.299999237060547
Train Epoch: 1 [30720/49000 (62%)]	Train Loss: 2.259815	Val Loss: 2.257378	Val Acc: 20.899999618530273
Train Epoch: 1 [33280/49000 (68%)]	Train Loss: 2.245674	Val Loss: 2.251468	Val Acc: 22.5
Train Epoch: 1 [35840/49000 (73%)]	Train Loss: 2.235130	Val Loss: 2.243721	Val Acc: 23.5
Train Epoch: 1 [38400/49000 (78%)]	Train Loss: 2.242703	Val Loss: 2.237602	Val Acc: 23.600000381469727
Train Epoch: 1 [40960/49000 (83%)]	Train Loss: 2.231184	Val Loss: 2.229170	Val Acc: 26.200000762939453
Train Epoch: 1 [43520/49000 (89%)]	Train Loss: 2.220148	Val Loss: 2.221794	Val Acc: 26.899999618530273
Train Epoch: 1 [46080/49000 (94%)]	Train Loss: 2.210455	Val Loss: 2.213868	Val Acc: 26.399999618530273
Train Epoch: 1 [48640/49000 (99%)]	Train Loss: 2.211015	Val Loss: 2.208847	Val Acc: 27.899999618530273
check 4
sruthi check 2
sruthi check 6
Train Epoch: 2 [0/49000 (0%)]	Train Loss: 2.261490	Val Loss: 2.208543	Val Acc: 30.700000762939453
Train Epoch: 2 [2560/49000 (5%)]	Train Loss: 2.195308	Val Loss: 2.196654	Val Acc: 29.799999237060547
Train Epoch: 2 [5120/49000 (10%)]	Train Loss: 2.204294	Val Loss: 2.185974	Val Acc: 28.799999237060547
Train Epoch: 2 [7680/49000 (16%)]	Train Loss: 2.171996	Val Loss: 2.172449	Val Acc: 32.0
Train Epoch: 2 [10240/49000 (21%)]	Train Loss: 2.163999	Val Loss: 2.161587	Val Acc: 33.79999923706055
Train Epoch: 2 [12800/49000 (26%)]	Train Loss: 2.129680	Val Loss: 2.152269	Val Acc: 35.599998474121094
Train Epoch: 2 [15360/49000 (31%)]	Train Loss: 2.118623	Val Loss: 2.139685	Val Acc: 36.79999923706055
Train Epoch: 2 [17920/49000 (36%)]	Train Loss: 2.106043	Val Loss: 2.128633	Val Acc: 38.5
Train Epoch: 2 [20480/49000 (42%)]	Train Loss: 2.120333	Val Loss: 2.118095	Val Acc: 41.900001525878906
Train Epoch: 2 [23040/49000 (47%)]	Train Loss: 2.082606	Val Loss: 2.106912	Val Acc: 42.79999923706055
Train Epoch: 2 [25600/49000 (52%)]	Train Loss: 2.081633	Val Loss: 2.095417	Val Acc: 43.20000076293945
Train Epoch: 2 [28160/49000 (57%)]	Train Loss: 2.094640	Val Loss: 2.085226	Val Acc: 44.79999923706055
Train Epoch: 2 [30720/49000 (62%)]	Train Loss: 2.084284	Val Loss: 2.072821	Val Acc: 46.29999923706055
Train Epoch: 2 [33280/49000 (68%)]	Train Loss: 2.049211	Val Loss: 2.059804	Val Acc: 47.5
Train Epoch: 2 [35840/49000 (73%)]	Train Loss: 2.042100	Val Loss: 2.053465	Val Acc: 47.900001525878906
Train Epoch: 2 [38400/49000 (78%)]	Train Loss: 2.037134	Val Loss: 2.042570	Val Acc: 48.099998474121094
Train Epoch: 2 [40960/49000 (83%)]	Train Loss: 2.023801	Val Loss: 2.031951	Val Acc: 50.599998474121094
Train Epoch: 2 [43520/49000 (89%)]	Train Loss: 2.030757	Val Loss: 2.021971	Val Acc: 52.20000076293945
Train Epoch: 2 [46080/49000 (94%)]	Train Loss: 2.044251	Val Loss: 2.011456	Val Acc: 51.70000076293945
Train Epoch: 2 [48640/49000 (99%)]	Train Loss: 2.007241	Val Loss: 2.007333	Val Acc: 53.599998474121094
check 4
sruthi check 2
sruthi check 6
Train Epoch: 3 [0/49000 (0%)]	Train Loss: 2.149852	Val Loss: 1.980182	Val Acc: 56.5
Train Epoch: 3 [2560/49000 (5%)]	Train Loss: 1.993890	Val Loss: 1.963049	Val Acc: 55.29999923706055
Train Epoch: 3 [5120/49000 (10%)]	Train Loss: 1.942913	Val Loss: 1.949847	Val Acc: 58.29999923706055
Train Epoch: 3 [7680/49000 (16%)]	Train Loss: 1.953907	Val Loss: 1.943523	Val Acc: 57.70000076293945
Train Epoch: 3 [10240/49000 (21%)]	Train Loss: 1.955544	Val Loss: 1.932606	Val Acc: 59.29999923706055
Train Epoch: 3 [12800/49000 (26%)]	Train Loss: 1.919044	Val Loss: 1.925307	Val Acc: 61.099998474121094
Train Epoch: 3 [15360/49000 (31%)]	Train Loss: 1.929579	Val Loss: 1.919178	Val Acc: 60.5
Train Epoch: 3 [17920/49000 (36%)]	Train Loss: 1.933365	Val Loss: 1.915990	Val Acc: 62.5
Train Epoch: 3 [20480/49000 (42%)]	Train Loss: 1.899307	Val Loss: 1.904319	Val Acc: 61.400001525878906
Train Epoch: 3 [23040/49000 (47%)]	Train Loss: 1.947618	Val Loss: 1.897746	Val Acc: 62.29999923706055
Train Epoch: 3 [25600/49000 (52%)]	Train Loss: 1.891234	Val Loss: 1.891324	Val Acc: 62.900001525878906
Train Epoch: 3 [28160/49000 (57%)]	Train Loss: 1.890867	Val Loss: 1.883126	Val Acc: 64.0
Train Epoch: 3 [30720/49000 (62%)]	Train Loss: 1.931667	Val Loss: 1.880269	Val Acc: 64.19999694824219
Train Epoch: 3 [33280/49000 (68%)]	Train Loss: 1.880362	Val Loss: 1.877240	Val Acc: 64.19999694824219
Train Epoch: 3 [35840/49000 (73%)]	Train Loss: 1.865184	Val Loss: 1.869401	Val Acc: 63.79999923706055
Train Epoch: 3 [38400/49000 (78%)]	Train Loss: 1.866265	Val Loss: 1.864348	Val Acc: 65.5999984741211
Train Epoch: 3 [40960/49000 (83%)]	Train Loss: 1.863814	Val Loss: 1.861862	Val Acc: 65.4000015258789
Train Epoch: 3 [43520/49000 (89%)]	Train Loss: 1.873700	Val Loss: 1.859278	Val Acc: 65.19999694824219
Train Epoch: 3 [46080/49000 (94%)]	Train Loss: 1.860874	Val Loss: 1.855182	Val Acc: 65.5999984741211
Train Epoch: 3 [48640/49000 (99%)]	Train Loss: 1.872687	Val Loss: 1.854262	Val Acc: 65.4000015258789
check 4
sruthi check 2
sruthi check 6
Train Epoch: 4 [0/49000 (0%)]	Train Loss: 2.078415	Val Loss: 1.832328	Val Acc: 68.0999984741211
Train Epoch: 4 [2560/49000 (5%)]	Train Loss: 1.856663	Val Loss: 1.823835	Val Acc: 68.80000305175781
Train Epoch: 4 [5120/49000 (10%)]	Train Loss: 1.836700	Val Loss: 1.818152	Val Acc: 69.4000015258789
Train Epoch: 4 [7680/49000 (16%)]	Train Loss: 1.844580	Val Loss: 1.820191	Val Acc: 68.80000305175781
Train Epoch: 4 [10240/49000 (21%)]	Train Loss: 1.815155	Val Loss: 1.808655	Val Acc: 70.19999694824219
Train Epoch: 4 [12800/49000 (26%)]	Train Loss: 1.849285	Val Loss: 1.811847	Val Acc: 69.19999694824219
Train Epoch: 4 [15360/49000 (31%)]	Train Loss: 1.805354	Val Loss: 1.804939	Val Acc: 69.80000305175781
Train Epoch: 4 [17920/49000 (36%)]	Train Loss: 1.798074	Val Loss: 1.802707	Val Acc: 70.80000305175781
Train Epoch: 4 [20480/49000 (42%)]	Train Loss: 1.788293	Val Loss: 1.799950	Val Acc: 70.5
Train Epoch: 4 [23040/49000 (47%)]	Train Loss: 1.787197	Val Loss: 1.796189	Val Acc: 70.9000015258789
Train Epoch: 4 [25600/49000 (52%)]	Train Loss: 1.824896	Val Loss: 1.800273	Val Acc: 70.0999984741211
Train Epoch: 4 [28160/49000 (57%)]	Train Loss: 1.788519	Val Loss: 1.793552	Val Acc: 70.69999694824219
Train Epoch: 4 [30720/49000 (62%)]	Train Loss: 1.769058	Val Loss: 1.792954	Val Acc: 70.5999984741211
Train Epoch: 4 [33280/49000 (68%)]	Train Loss: 1.801388	Val Loss: 1.794540	Val Acc: 71.5999984741211
Train Epoch: 4 [35840/49000 (73%)]	Train Loss: 1.819012	Val Loss: 1.785932	Val Acc: 71.4000015258789
Train Epoch: 4 [38400/49000 (78%)]	Train Loss: 1.831236	Val Loss: 1.788499	Val Acc: 71.30000305175781
Train Epoch: 4 [40960/49000 (83%)]	Train Loss: 1.761041	Val Loss: 1.783498	Val Acc: 71.0999984741211
Train Epoch: 4 [43520/49000 (89%)]	Train Loss: 1.768331	Val Loss: 1.779187	Val Acc: 72.5
Train Epoch: 4 [46080/49000 (94%)]	Train Loss: 1.779108	Val Loss: 1.781465	Val Acc: 72.0999984741211
Train Epoch: 4 [48640/49000 (99%)]	Train Loss: 1.782836	Val Loss: 1.779832	Val Acc: 71.0
check 4
sruthi check 2
sruthi check 6
Train Epoch: 5 [0/49000 (0%)]	Train Loss: 1.998198	Val Loss: 1.761775	Val Acc: 74.19999694824219
Train Epoch: 5 [2560/49000 (5%)]	Train Loss: 1.746798	Val Loss: 1.755205	Val Acc: 73.5
Train Epoch: 5 [5120/49000 (10%)]	Train Loss: 1.786245	Val Loss: 1.764520	Val Acc: 72.80000305175781
Train Epoch: 5 [7680/49000 (16%)]	Train Loss: 1.754189	Val Loss: 1.750542	Val Acc: 74.80000305175781
Train Epoch: 5 [10240/49000 (21%)]	Train Loss: 1.766839	Val Loss: 1.750759	Val Acc: 75.5999984741211
Train Epoch: 5 [12800/49000 (26%)]	Train Loss: 1.748708	Val Loss: 1.751607	Val Acc: 74.5999984741211
Train Epoch: 5 [15360/49000 (31%)]	Train Loss: 1.759477	Val Loss: 1.745804	Val Acc: 75.5
Train Epoch: 5 [17920/49000 (36%)]	Train Loss: 1.799221	Val Loss: 1.751849	Val Acc: 73.69999694824219
Train Epoch: 5 [20480/49000 (42%)]	Train Loss: 1.723742	Val Loss: 1.745873	Val Acc: 75.4000015258789
Train Epoch: 5 [23040/49000 (47%)]	Train Loss: 1.716905	Val Loss: 1.742840	Val Acc: 75.69999694824219
Train Epoch: 5 [25600/49000 (52%)]	Train Loss: 1.708069	Val Loss: 1.745369	Val Acc: 75.69999694824219
Train Epoch: 5 [28160/49000 (57%)]	Train Loss: 1.718068	Val Loss: 1.744861	Val Acc: 73.69999694824219
Train Epoch: 5 [30720/49000 (62%)]	Train Loss: 1.745924	Val Loss: 1.737929	Val Acc: 76.30000305175781
Train Epoch: 5 [33280/49000 (68%)]	Train Loss: 1.735746	Val Loss: 1.738707	Val Acc: 75.69999694824219
Train Epoch: 5 [35840/49000 (73%)]	Train Loss: 1.740898	Val Loss: 1.741044	Val Acc: 74.9000015258789
Train Epoch: 5 [38400/49000 (78%)]	Train Loss: 1.758509	Val Loss: 1.741742	Val Acc: 75.30000305175781
Train Epoch: 5 [40960/49000 (83%)]	Train Loss: 1.776854	Val Loss: 1.733014	Val Acc: 75.80000305175781
Train Epoch: 5 [43520/49000 (89%)]	Train Loss: 1.760817	Val Loss: 1.737183	Val Acc: 75.5999984741211
Train Epoch: 5 [46080/49000 (94%)]	Train Loss: 1.771613	Val Loss: 1.733224	Val Acc: 76.19999694824219
Train Epoch: 5 [48640/49000 (99%)]	Train Loss: 1.770748	Val Loss: 1.731788	Val Acc: 76.0
check 5

test set: Average loss: 1.7440, Accuracy: 7383/10000 (74%)

