Files already downloaded and verified
Files already downloaded and verified
Files already downloaded and verified
check 4
sruthi check 2
sruthi check 6
Train Epoch: 1 [0/49000 (0%)]	Train Loss: 2.302558	Val Loss: 2.301462	Val Acc: 10.199999809265137
Train Epoch: 1 [2560/49000 (5%)]	Train Loss: 2.299673	Val Loss: 2.295123	Val Acc: 15.199999809265137
Train Epoch: 1 [5120/49000 (10%)]	Train Loss: 2.280672	Val Loss: 2.272541	Val Acc: 12.800000190734863
Train Epoch: 1 [7680/49000 (16%)]	Train Loss: 2.221455	Val Loss: 2.202784	Val Acc: 28.299999237060547
Train Epoch: 1 [10240/49000 (21%)]	Train Loss: 2.323016	Val Loss: 2.298333	Val Acc: 15.0
Train Epoch: 1 [12800/49000 (26%)]	Train Loss: 2.253013	Val Loss: 2.231121	Val Acc: 20.600000381469727
Train Epoch: 1 [15360/49000 (31%)]	Train Loss: 2.211914	Val Loss: 2.152822	Val Acc: 33.900001525878906
Train Epoch: 1 [17920/49000 (36%)]	Train Loss: 2.123627	Val Loss: 2.100630	Val Acc: 33.400001525878906
Train Epoch: 1 [20480/49000 (42%)]	Train Loss: 2.101863	Val Loss: 2.064688	Val Acc: 40.099998474121094
Train Epoch: 1 [23040/49000 (47%)]	Train Loss: 1.990653	Val Loss: 2.017529	Val Acc: 44.099998474121094
Train Epoch: 1 [25600/49000 (52%)]	Train Loss: 2.068950	Val Loss: 2.021320	Val Acc: 45.79999923706055
Train Epoch: 1 [28160/49000 (57%)]	Train Loss: 2.004943	Val Loss: 1.929887	Val Acc: 54.099998474121094
Train Epoch: 1 [30720/49000 (62%)]	Train Loss: 2.005927	Val Loss: 1.945884	Val Acc: 52.0
Train Epoch: 1 [33280/49000 (68%)]	Train Loss: 1.929778	Val Loss: 1.950349	Val Acc: 51.20000076293945
Train Epoch: 1 [35840/49000 (73%)]	Train Loss: 1.890162	Val Loss: 1.912069	Val Acc: 55.0
Train Epoch: 1 [38400/49000 (78%)]	Train Loss: 1.814472	Val Loss: 1.860854	Val Acc: 60.70000076293945
Train Epoch: 1 [40960/49000 (83%)]	Train Loss: 1.819736	Val Loss: 1.837472	Val Acc: 62.599998474121094
Train Epoch: 1 [43520/49000 (89%)]	Train Loss: 1.761417	Val Loss: 1.792962	Val Acc: 66.80000305175781
Train Epoch: 1 [46080/49000 (94%)]	Train Loss: 1.742656	Val Loss: 1.794181	Val Acc: 67.4000015258789
Train Epoch: 1 [48640/49000 (99%)]	Train Loss: 1.813289	Val Loss: 1.784967	Val Acc: 68.0999984741211
check 4
sruthi check 2
sruthi check 6
Train Epoch: 2 [0/49000 (0%)]	Train Loss: 2.127783	Val Loss: 1.823412	Val Acc: 64.80000305175781
Train Epoch: 2 [2560/49000 (5%)]	Train Loss: 1.778862	Val Loss: 1.793863	Val Acc: 66.0
Train Epoch: 2 [5120/49000 (10%)]	Train Loss: 1.776677	Val Loss: 1.779397	Val Acc: 68.5
Train Epoch: 2 [7680/49000 (16%)]	Train Loss: 1.701812	Val Loss: 1.757300	Val Acc: 71.19999694824219
Train Epoch: 2 [10240/49000 (21%)]	Train Loss: 1.745358	Val Loss: 1.712669	Val Acc: 75.4000015258789
Train Epoch: 2 [12800/49000 (26%)]	Train Loss: 1.758580	Val Loss: 1.719566	Val Acc: 74.19999694824219
Train Epoch: 2 [15360/49000 (31%)]	Train Loss: 1.682188	Val Loss: 1.729734	Val Acc: 72.30000305175781
Train Epoch: 2 [17920/49000 (36%)]	Train Loss: 1.719003	Val Loss: 1.777764	Val Acc: 67.80000305175781
Train Epoch: 2 [20480/49000 (42%)]	Train Loss: 1.702767	Val Loss: 1.722501	Val Acc: 74.4000015258789
Train Epoch: 2 [23040/49000 (47%)]	Train Loss: 1.695760	Val Loss: 1.731945	Val Acc: 73.5
Train Epoch: 2 [25600/49000 (52%)]	Train Loss: 1.718766	Val Loss: 1.703810	Val Acc: 76.0
Train Epoch: 2 [28160/49000 (57%)]	Train Loss: 1.660959	Val Loss: 1.700123	Val Acc: 76.30000305175781
Train Epoch: 2 [30720/49000 (62%)]	Train Loss: 1.679780	Val Loss: 1.718028	Val Acc: 74.69999694824219
Train Epoch: 2 [33280/49000 (68%)]	Train Loss: 1.713631	Val Loss: 1.693364	Val Acc: 76.9000015258789
Train Epoch: 2 [35840/49000 (73%)]	Train Loss: 1.666481	Val Loss: 1.715111	Val Acc: 75.0
Train Epoch: 2 [38400/49000 (78%)]	Train Loss: 1.677407	Val Loss: 1.687872	Val Acc: 77.5
Train Epoch: 2 [40960/49000 (83%)]	Train Loss: 1.680132	Val Loss: 1.685044	Val Acc: 78.0
Train Epoch: 2 [43520/49000 (89%)]	Train Loss: 1.645169	Val Loss: 1.697466	Val Acc: 76.4000015258789
Train Epoch: 2 [46080/49000 (94%)]	Train Loss: 1.734489	Val Loss: 1.709796	Val Acc: 74.9000015258789
Train Epoch: 2 [48640/49000 (99%)]	Train Loss: 1.665121	Val Loss: 1.679614	Val Acc: 78.4000015258789
check 4
sruthi check 2
sruthi check 6
Train Epoch: 3 [0/49000 (0%)]	Train Loss: 1.902465	Val Loss: 1.800261	Val Acc: 66.0999984741211
Train Epoch: 3 [2560/49000 (5%)]	Train Loss: 1.719779	Val Loss: 1.696275	Val Acc: 76.69999694824219
Train Epoch: 3 [5120/49000 (10%)]	Train Loss: 1.631865	Val Loss: 1.683854	Val Acc: 78.0999984741211
Train Epoch: 3 [7680/49000 (16%)]	Train Loss: 1.655497	Val Loss: 1.676135	Val Acc: 78.5999984741211
Train Epoch: 3 [10240/49000 (21%)]	Train Loss: 1.707881	Val Loss: 1.674566	Val Acc: 79.19999694824219
Train Epoch: 3 [12800/49000 (26%)]	Train Loss: 1.696446	Val Loss: 1.680002	Val Acc: 78.30000305175781
Train Epoch: 3 [15360/49000 (31%)]	Train Loss: 1.637214	Val Loss: 1.672803	Val Acc: 79.0
Train Epoch: 3 [17920/49000 (36%)]	Train Loss: 1.632496	Val Loss: 1.674748	Val Acc: 78.80000305175781
Train Epoch: 3 [20480/49000 (42%)]	Train Loss: 1.665892	Val Loss: 1.673731	Val Acc: 78.69999694824219
Train Epoch: 3 [23040/49000 (47%)]	Train Loss: 1.643313	Val Loss: 1.660749	Val Acc: 80.19999694824219
Train Epoch: 3 [25600/49000 (52%)]	Train Loss: 1.669658	Val Loss: 1.663040	Val Acc: 80.0
Train Epoch: 3 [28160/49000 (57%)]	Train Loss: 1.623556	Val Loss: 1.684297	Val Acc: 77.69999694824219
Train Epoch: 3 [30720/49000 (62%)]	Train Loss: 1.659313	Val Loss: 1.658370	Val Acc: 80.4000015258789
Train Epoch: 3 [33280/49000 (68%)]	Train Loss: 1.644340	Val Loss: 1.675091	Val Acc: 78.9000015258789
Train Epoch: 3 [35840/49000 (73%)]	Train Loss: 1.650775	Val Loss: 1.678343	Val Acc: 78.30000305175781
Train Epoch: 3 [38400/49000 (78%)]	Train Loss: 1.672410	Val Loss: 1.667980	Val Acc: 79.19999694824219
Train Epoch: 3 [40960/49000 (83%)]	Train Loss: 1.679837	Val Loss: 1.667834	Val Acc: 79.5
Train Epoch: 3 [43520/49000 (89%)]	Train Loss: 1.640985	Val Loss: 1.650958	Val Acc: 81.0999984741211
Train Epoch: 3 [46080/49000 (94%)]	Train Loss: 1.633512	Val Loss: 1.664795	Val Acc: 79.5999984741211
Train Epoch: 3 [48640/49000 (99%)]	Train Loss: 1.645608	Val Loss: 1.656471	Val Acc: 80.4000015258789
check 4
sruthi check 2
sruthi check 6
Train Epoch: 4 [0/49000 (0%)]	Train Loss: 1.834202	Val Loss: 1.675644	Val Acc: 78.80000305175781
Train Epoch: 4 [2560/49000 (5%)]	Train Loss: 1.659351	Val Loss: 1.658212	Val Acc: 80.30000305175781
Train Epoch: 4 [5120/49000 (10%)]	Train Loss: 1.672275	Val Loss: 1.689838	Val Acc: 77.4000015258789
Train Epoch: 4 [7680/49000 (16%)]	Train Loss: 1.669455	Val Loss: 1.652599	Val Acc: 81.0
Train Epoch: 4 [10240/49000 (21%)]	Train Loss: 1.664060	Val Loss: 1.673094	Val Acc: 78.5999984741211
Train Epoch: 4 [12800/49000 (26%)]	Train Loss: 1.626675	Val Loss: 1.638537	Val Acc: 82.69999694824219
Train Epoch: 4 [15360/49000 (31%)]	Train Loss: 1.676261	Val Loss: 1.653067	Val Acc: 80.5999984741211
Train Epoch: 4 [17920/49000 (36%)]	Train Loss: 1.648713	Val Loss: 1.654552	Val Acc: 80.9000015258789
Train Epoch: 4 [20480/49000 (42%)]	Train Loss: 1.607620	Val Loss: 1.637495	Val Acc: 82.19999694824219
Train Epoch: 4 [23040/49000 (47%)]	Train Loss: 1.695720	Val Loss: 1.642874	Val Acc: 81.80000305175781
Train Epoch: 4 [25600/49000 (52%)]	Train Loss: 1.633166	Val Loss: 1.641371	Val Acc: 82.0
Train Epoch: 4 [28160/49000 (57%)]	Train Loss: 1.616876	Val Loss: 1.644619	Val Acc: 81.5999984741211
Train Epoch: 4 [30720/49000 (62%)]	Train Loss: 1.630532	Val Loss: 1.677812	Val Acc: 78.4000015258789
Train Epoch: 4 [33280/49000 (68%)]	Train Loss: 1.643597	Val Loss: 1.655940	Val Acc: 80.69999694824219
Train Epoch: 4 [35840/49000 (73%)]	Train Loss: 1.684527	Val Loss: 1.660032	Val Acc: 80.0999984741211
Train Epoch: 4 [38400/49000 (78%)]	Train Loss: 1.605140	Val Loss: 1.663238	Val Acc: 79.5999984741211
Train Epoch: 4 [40960/49000 (83%)]	Train Loss: 1.630460	Val Loss: 1.650216	Val Acc: 81.19999694824219
Train Epoch: 4 [43520/49000 (89%)]	Train Loss: 1.615805	Val Loss: 1.657535	Val Acc: 80.69999694824219
Train Epoch: 4 [46080/49000 (94%)]	Train Loss: 1.654940	Val Loss: 1.653336	Val Acc: 80.30000305175781
Train Epoch: 4 [48640/49000 (99%)]	Train Loss: 1.626450	Val Loss: 1.647310	Val Acc: 81.19999694824219
check 4
sruthi check 2
sruthi check 6
Train Epoch: 5 [0/49000 (0%)]	Train Loss: 1.749258	Val Loss: 1.653177	Val Acc: 80.5999984741211
Train Epoch: 5 [2560/49000 (5%)]	Train Loss: 1.618592	Val Loss: 1.642363	Val Acc: 82.30000305175781
Train Epoch: 5 [5120/49000 (10%)]	Train Loss: 1.614881	Val Loss: 1.652441	Val Acc: 80.9000015258789
Train Epoch: 5 [7680/49000 (16%)]	Train Loss: 1.597227	Val Loss: 1.640049	Val Acc: 82.30000305175781
Train Epoch: 5 [10240/49000 (21%)]	Train Loss: 1.552663	Val Loss: 1.645538	Val Acc: 81.30000305175781
Train Epoch: 5 [12800/49000 (26%)]	Train Loss: 1.602497	Val Loss: 1.654388	Val Acc: 80.5999984741211
Train Epoch: 5 [15360/49000 (31%)]	Train Loss: 1.653759	Val Loss: 1.649380	Val Acc: 81.30000305175781
Train Epoch: 5 [17920/49000 (36%)]	Train Loss: 1.602105	Val Loss: 1.638939	Val Acc: 82.30000305175781
Train Epoch: 5 [20480/49000 (42%)]	Train Loss: 1.566713	Val Loss: 1.651319	Val Acc: 81.0
Train Epoch: 5 [23040/49000 (47%)]	Train Loss: 1.646013	Val Loss: 1.632011	Val Acc: 83.4000015258789
Train Epoch: 5 [25600/49000 (52%)]	Train Loss: 1.637652	Val Loss: 1.643694	Val Acc: 82.0
Train Epoch: 5 [28160/49000 (57%)]	Train Loss: 1.596759	Val Loss: 1.637427	Val Acc: 82.4000015258789
Train Epoch: 5 [30720/49000 (62%)]	Train Loss: 1.635172	Val Loss: 1.642551	Val Acc: 81.80000305175781
Train Epoch: 5 [33280/49000 (68%)]	Train Loss: 1.592317	Val Loss: 1.635170	Val Acc: 82.69999694824219
Train Epoch: 5 [35840/49000 (73%)]	Train Loss: 1.624201	Val Loss: 1.634743	Val Acc: 82.19999694824219
Train Epoch: 5 [38400/49000 (78%)]	Train Loss: 1.605993	Val Loss: 1.648003	Val Acc: 81.5
Train Epoch: 5 [40960/49000 (83%)]	Train Loss: 1.615372	Val Loss: 1.651183	Val Acc: 80.9000015258789
Train Epoch: 5 [43520/49000 (89%)]	Train Loss: 1.603000	Val Loss: 1.634237	Val Acc: 82.5
Train Epoch: 5 [46080/49000 (94%)]	Train Loss: 1.602741	Val Loss: 1.630307	Val Acc: 83.0999984741211
Train Epoch: 5 [48640/49000 (99%)]	Train Loss: 1.626401	Val Loss: 1.645576	Val Acc: 81.5
check 5

test set: Average loss: 1.6359, Accuracy: 8257/10000 (83%)

